<?xml version="1.0" encoding="UTF-8"?>
<coverage generated="1775606089876" clover="3.2.0">
  <project timestamp="1775606089876" name="All files">
    <metrics statements="1876" coveredstatements="1779" conditionals="1150" coveredconditionals="935" methods="382" coveredmethods="378" elements="3408" coveredelements="3092" complexity="0" loc="1876" ncloc="1876" packages="8" files="24" classes="24"/>
    <package name="src.chunking">
      <metrics statements="78" coveredstatements="78" conditionals="58" coveredconditionals="58" methods="7" coveredmethods="7"/>
      <file name="adaptive.ts" path="/Volumes/128GBSSD/Projects/indexer-cli/src/chunking/adaptive.ts">
        <metrics statements="17" coveredstatements="17" conditionals="14" coveredconditionals="14" methods="1" coveredmethods="1"/>
        <line num="17" count="7" type="stmt"/>
        <line num="18" count="7" type="cond" truecount="4" falsecount="0"/>
        <line num="19" count="2" type="stmt"/>
        <line num="22" count="5" type="cond" truecount="2" falsecount="0"/>
        <line num="23" count="1" type="stmt"/>
        <line num="33" count="4" type="stmt"/>
        <line num="34" count="4" type="cond" truecount="2" falsecount="0"/>
        <line num="35" count="7" type="stmt"/>
        <line num="37" count="7" type="stmt"/>
        <line num="38" count="9" type="stmt"/>
        <line num="39" count="9" type="stmt"/>
        <line num="40" count="9" type="cond" truecount="2" falsecount="0"/>
        <line num="41" count="1" type="stmt"/>
        <line num="44" count="8" type="stmt"/>
        <line num="51" count="9" type="cond" truecount="2" falsecount="0"/>
        <line num="52" count="3" type="stmt"/>
        <line num="56" count="4" type="stmt"/>
      </file>
      <file name="function.ts" path="/Volumes/128GBSSD/Projects/indexer-cli/src/chunking/function.ts">
        <metrics statements="44" coveredstatements="44" conditionals="40" coveredconditionals="40" methods="4" coveredmethods="4"/>
        <line num="6" count="6" type="stmt"/>
        <line num="7" count="6" type="stmt"/>
        <line num="9" count="6" type="stmt"/>
        <line num="10" count="6" type="stmt"/>
        <line num="11" count="6" type="stmt"/>
        <line num="13" count="6" type="stmt"/>
        <line num="14" count="10" type="cond" truecount="4" falsecount="0"/>
        <line num="15" count="3" type="stmt"/>
        <line num="16" count="3" type="stmt"/>
        <line num="17" count="3" type="stmt"/>
        <line num="20" count="7" type="cond" truecount="4" falsecount="0"/>
        <line num="21" count="2" type="stmt"/>
        <line num="22" count="2" type="stmt"/>
        <line num="25" count="5" type="stmt"/>
        <line num="28" count="6" type="cond" truecount="2" falsecount="0"/>
        <line num="29" count="2" type="stmt"/>
        <line num="30" count="2" type="stmt"/>
        <line num="32" count="2" type="stmt"/>
        <line num="41" count="6" type="cond" truecount="2" falsecount="0"/>
        <line num="42" count="1" type="stmt"/>
        <line num="43" count="1" type="stmt"/>
        <line num="44" count="1" type="stmt"/>
        <line num="45" count="1" type="stmt"/>
        <line num="47" count="1" type="stmt"/>
        <line num="56" count="6" type="stmt"/>
        <line num="57" count="18" type="cond" truecount="2" falsecount="0"/>
        <line num="59" count="12" type="cond" truecount="2" falsecount="0"/>
        <line num="60" count="7" type="stmt"/>
        <line num="61" count="7" type="stmt"/>
        <line num="63" count="7" type="stmt"/>
        <line num="65" count="7" type="stmt"/>
        <line num="76" count="6" type="stmt"/>
        <line num="80" count="12" type="stmt"/>
        <line num="89" count="7" type="cond" truecount="4" falsecount="0"/>
        <line num="90" count="3" type="stmt"/>
        <line num="93" count="4" type="cond" truecount="4" falsecount="0"/>
        <line num="94" count="1" type="stmt"/>
        <line num="97" count="3" type="cond" truecount="2" falsecount="0"/>
        <line num="98" count="2" type="stmt"/>
        <line num="99" count="2" type="cond" truecount="4" falsecount="0"/>
        <line num="100" count="1" type="stmt"/>
        <line num="104" count="2" type="cond" truecount="4" falsecount="0"/>
        <line num="105" count="1" type="stmt"/>
        <line num="108" count="1" type="stmt"/>
      </file>
      <file name="module.ts" path="/Volumes/128GBSSD/Projects/indexer-cli/src/chunking/module.ts">
        <metrics statements="15" coveredstatements="15" conditionals="4" coveredconditionals="4" methods="1" coveredmethods="1"/>
        <line num="4" count="1" type="stmt"/>
        <line num="5" count="1" type="stmt"/>
        <line num="8" count="5" type="stmt"/>
        <line num="9" count="5" type="stmt"/>
        <line num="10" count="5" type="stmt"/>
        <line num="12" count="5" type="stmt"/>
        <line num="13" count="8" type="stmt"/>
        <line num="14" count="8" type="stmt"/>
        <line num="16" count="8" type="stmt"/>
        <line num="18" count="8" type="cond" truecount="2" falsecount="0"/>
        <line num="19" count="3" type="stmt"/>
        <line num="22" count="8" type="stmt"/>
        <line num="30" count="8" type="cond" truecount="2" falsecount="0"/>
        <line num="32" count="3" type="stmt"/>
        <line num="35" count="5" type="stmt"/>
      </file>
      <file name="single.ts" path="/Volumes/128GBSSD/Projects/indexer-cli/src/chunking/single.ts">
        <metrics statements="2" coveredstatements="2" conditionals="0" coveredconditionals="0" methods="1" coveredmethods="1"/>
        <line num="5" count="3" type="stmt"/>
        <line num="6" count="3" type="stmt"/>
      </file>
    </package>
    <package name="src.core">
      <metrics statements="76" coveredstatements="76" conditionals="56" coveredconditionals="52" methods="16" coveredmethods="16"/>
      <file name="config.ts" path="/Volumes/128GBSSD/Projects/indexer-cli/src/core/config.ts">
        <metrics statements="28" coveredstatements="28" conditionals="30" coveredconditionals="30" methods="4" coveredmethods="4"/>
        <line num="16" count="2" type="stmt"/>
        <line num="32" count="12" type="stmt"/>
        <line num="36" count="6" type="stmt"/>
        <line num="37" count="6" type="cond" truecount="2" falsecount="0"/>
        <line num="39" count="5" type="stmt"/>
        <line num="40" count="5" type="stmt"/>
        <line num="41" count="5" type="stmt"/>
        <line num="43" count="5" type="cond" truecount="2" falsecount="0"/>
        <line num="44" count="1" type="stmt"/>
        <line num="45" count="4" type="cond" truecount="2" falsecount="0"/>
        <line num="46" count="2" type="stmt"/>
        <line num="47" count="4" type="cond" truecount="2" falsecount="0"/>
        <line num="51" count="1" type="stmt"/>
        <line num="52" count="4" type="cond" truecount="4" falsecount="0"/>
        <line num="53" count="1" type="stmt"/>
        <line num="54" count="4" type="cond" truecount="2" falsecount="0"/>
        <line num="55" count="1" type="stmt"/>
        <line num="56" count="4" type="cond" truecount="4" falsecount="0"/>
        <line num="57" count="1" type="stmt"/>
        <line num="58" count="4" type="cond" truecount="2" falsecount="0"/>
        <line num="62" count="2" type="stmt"/>
        <line num="63" count="4" type="cond" truecount="2" falsecount="0"/>
        <line num="67" count="1" type="stmt"/>
        <line num="68" count="4" type="cond" truecount="2" falsecount="0"/>
        <line num="69" count="1" type="stmt"/>
        <line num="76" count="9" type="stmt"/>
        <line num="80" count="8" type="stmt"/>
        <line num="84" count="2" type="stmt"/>
      </file>
      <file name="logger.ts" path="/Volumes/128GBSSD/Projects/indexer-cli/src/core/logger.ts">
        <metrics statements="48" coveredstatements="48" conditionals="26" coveredconditionals="22" methods="12" coveredmethods="12"/>
        <line num="6" count="22" type="stmt"/>
        <line num="13" count="22" type="stmt"/>
        <line num="14" count="22" type="stmt"/>
        <line num="16" count="22" type="stmt"/>
        <line num="17" count="22" type="stmt"/>
        <line num="20" count="11" type="stmt"/>
        <line num="24" count="5" type="stmt"/>
        <line num="34" count="12" type="stmt"/>
        <line num="35" count="12" type="stmt"/>
        <line num="36" count="12" type="cond" truecount="2" falsecount="0"/>
        <line num="37" count="3" type="stmt"/>
        <line num="38" count="3" type="stmt"/>
        <line num="39" count="3" type="cond" truecount="4" falsecount="0"/>
        <line num="40" count="1" type="stmt"/>
        <line num="47" count="12" type="stmt"/>
        <line num="51" count="112" type="cond" truecount="1" falsecount="1"/>
        <line num="52" count="112" type="stmt"/>
        <line num="53" count="112" type="cond" truecount="1" falsecount="1"/>
        <line num="54" count="112" type="stmt"/>
        <line num="55" count="112" type="stmt"/>
        <line num="57" count="112" type="cond" truecount="1" falsecount="1"/>
        <line num="58" count="112" type="cond" truecount="2" falsecount="0"/>
        <line num="59" count="6" type="stmt"/>
        <line num="60" count="6" type="stmt"/>
        <line num="71" count="115" type="cond" truecount="2" falsecount="0"/>
        <line num="73" count="1" type="stmt"/>
        <line num="74" count="1" type="stmt"/>
        <line num="76" count="114" type="stmt"/>
        <line num="77" count="114" type="stmt"/>
        <line num="78" count="114" type="cond" truecount="2" falsecount="0"/>
        <line num="79" count="1" type="stmt"/>
        <line num="80" count="1" type="stmt"/>
        <line num="82" count="113" type="stmt"/>
        <line num="83" count="113" type="stmt"/>
        <line num="85" count="1" type="stmt"/>
        <line num="89" count="22" type="stmt"/>
        <line num="90" count="173" type="stmt"/>
        <line num="96" count="20" type="stmt"/>
        <line num="100" count="173" type="cond" truecount="2" falsecount="0"/>
        <line num="101" count="58" type="stmt"/>
        <line num="103" count="115" type="cond" truecount="2" falsecount="0"/>
        <line num="104" count="173" type="stmt"/>
        <line num="105" count="173" type="cond" truecount="2" falsecount="0"/>
        <line num="106" count="173" type="stmt"/>
        <line num="112" count="151" type="stmt"/>
        <line num="116" count="11" type="stmt"/>
        <line num="120" count="2" type="stmt"/>
        <line num="124" count="9" type="stmt"/>
      </file>
    </package>
    <package name="src.embedding">
      <metrics statements="118" coveredstatements="115" conditionals="58" coveredconditionals="52" methods="24" coveredmethods="23"/>
      <file name="ollama.ts" path="/Volumes/128GBSSD/Projects/indexer-cli/src/embedding/ollama.ts">
        <metrics statements="118" coveredstatements="115" conditionals="58" coveredconditionals="52" methods="24" coveredmethods="23"/>
        <line num="5" count="2" type="stmt"/>
        <line num="8" count="28" type="stmt"/>
        <line num="9" count="28" type="stmt"/>
        <line num="16" count="28" type="stmt"/>
        <line num="17" count="28" type="stmt"/>
        <line num="26" count="28" type="stmt"/>
        <line num="27" count="28" type="stmt"/>
        <line num="28" count="28" type="stmt"/>
        <line num="29" count="28" type="stmt"/>
        <line num="30" count="28" type="stmt"/>
        <line num="34" count="1" type="stmt"/>
        <line num="40" count="1" type="stmt"/>
        <line num="44" count="4" type="stmt"/>
        <line num="45" count="4" type="stmt"/>
        <line num="46" count="4" type="stmt"/>
        <line num="48" count="4" type="stmt"/>
        <line num="53" count="4" type="stmt"/>
        <line num="54" count="4" type="stmt"/>
        <line num="57" count="4" type="stmt"/>
        <line num="58" count="4" type="stmt"/>
        <line num="59" count="4" type="cond" truecount="1" falsecount="1"/>
        <line num="61" count="4" type="stmt"/>
        <line num="63" count="4" type="stmt"/>
        <line num="64" count="4" type="stmt"/>
        <line num="65" count="6" type="stmt"/>
        <line num="70" count="4" type="stmt"/>
        <line num="72" count="4" type="stmt"/>
        <line num="73" count="4" type="stmt"/>
        <line num="77" count="6" type="stmt"/>
        <line num="78" count="6" type="stmt"/>
        <line num="79" count="7" type="stmt"/>
        <line num="81" count="6" type="stmt"/>
        <line num="85" count="7" type="stmt"/>
        <line num="86" count="7" type="stmt"/>
        <line num="88" count="3" type="cond" truecount="2" falsecount="0"/>
        <line num="89" count="1" type="stmt"/>
        <line num="92" count="1" type="stmt"/>
        <line num="93" count="1" type="stmt"/>
        <line num="96" count="2" type="cond" truecount="2" falsecount="0"/>
        <line num="97" count="1" type="stmt"/>
        <line num="98" count="1" type="stmt"/>
        <line num="99" count="1" type="stmt"/>
        <line num="102" count="1" type="cond" truecount="1" falsecount="1"/>
        <line num="103" count="3" type="stmt"/>
        <line num="108" count="7" type="cond" truecount="3" falsecount="1"/>
        <line num="109" count="0" type="stmt"/>
        <line num="113" count="7" type="stmt"/>
        <line num="114" count="7" type="cond" truecount="2" falsecount="0"/>
        <line num="115" count="7" type="stmt"/>
        <line num="116" count="7" type="cond" truecount="2" falsecount="0"/>
        <line num="118" count="7" type="cond" truecount="2" falsecount="0"/>
        <line num="128" count="3" type="stmt"/>
        <line num="131" count="4" type="stmt"/>
        <line num="141" count="7" type="cond" truecount="2" falsecount="0"/>
        <line num="142" count="2" type="stmt"/>
        <line num="144" count="5" type="cond" truecount="4" falsecount="0"/>
        <line num="145" count="1" type="stmt"/>
        <line num="147" count="4" type="stmt"/>
        <line num="148" count="4" type="stmt"/>
        <line num="152" count="6" type="stmt"/>
        <line num="153" count="6" type="stmt"/>
        <line num="168" count="5" type="cond" truecount="2" falsecount="0"/>
        <line num="169" count="1" type="stmt"/>
        <line num="172" count="4" type="cond" truecount="1" falsecount="1"/>
        <line num="173" count="0" type="stmt"/>
        <line num="176" count="4" type="stmt"/>
        <line num="177" count="4" type="cond" truecount="2" falsecount="0"/>
        <line num="178" count="3" type="stmt"/>
        <line num="181" count="1" type="cond" truecount="1" falsecount="1"/>
        <line num="182" count="1" type="stmt"/>
        <line num="184" count="0" type="stmt"/>
        <line num="187" count="1" type="stmt"/>
        <line num="191" count="4" type="stmt"/>
        <line num="193" count="4" type="stmt"/>
        <line num="194" count="6" type="stmt"/>
        <line num="209" count="6" type="cond" truecount="2" falsecount="0"/>
        <line num="210" count="1" type="stmt"/>
        <line num="215" count="5" type="stmt"/>
        <line num="216" count="5" type="cond" truecount="2" falsecount="0"/>
        <line num="217" count="4" type="stmt"/>
        <line num="219" count="1" type="stmt"/>
        <line num="223" count="2" type="stmt"/>
        <line num="227" count="2" type="stmt"/>
        <line num="228" count="2" type="stmt"/>
        <line num="236" count="1" type="stmt"/>
        <line num="238" count="1" type="cond" truecount="1" falsecount="1"/>
        <line num="239" count="1" type="stmt"/>
        <line num="244" count="3" type="stmt"/>
        <line num="245" count="3" type="stmt"/>
        <line num="246" count="3" type="stmt"/>
        <line num="247" count="3" type="stmt"/>
        <line num="248" count="3" type="stmt"/>
        <line num="251" count="2" type="stmt"/>
        <line num="253" count="3" type="stmt"/>
        <line num="256" count="1" type="stmt"/>
        <line num="261" count="2" type="stmt"/>
        <line num="262" count="6" type="cond" truecount="2" falsecount="0"/>
        <line num="263" count="1" type="stmt"/>
        <line num="265" count="5" type="stmt"/>
        <line num="268" count="5" type="stmt"/>
        <line num="274" count="1" type="stmt"/>
        <line num="275" count="1" type="stmt"/>
        <line num="279" count="1" type="stmt"/>
        <line num="286" count="3" type="cond" truecount="2" falsecount="0"/>
        <line num="287" count="1" type="stmt"/>
        <line num="290" count="2" type="cond" truecount="2" falsecount="0"/>
        <line num="291" count="1" type="stmt"/>
        <line num="292" count="1" type="stmt"/>
        <line num="295" count="1" type="stmt"/>
        <line num="296" count="1" type="stmt"/>
        <line num="300" count="2" type="stmt"/>
        <line num="301" count="2" type="stmt"/>
        <line num="303" count="2" type="stmt"/>
        <line num="312" count="9" type="stmt"/>
        <line num="313" count="9" type="stmt"/>
        <line num="314" count="9" type="stmt"/>
        <line num="315" count="9" type="stmt"/>
        <line num="317" count="9" type="stmt"/>
      </file>
    </package>
    <package name="src.engine">
      <metrics statements="610" coveredstatements="566" conditionals="377" coveredconditionals="298" methods="110" coveredmethods="109"/>
      <file name="architecture.ts" path="/Volumes/128GBSSD/Projects/indexer-cli/src/engine/architecture.ts">
        <metrics statements="119" coveredstatements="114" conditionals="69" coveredconditionals="55" methods="24" coveredmethods="24"/>
        <line num="28" count="37" type="stmt"/>
        <line num="29" count="37" type="cond" truecount="1" falsecount="0"/>
        <line num="33" count="2" type="stmt"/>
        <line num="34" count="2" type="stmt"/>
        <line num="39" count="2" type="stmt"/>
        <line num="40" count="2" type="stmt"/>
        <line num="41" count="2" type="stmt"/>
        <line num="43" count="2" type="stmt"/>
        <line num="59" count="2" type="stmt"/>
        <line num="66" count="2" type="stmt"/>
        <line num="68" count="2" type="stmt"/>
        <line num="69" count="9" type="stmt"/>
        <line num="70" count="9" type="stmt"/>
        <line num="72" count="9" type="stmt"/>
        <line num="73" count="25" type="stmt"/>
        <line num="74" count="25" type="stmt"/>
        <line num="75" count="25" type="cond" truecount="2" falsecount="0"/>
        <line num="77" count="25" type="cond" truecount="2" falsecount="0"/>
        <line num="78" count="15" type="stmt"/>
        <line num="84" count="15" type="stmt"/>
        <line num="85" count="15" type="stmt"/>
        <line num="89" count="9" type="stmt"/>
        <line num="90" count="9" type="cond" truecount="1" falsecount="1"/>
        <line num="91" count="9" type="stmt"/>
        <line num="100" count="2" type="stmt"/>
        <line num="104" count="2" type="stmt"/>
        <line num="105" count="2" type="stmt"/>
        <line num="106" count="9" type="cond" truecount="2" falsecount="0"/>
        <line num="107" count="9" type="cond" truecount="2" falsecount="0"/>
        <line num="109" count="2" type="stmt"/>
        <line num="113" count="2" type="stmt"/>
        <line num="115" count="2" type="stmt"/>
        <line num="116" count="1" type="cond" truecount="1" falsecount="1"/>
        <line num="117" count="0" type="stmt"/>
        <line num="120" count="1" type="stmt"/>
        <line num="121" count="3" type="stmt"/>
        <line num="123" count="1" type="stmt"/>
        <line num="124" count="7" type="stmt"/>
        <line num="125" count="5" type="stmt"/>
        <line num="126" count="4" type="stmt"/>
        <line num="128" count="1" type="cond" truecount="1" falsecount="1"/>
        <line num="129" count="0" type="stmt"/>
        <line num="132" count="1" type="stmt"/>
        <line num="135" count="2" type="stmt"/>
        <line num="139" count="2" type="stmt"/>
        <line num="140" count="2" type="stmt"/>
        <line num="142" count="2" type="stmt"/>
        <line num="143" count="3" type="cond" truecount="2" falsecount="0"/>
        <line num="144" count="1" type="stmt"/>
        <line num="146" count="2" type="stmt"/>
        <line num="147" count="2" type="stmt"/>
        <line num="150" count="2" type="stmt"/>
        <line num="166" count="2" type="stmt"/>
        <line num="170" count="9" type="stmt"/>
        <line num="171" count="2" type="stmt"/>
        <line num="178" count="2" type="stmt"/>
        <line num="179" count="5" type="cond" truecount="1" falsecount="1"/>
        <line num="180" count="5" type="cond" truecount="1" falsecount="1"/>
        <line num="181" count="5" type="stmt"/>
        <line num="183" count="5" type="stmt"/>
        <line num="186" count="2" type="stmt"/>
        <line num="187" count="7" type="stmt"/>
        <line num="190" count="2" type="stmt"/>
        <line num="197" count="2" type="stmt"/>
        <line num="212" count="7" type="stmt"/>
        <line num="213" count="7" type="stmt"/>
        <line num="214" count="7" type="cond" truecount="1" falsecount="1"/>
        <line num="216" count="7" type="cond" truecount="4" falsecount="0"/>
        <line num="217" count="3" type="stmt"/>
        <line num="218" count="3" type="stmt"/>
        <line num="221" count="3" type="cond" truecount="4" falsecount="0"/>
        <line num="222" count="1" type="stmt"/>
        <line num="224" count="3" type="stmt"/>
        <line num="227" count="4" type="cond" truecount="1" falsecount="1"/>
        <line num="228" count="7" type="cond" truecount="1" falsecount="1"/>
        <line num="229" count="0" type="stmt"/>
        <line num="232" count="4" type="cond" truecount="2" falsecount="0"/>
        <line num="233" count="2" type="stmt"/>
        <line num="234" count="2" type="cond" truecount="2" falsecount="0"/>
        <line num="235" count="1" type="stmt"/>
        <line num="237" count="1" type="stmt"/>
        <line num="247" count="2" type="stmt"/>
        <line num="248" count="2" type="stmt"/>
        <line num="249" count="5" type="cond" truecount="2" falsecount="0"/>
        <line num="251" count="2" type="stmt"/>
        <line num="252" count="8" type="stmt"/>
        <line num="253" count="5" type="stmt"/>
        <line num="254" count="5" type="stmt"/>
        <line num="259" count="2" type="stmt"/>
        <line num="260" count="8" type="stmt"/>
        <line num="267" count="8" type="stmt"/>
        <line num="268" count="1" type="stmt"/>
        <line num="270" count="8" type="stmt"/>
        <line num="271" count="5" type="stmt"/>
        <line num="276" count="43" type="stmt"/>
        <line num="280" count="5" type="stmt"/>
        <line num="281" count="5" type="cond" truecount="2" falsecount="0"/>
        <line num="282" count="4" type="cond" truecount="2" falsecount="2"/>
        <line num="283" count="0" type="stmt"/>
        <line num="285" count="4" type="stmt"/>
        <line num="288" count="4" type="cond" truecount="2" falsecount="0"/>
        <line num="290" count="3" type="stmt"/>
        <line num="291" count="3" type="cond" truecount="2" falsecount="0"/>
        <line num="293" count="1" type="stmt"/>
        <line num="297" count="12" type="stmt"/>
        <line num="298" count="12" type="cond" truecount="2" falsecount="0"/>
        <line num="300" count="11" type="stmt"/>
        <line num="302" count="11" type="cond" truecount="2" falsecount="0"/>
        <line num="306" count="10" type="stmt"/>
        <line num="309" count="1" type="cond" truecount="1" falsecount="1"/>
        <line num="310" count="1" type="stmt"/>
        <line num="313" count="0" type="stmt"/>
        <line num="317" count="7" type="stmt"/>
        <line num="318" count="7" type="cond" truecount="1" falsecount="1"/>
        <line num="319" count="7" type="cond" truecount="1" falsecount="1"/>
        <line num="320" count="7" type="cond" truecount="2" falsecount="0"/>
        <line num="321" count="6" type="cond" truecount="1" falsecount="1"/>
        <line num="322" count="6" type="cond" truecount="2" falsecount="0"/>
        <line num="323" count="5" type="stmt"/>
      </file>
      <file name="dependency-resolver.ts" path="/Volumes/128GBSSD/Projects/indexer-cli/src/engine/dependency-resolver.ts">
        <metrics statements="27" coveredstatements="27" conditionals="8" coveredconditionals="8" methods="2" coveredmethods="2"/>
        <line num="3" count="2" type="stmt"/>
        <line num="28" count="2" type="stmt"/>
        <line num="29" count="2" type="stmt"/>
        <line num="30" count="2" type="stmt"/>
        <line num="37" count="16" type="cond" truecount="2" falsecount="0"/>
        <line num="38" count="1" type="stmt"/>
        <line num="41" count="15" type="stmt"/>
        <line num="42" count="15" type="cond" truecount="2" falsecount="0"/>
        <line num="43" count="2" type="stmt"/>
        <line num="46" count="13" type="cond" truecount="2" falsecount="0"/>
        <line num="47" count="4" type="stmt"/>
        <line num="50" count="9" type="stmt"/>
        <line num="51" count="9" type="stmt"/>
        <line num="54" count="9" type="stmt"/>
        <line num="55" count="9" type="stmt"/>
        <line num="57" count="9" type="stmt"/>
        <line num="58" count="9" type="stmt"/>
        <line num="60" count="9" type="stmt"/>
        <line num="61" count="36" type="stmt"/>
        <line num="64" count="9" type="stmt"/>
        <line num="65" count="18" type="stmt"/>
        <line num="68" count="9" type="stmt"/>
        <line num="69" count="34" type="stmt"/>
        <line num="70" count="34" type="cond" truecount="2" falsecount="0"/>
        <line num="71" count="8" type="stmt"/>
        <line num="78" count="1" type="stmt"/>
        <line num="82" count="52" type="stmt"/>
      </file>
      <file name="git.ts" path="/Volumes/128GBSSD/Projects/indexer-cli/src/engine/git.ts">
        <metrics statements="44" coveredstatements="44" conditionals="32" coveredconditionals="29" methods="6" coveredmethods="6"/>
        <line num="5" count="14" type="stmt"/>
        <line num="13" count="11" type="stmt"/>
        <line num="18" count="3" type="stmt"/>
        <line num="19" count="3" type="stmt"/>
        <line num="20" count="3" type="cond" truecount="2" falsecount="0"/>
        <line num="22" count="1" type="stmt"/>
        <line num="27" count="3" type="stmt"/>
        <line num="28" count="3" type="stmt"/>
        <line num="30" count="1" type="stmt"/>
        <line num="35" count="4" type="stmt"/>
        <line num="36" count="4" type="stmt"/>
        <line num="37" count="4" type="stmt"/>
        <line num="43" count="4" type="cond" truecount="2" falsecount="0"/>
        <line num="44" count="1" type="stmt"/>
        <line num="47" count="2" type="stmt"/>
        <line num="48" count="6" type="stmt"/>
        <line num="49" count="6" type="cond" truecount="1" falsecount="1"/>
        <line num="51" count="6" type="stmt"/>
        <line num="52" count="6" type="cond" truecount="2" falsecount="0"/>
        <line num="53" count="6" type="cond" truecount="2" falsecount="0"/>
        <line num="55" count="5" type="cond" truecount="2" falsecount="0"/>
        <line num="56" count="1" type="stmt"/>
        <line num="57" count="4" type="cond" truecount="2" falsecount="0"/>
        <line num="58" count="1" type="stmt"/>
        <line num="60" count="3" type="stmt"/>
        <line num="64" count="2" type="stmt"/>
        <line num="66" count="1" type="stmt"/>
        <line num="74" count="4" type="cond" truecount="2" falsecount="0"/>
        <line num="76" count="4" type="stmt"/>
        <line num="77" count="4" type="stmt"/>
        <line num="84" count="4" type="stmt"/>
        <line num="85" count="4" type="cond" truecount="2" falsecount="0"/>
        <line num="86" count="1" type="stmt"/>
        <line num="89" count="2" type="stmt"/>
        <line num="90" count="6" type="stmt"/>
        <line num="91" count="6" type="cond" truecount="1" falsecount="1"/>
        <line num="93" count="6" type="stmt"/>
        <line num="94" count="6" type="cond" truecount="2" falsecount="0"/>
        <line num="96" count="5" type="cond" truecount="3" falsecount="1"/>
        <line num="97" count="6" type="cond" truecount="4" falsecount="0"/>
        <line num="98" count="6" type="stmt"/>
        <line num="99" count="6" type="cond" truecount="2" falsecount="0"/>
        <line num="102" count="2" type="stmt"/>
        <line num="104" count="1" type="stmt"/>
      </file>
      <file name="indexer.ts" path="/Volumes/128GBSSD/Projects/indexer-cli/src/engine/indexer.ts">
        <metrics statements="370" coveredstatements="331" conditionals="249" coveredconditionals="187" methods="73" coveredmethods="72"/>
        <line num="36" count="1" type="stmt"/>
        <line num="122" count="1" type="stmt"/>
        <line num="132" count="1" type="stmt"/>
        <line num="133" count="31" type="stmt"/>
        <line num="134" count="33" type="stmt"/>
        <line num="135" count="31" type="stmt"/>
        <line num="136" count="32" type="stmt"/>
        <line num="142" count="6" type="cond" truecount="2" falsecount="0"/>
        <line num="143" count="3" type="cond" truecount="1" falsecount="1"/>
        <line num="144" count="0" type="stmt"/>
        <line num="147" count="1" type="stmt"/>
        <line num="151" count="34" type="cond" truecount="4" falsecount="0"/>
        <line num="152" count="34" type="stmt"/>
        <line num="155" count="128" type="stmt"/>
        <line num="156" count="128" type="stmt"/>
        <line num="160" count="34" type="stmt"/>
        <line num="161" count="128" type="cond" truecount="2" falsecount="0"/>
        <line num="162" count="1" type="stmt"/>
        <line num="164" count="127" type="stmt"/>
        <line num="175" count="34" type="stmt"/>
        <line num="177" count="34" type="stmt"/>
        <line num="178" count="34" type="stmt"/>
        <line num="179" count="34" type="stmt"/>
        <line num="183" count="34" type="stmt"/>
        <line num="184" count="34" type="stmt"/>
        <line num="185" count="34" type="stmt"/>
        <line num="186" count="34" type="stmt"/>
        <line num="187" count="34" type="stmt"/>
        <line num="188" count="34" type="stmt"/>
        <line num="191" count="34" type="cond" truecount="2" falsecount="0"/>
        <line num="192" count="34" type="stmt"/>
        <line num="194" count="34" type="stmt"/>
        <line num="199" count="316" type="stmt"/>
        <line num="204" count="34" type="stmt"/>
        <line num="209" count="2" type="stmt"/>
        <line num="216" count="34" type="stmt"/>
        <line num="223" count="4" type="stmt"/>
        <line num="227" count="1" type="cond" truecount="1" falsecount="1"/>
        <line num="228" count="0" type="stmt"/>
        <line num="231" count="1" type="stmt"/>
        <line num="232" count="1" type="cond" truecount="3" falsecount="1"/>
        <line num="237" count="1" type="cond" truecount="1" falsecount="3"/>
        <line num="238" count="1" type="stmt"/>
        <line num="239" count="1" type="stmt"/>
        <line num="247" count="4" type="cond" truecount="4" falsecount="0"/>
        <line num="248" count="2" type="stmt"/>
        <line num="251" count="2" type="stmt"/>
        <line num="252" count="2" type="stmt"/>
        <line num="254" count="2" type="cond" truecount="1" falsecount="1"/>
        <line num="255" count="0" type="stmt"/>
        <line num="258" count="2" type="stmt"/>
        <line num="262" count="2" type="stmt"/>
        <line num="266" count="2" type="stmt"/>
        <line num="267" count="2" type="stmt"/>
        <line num="269" count="2" type="cond" truecount="1" falsecount="1"/>
        <line num="270" count="0" type="stmt"/>
        <line num="271" count="0" type="cond" truecount="0" falsecount="2"/>
        <line num="272" count="0" type="stmt"/>
        <line num="274" count="0" type="stmt"/>
        <line num="275" count="0" type="stmt"/>
        <line num="278" count="2" type="stmt"/>
        <line num="285" count="3" type="stmt"/>
        <line num="286" count="3" type="stmt"/>
        <line num="288" count="1" type="stmt"/>
        <line num="289" count="1" type="cond" truecount="3" falsecount="1"/>
        <line num="290" count="0" type="stmt"/>
        <line num="293" count="1" type="stmt"/>
        <line num="297" count="1" type="stmt"/>
        <line num="298" count="1" type="stmt"/>
        <line num="299" count="1" type="stmt"/>
        <line num="300" count="1" type="stmt"/>
        <line num="301" count="1" type="stmt"/>
        <line num="313" count="1" type="stmt"/>
        <line num="321" count="1" type="stmt"/>
        <line num="323" count="1" type="stmt"/>
        <line num="326" count="1" type="stmt"/>
        <line num="329" count="1" type="stmt"/>
        <line num="330" count="1" type="stmt"/>
        <line num="335" count="0" type="cond" truecount="0" falsecount="2"/>
        <line num="336" count="0" type="stmt"/>
        <line num="338" count="0" type="stmt"/>
        <line num="347" count="7" type="stmt"/>
        <line num="358" count="18" type="cond" truecount="2" falsecount="0"/>
        <line num="359" count="14" type="stmt"/>
        <line num="360" count="14" type="cond" truecount="2" falsecount="0"/>
        <line num="361" count="10" type="cond" truecount="2" falsecount="0"/>
        <line num="362" count="9" type="cond" truecount="2" falsecount="0"/>
        <line num="363" count="8" type="cond" truecount="2" falsecount="0"/>
        <line num="364" count="7" type="cond" truecount="2" falsecount="0"/>
        <line num="365" count="6" type="cond" truecount="2" falsecount="0"/>
        <line num="366" count="5" type="cond" truecount="2" falsecount="0"/>
        <line num="369" count="8" type="cond" truecount="2" falsecount="0"/>
        <line num="370" count="3" type="stmt"/>
        <line num="373" count="5" type="stmt"/>
        <line num="374" count="5" type="cond" truecount="2" falsecount="0"/>
        <line num="376" count="4" type="stmt"/>
        <line num="378" count="6" type="stmt"/>
        <line num="381" count="4" type="cond" truecount="2" falsecount="0"/>
        <line num="384" count="6" type="stmt"/>
        <line num="391" count="1" type="stmt"/>
        <line num="394" count="3" type="cond" truecount="2" falsecount="0"/>
        <line num="399" count="1" type="stmt"/>
        <line num="402" count="2" type="stmt"/>
        <line num="410" count="5" type="cond" truecount="2" falsecount="0"/>
        <line num="413" count="5" type="cond" truecount="2" falsecount="0"/>
        <line num="414" count="2" type="stmt"/>
        <line num="417" count="3" type="stmt"/>
        <line num="419" count="3" type="cond" truecount="2" falsecount="0"/>
        <line num="422" count="3" type="cond" truecount="1" falsecount="1"/>
        <line num="423" count="3" type="stmt"/>
        <line num="426" count="0" type="stmt"/>
        <line num="435" count="0" type="stmt"/>
        <line num="436" count="0" type="cond" truecount="0" falsecount="2"/>
        <line num="437" count="0" type="cond" truecount="0" falsecount="2"/>
        <line num="438" count="0" type="cond" truecount="0" falsecount="2"/>
        <line num="439" count="0" type="stmt"/>
        <line num="441" count="0" type="stmt"/>
        <line num="455" count="4" type="stmt"/>
        <line num="456" count="4" type="cond" truecount="1" falsecount="1"/>
        <line num="457" count="0" type="stmt"/>
        <line num="460" count="4" type="stmt"/>
        <line num="461" count="4" type="stmt"/>
        <line num="462" count="4" type="stmt"/>
        <line num="464" count="4" type="cond" truecount="2" falsecount="0"/>
        <line num="465" count="4" type="cond" truecount="6" falsecount="0"/>
        <line num="466" count="2" type="stmt"/>
        <line num="475" count="2" type="stmt"/>
        <line num="477" count="2" type="cond" truecount="2" falsecount="0"/>
        <line num="485" count="4" type="stmt"/>
        <line num="486" count="4" type="stmt"/>
        <line num="487" count="6" type="stmt"/>
        <line num="488" count="6" type="cond" truecount="2" falsecount="0"/>
        <line num="495" count="4" type="cond" truecount="2" falsecount="0"/>
        <line num="496" count="2" type="stmt"/>
        <line num="498" count="4" type="stmt"/>
        <line num="500" count="2" type="stmt"/>
        <line num="503" count="2" type="cond" truecount="1" falsecount="1"/>
        <line num="504" count="2" type="stmt"/>
        <line num="505" count="2" type="cond" truecount="1" falsecount="1"/>
        <line num="506" count="2" type="stmt"/>
        <line num="519" count="2" type="stmt"/>
        <line num="522" count="2" type="stmt"/>
        <line num="524" count="2" type="stmt"/>
        <line num="526" count="2" type="stmt"/>
        <line num="527" count="2" type="stmt"/>
        <line num="528" count="2" type="stmt"/>
        <line num="530" count="2" type="stmt"/>
        <line num="532" count="2" type="stmt"/>
        <line num="533" count="5" type="stmt"/>
        <line num="534" count="5" type="cond" truecount="2" falsecount="0"/>
        <line num="536" count="3" type="cond" truecount="2" falsecount="0"/>
        <line num="537" count="1" type="stmt"/>
        <line num="538" count="1" type="cond" truecount="1" falsecount="1"/>
        <line num="539" count="0" type="stmt"/>
        <line num="545" count="1" type="stmt"/>
        <line num="548" count="2" type="cond" truecount="1" falsecount="1"/>
        <line num="549" count="0" type="stmt"/>
        <line num="550" count="0" type="cond" truecount="0" falsecount="2"/>
        <line num="551" count="0" type="stmt"/>
        <line num="559" count="0" type="stmt"/>
        <line num="561" count="0" type="stmt"/>
        <line num="562" count="0" type="cond" truecount="0" falsecount="2"/>
        <line num="563" count="0" type="stmt"/>
        <line num="569" count="0" type="stmt"/>
        <line num="572" count="2" type="cond" truecount="1" falsecount="1"/>
        <line num="573" count="0" type="stmt"/>
        <line num="574" count="0" type="cond" truecount="0" falsecount="2"/>
        <line num="575" count="0" type="stmt"/>
        <line num="580" count="0" type="stmt"/>
        <line num="582" count="0" type="stmt"/>
        <line num="583" count="0" type="cond" truecount="0" falsecount="2"/>
        <line num="584" count="0" type="stmt"/>
        <line num="590" count="0" type="stmt"/>
        <line num="593" count="2" type="stmt"/>
        <line num="594" count="2" type="cond" truecount="1" falsecount="1"/>
        <line num="595" count="2" type="stmt"/>
        <line num="603" count="2" type="cond" truecount="2" falsecount="0"/>
        <line num="604" count="1" type="stmt"/>
        <line num="605" count="1" type="cond" truecount="1" falsecount="1"/>
        <line num="606" count="1" type="stmt"/>
        <line num="613" count="1" type="stmt"/>
        <line num="616" count="1" type="stmt"/>
        <line num="617" count="2" type="stmt"/>
        <line num="618" count="2" type="stmt"/>
        <line num="619" count="2" type="stmt"/>
        <line num="620" count="2" type="cond" truecount="2" falsecount="0"/>
        <line num="621" count="2" type="stmt"/>
        <line num="625" count="2" type="cond" truecount="1" falsecount="1"/>
        <line num="626" count="2" type="stmt"/>
        <line num="635" count="1" type="stmt"/>
        <line num="652" count="4" type="cond" truecount="4" falsecount="0"/>
        <line num="653" count="3" type="stmt"/>
        <line num="657" count="3" type="cond" truecount="1" falsecount="1"/>
        <line num="658" count="3" type="stmt"/>
        <line num="659" count="5" type="stmt"/>
        <line num="660" count="5" type="stmt"/>
        <line num="675" count="1" type="stmt"/>
        <line num="676" count="1" type="cond" truecount="1" falsecount="1"/>
        <line num="677" count="0" type="stmt"/>
        <line num="680" count="1" type="stmt"/>
        <line num="682" count="1" type="stmt"/>
        <line num="696" count="1" type="stmt"/>
        <line num="704" count="1" type="stmt"/>
        <line num="712" count="6" type="cond" truecount="2" falsecount="0"/>
        <line num="713" count="6" type="cond" truecount="2" falsecount="0"/>
        <line num="715" count="6" type="cond" truecount="2" falsecount="1"/>
        <line num="716" count="6" type="stmt"/>
        <line num="718" count="6" type="stmt"/>
        <line num="720" count="6" type="stmt"/>
        <line num="722" count="6" type="cond" truecount="4" falsecount="0"/>
        <line num="730" count="6" type="cond" truecount="2" falsecount="0"/>
        <line num="731" count="3" type="stmt"/>
        <line num="739" count="3" type="cond" truecount="3" falsecount="1"/>
        <line num="740" count="0" type="stmt"/>
        <line num="743" count="3" type="stmt"/>
        <line num="744" count="3" type="stmt"/>
        <line num="746" count="3" type="stmt"/>
        <line num="747" count="3" type="stmt"/>
        <line num="754" count="3" type="stmt"/>
        <line num="758" count="3" type="stmt"/>
        <line num="763" count="3" type="stmt"/>
        <line num="765" count="3" type="stmt"/>
        <line num="767" count="4" type="stmt"/>
        <line num="770" count="3" type="cond" truecount="2" falsecount="0"/>
        <line num="771" count="1" type="stmt"/>
        <line num="776" count="1" type="stmt"/>
        <line num="777" count="1" type="stmt"/>
        <line num="778" count="1" type="stmt"/>
        <line num="781" count="2" type="stmt"/>
        <line num="794" count="1" type="stmt"/>
        <line num="795" count="1" type="stmt"/>
        <line num="796" count="1" type="stmt"/>
        <line num="801" count="1" type="stmt"/>
        <line num="803" count="1" type="stmt"/>
        <line num="808" count="1" type="stmt"/>
        <line num="813" count="2" type="stmt"/>
        <line num="814" count="2" type="stmt"/>
        <line num="815" count="3" type="stmt"/>
        <line num="818" count="2" type="stmt"/>
        <line num="844" count="2" type="cond" truecount="2" falsecount="0"/>
        <line num="845" count="1" type="stmt"/>
        <line num="848" count="1" type="stmt"/>
        <line num="850" count="2" type="cond" truecount="1" falsecount="1"/>
        <line num="855" count="1" type="stmt"/>
        <line num="856" count="2" type="stmt"/>
        <line num="885" count="1" type="stmt"/>
        <line num="886" count="1" type="stmt"/>
        <line num="888" count="1" type="stmt"/>
        <line num="893" count="1" type="stmt"/>
        <line num="899" count="1" type="stmt"/>
        <line num="900" count="1" type="stmt"/>
        <line num="904" count="2" type="stmt"/>
        <line num="905" count="2" type="stmt"/>
        <line num="907" count="2" type="stmt"/>
        <line num="908" count="2" type="stmt"/>
        <line num="912" count="1" type="stmt"/>
        <line num="922" count="1" type="cond" truecount="1" falsecount="1"/>
        <line num="923" count="1" type="stmt"/>
        <line num="924" count="1" type="stmt"/>
        <line num="925" count="1" type="stmt"/>
        <line num="930" count="2" type="stmt"/>
        <line num="932" count="2" type="stmt"/>
        <line num="934" count="2" type="cond" truecount="2" falsecount="0"/>
        <line num="935" count="1" type="stmt"/>
        <line num="936" count="1" type="stmt"/>
        <line num="937" count="1" type="stmt"/>
        <line num="938" count="1" type="stmt"/>
        <line num="944" count="1" type="stmt"/>
        <line num="950" count="1" type="stmt"/>
        <line num="956" count="1" type="stmt"/>
        <line num="964" count="1" type="stmt"/>
        <line num="966" count="1" type="stmt"/>
        <line num="968" count="1" type="stmt"/>
        <line num="970" count="1" type="stmt"/>
        <line num="977" count="1" type="cond" truecount="1" falsecount="1"/>
        <line num="978" count="1" type="stmt"/>
        <line num="980" count="1" type="stmt"/>
        <line num="985" count="1" type="stmt"/>
        <line num="990" count="1" type="stmt"/>
        <line num="1007" count="2" type="stmt"/>
        <line num="1008" count="2" type="stmt"/>
        <line num="1012" count="2" type="cond" truecount="4" falsecount="0"/>
        <line num="1013" count="1" type="stmt"/>
        <line num="1023" count="4" type="stmt"/>
        <line num="1027" count="17" type="stmt"/>
        <line num="1028" count="17" type="cond" truecount="13" falsecount="0"/>
        <line num="1037" count="11" type="stmt"/>
        <line num="1040" count="2" type="stmt"/>
        <line num="1042" count="1" type="stmt"/>
        <line num="1044" count="1" type="stmt"/>
        <line num="1046" count="2" type="stmt"/>
        <line num="1051" count="13" type="stmt"/>
        <line num="1055" count="8" type="stmt"/>
        <line num="1056" count="8" type="stmt"/>
        <line num="1057" count="7" type="stmt"/>
        <line num="1059" count="2" type="stmt"/>
        <line num="1060" count="2" type="stmt"/>
        <line num="1067" count="1" type="stmt"/>
        <line num="1070" count="1" type="stmt"/>
        <line num="1075" count="2" type="stmt"/>
        <line num="1081" count="4" type="stmt"/>
        <line num="1082" count="4" type="stmt"/>
        <line num="1083" count="4" type="stmt"/>
        <line num="1084" count="4" type="stmt"/>
        <line num="1085" count="4" type="stmt"/>
        <line num="1088" count="4" type="cond" truecount="2" falsecount="0"/>
        <line num="1089" count="3" type="stmt"/>
        <line num="1095" count="3" type="stmt"/>
        <line num="1097" count="3" type="stmt"/>
        <line num="1098" count="3" type="stmt"/>
        <line num="1118" count="3" type="stmt"/>
        <line num="1121" count="6" type="stmt"/>
        <line num="1131" count="4" type="stmt"/>
        <line num="1139" count="4" type="stmt"/>
        <line num="1140" count="4" type="stmt"/>
        <line num="1142" count="4" type="stmt"/>
        <line num="1143" count="6" type="stmt"/>
        <line num="1144" count="6" type="stmt"/>
        <line num="1145" count="6" type="stmt"/>
        <line num="1157" count="6" type="stmt"/>
        <line num="1160" count="4" type="cond" truecount="2" falsecount="0"/>
        <line num="1161" count="4" type="stmt"/>
        <line num="1190" count="6" type="stmt"/>
        <line num="1194" count="6" type="stmt"/>
        <line num="1195" count="6" type="stmt"/>
        <line num="1204" count="3" type="stmt"/>
        <line num="1208" count="3" type="stmt"/>
        <line num="1209" count="3" type="stmt"/>
        <line num="1210" count="3" type="stmt"/>
        <line num="1212" count="5" type="cond" truecount="2" falsecount="0"/>
        <line num="1214" count="2" type="stmt"/>
        <line num="1216" count="3" type="cond" truecount="2" falsecount="0"/>
        <line num="1217" count="1" type="stmt"/>
        <line num="1220" count="2" type="stmt"/>
        <line num="1227" count="2" type="stmt"/>
        <line num="1242" count="2" type="cond" truecount="1" falsecount="1"/>
        <line num="1243" count="2" type="stmt"/>
        <line num="1255" count="5" type="stmt"/>
        <line num="1256" count="5" type="stmt"/>
        <line num="1257" count="6" type="cond" truecount="2" falsecount="0"/>
        <line num="1258" count="1" type="stmt"/>
        <line num="1260" count="6" type="stmt"/>
        <line num="1261" count="6" type="stmt"/>
        <line num="1262" count="4" type="stmt"/>
        <line num="1264" count="2" type="cond" truecount="2" falsecount="0"/>
        <line num="1268" count="1" type="stmt"/>
        <line num="1280" count="3" type="stmt"/>
        <line num="1281" count="3" type="stmt"/>
        <line num="1282" count="3" type="stmt"/>
        <line num="1284" count="3" type="stmt"/>
        <line num="1285" count="3" type="stmt"/>
        <line num="1286" count="3" type="stmt"/>
        <line num="1287" count="3" type="stmt"/>
        <line num="1289" count="3" type="cond" truecount="2" falsecount="0"/>
        <line num="1290" count="1" type="stmt"/>
        <line num="1291" count="1" type="stmt"/>
        <line num="1292" count="1" type="stmt"/>
        <line num="1293" count="1" type="stmt"/>
        <line num="1296" count="2" type="stmt"/>
        <line num="1303" count="2" type="stmt"/>
        <line num="1311" count="1" type="stmt"/>
        <line num="1312" count="1" type="stmt"/>
        <line num="1313" count="1" type="stmt"/>
        <line num="1318" count="1" type="stmt"/>
        <line num="1320" count="1" type="stmt"/>
        <line num="1325" count="1" type="stmt"/>
        <line num="1330" count="3" type="stmt"/>
        <line num="1331" count="3" type="cond" truecount="4" falsecount="0"/>
        <line num="1335" count="2" type="stmt"/>
        <line num="1336" count="2" type="cond" truecount="4" falsecount="0"/>
      </file>
      <file name="scanner.ts" path="/Volumes/128GBSSD/Projects/indexer-cli/src/engine/scanner.ts">
        <metrics statements="25" coveredstatements="25" conditionals="14" coveredconditionals="14" methods="3" coveredmethods="3"/>
        <line num="9" count="7" type="stmt"/>
        <line num="10" count="26" type="stmt"/>
        <line num="11" count="7" type="stmt"/>
        <line num="12" count="7" type="stmt"/>
        <line num="14" count="7" type="stmt"/>
        <line num="15" count="13" type="stmt"/>
        <line num="16" count="13" type="cond" truecount="2" falsecount="0"/>
        <line num="17" count="1" type="stmt"/>
        <line num="20" count="12" type="stmt"/>
        <line num="21" count="12" type="stmt"/>
        <line num="22" count="27" type="stmt"/>
        <line num="23" count="27" type="stmt"/>
        <line num="25" count="27" type="cond" truecount="4" falsecount="0"/>
        <line num="26" count="1" type="stmt"/>
        <line num="29" count="26" type="cond" truecount="2" falsecount="0"/>
        <line num="30" count="5" type="stmt"/>
        <line num="33" count="21" type="cond" truecount="2" falsecount="0"/>
        <line num="34" count="6" type="stmt"/>
        <line num="35" count="6" type="stmt"/>
        <line num="38" count="15" type="cond" truecount="2" falsecount="0"/>
        <line num="39" count="2" type="stmt"/>
        <line num="42" count="13" type="cond" truecount="2" falsecount="0"/>
        <line num="43" count="10" type="stmt"/>
        <line num="48" count="7" type="stmt"/>
        <line num="49" count="7" type="stmt"/>
      </file>
      <file name="searcher.ts" path="/Volumes/128GBSSD/Projects/indexer-cli/src/engine/searcher.ts">
        <metrics statements="25" coveredstatements="25" conditionals="5" coveredconditionals="5" methods="2" coveredmethods="2"/>
        <line num="12" count="1" type="stmt"/>
        <line num="33" count="3" type="stmt"/>
        <line num="34" count="3" type="stmt"/>
        <line num="35" count="3" type="stmt"/>
        <line num="36" count="3" type="stmt"/>
        <line num="45" count="3" type="cond" truecount="2" falsecount="0"/>
        <line num="47" count="3" type="stmt"/>
        <line num="49" count="3" type="stmt"/>
        <line num="50" count="3" type="cond" truecount="2" falsecount="0"/>
        <line num="51" count="1" type="stmt"/>
        <line num="54" count="2" type="stmt"/>
        <line num="62" count="2" type="stmt"/>
        <line num="64" count="2" type="stmt"/>
        <line num="65" count="2" type="stmt"/>
        <line num="66" count="2" type="stmt"/>
        <line num="67" count="2" type="stmt"/>
        <line num="68" count="2" type="stmt"/>
        <line num="69" count="2" type="stmt"/>
        <line num="70" count="1" type="stmt"/>
        <line num="71" count="1" type="stmt"/>
        <line num="72" count="1" type="stmt"/>
        <line num="73" count="1" type="stmt"/>
        <line num="75" count="1" type="stmt"/>
        <line num="78" count="2" type="stmt"/>
        <line num="89" count="2" type="stmt"/>
      </file>
    </package>
    <package name="src.languages">
      <metrics statements="595" coveredstatements="560" conditionals="354" coveredconditionals="274" methods="107" coveredmethods="107"/>
      <file name="csharp.ts" path="/Volumes/128GBSSD/Projects/indexer-cli/src/languages/csharp.ts">
        <metrics statements="124" coveredstatements="118" conditionals="79" coveredconditionals="65" methods="25" coveredmethods="25"/>
        <line num="21" count="2" type="stmt"/>
        <line num="33" count="34" type="stmt"/>
        <line num="34" count="34" type="stmt"/>
        <line num="35" count="34" type="stmt"/>
        <line num="36" count="34" type="stmt"/>
        <line num="37" count="34" type="stmt"/>
        <line num="46" count="34" type="stmt"/>
        <line num="47" count="34" type="stmt"/>
        <line num="48" count="34" type="stmt"/>
        <line num="52" count="6" type="stmt"/>
        <line num="53" count="6" type="stmt"/>
        <line num="55" count="6" type="stmt"/>
        <line num="61" count="6" type="stmt"/>
        <line num="72" count="3" type="stmt"/>
        <line num="73" count="3" type="stmt"/>
        <line num="74" count="3" type="stmt"/>
        <line num="76" count="3" type="stmt"/>
        <line num="77" count="174" type="cond" truecount="4" falsecount="0"/>
        <line num="78" count="168" type="stmt"/>
        <line num="81" count="6" type="cond" truecount="2" falsecount="0"/>
        <line num="82" count="3" type="stmt"/>
        <line num="83" count="3" type="cond" truecount="1" falsecount="1"/>
        <line num="84" count="0" type="stmt"/>
        <line num="87" count="3" type="stmt"/>
        <line num="88" count="3" type="stmt"/>
        <line num="89" count="3" type="stmt"/>
        <line num="90" count="3" type="stmt"/>
        <line num="92" count="3" type="cond" truecount="2" falsecount="0"/>
        <line num="93" count="3" type="cond" truecount="2" falsecount="0"/>
        <line num="95" count="3" type="stmt"/>
        <line num="109" count="3" type="stmt"/>
        <line num="112" count="3" type="stmt"/>
        <line num="113" count="3" type="cond" truecount="1" falsecount="1"/>
        <line num="114" count="0" type="stmt"/>
        <line num="117" count="3" type="stmt"/>
        <line num="118" count="3" type="stmt"/>
        <line num="119" count="3" type="stmt"/>
        <line num="120" count="3" type="stmt"/>
        <line num="121" count="174" type="cond" truecount="1" falsecount="1"/>
        <line num="125" count="174" type="stmt"/>
        <line num="141" count="3" type="stmt"/>
        <line num="145" count="4" type="stmt"/>
        <line num="146" count="4" type="stmt"/>
        <line num="147" count="4" type="stmt"/>
        <line num="149" count="4" type="stmt"/>
        <line num="150" count="191" type="cond" truecount="2" falsecount="0"/>
        <line num="151" count="186" type="stmt"/>
        <line num="154" count="5" type="stmt"/>
        <line num="155" count="5" type="stmt"/>
        <line num="156" count="5" type="cond" truecount="1" falsecount="1"/>
        <line num="157" count="0" type="stmt"/>
        <line num="160" count="5" type="stmt"/>
        <line num="161" count="5" type="stmt"/>
        <line num="170" count="4" type="stmt"/>
        <line num="174" count="5" type="stmt"/>
        <line num="175" count="5" type="stmt"/>
        <line num="177" count="5" type="cond" truecount="1" falsecount="1"/>
        <line num="178" count="0" type="stmt"/>
        <line num="181" count="5" type="stmt"/>
        <line num="182" count="5" type="stmt"/>
        <line num="183" count="5" type="stmt"/>
        <line num="185" count="5" type="stmt"/>
        <line num="186" count="201" type="cond" truecount="2" falsecount="0"/>
        <line num="187" count="5" type="stmt"/>
        <line num="190" count="201" type="cond" truecount="2" falsecount="0"/>
        <line num="199" count="8" type="stmt"/>
        <line num="203" count="5" type="stmt"/>
        <line num="205" count="5" type="cond" truecount="2" falsecount="0"/>
        <line num="206" count="5" type="stmt"/>
        <line num="207" count="5" type="stmt"/>
        <line num="208" count="4" type="stmt"/>
        <line num="212" count="4" type="cond" truecount="1" falsecount="1"/>
        <line num="213" count="4" type="stmt"/>
        <line num="232" count="5" type="stmt"/>
        <line num="233" count="4" type="stmt"/>
        <line num="235" count="5" type="stmt"/>
        <line num="236" count="8" type="stmt"/>
        <line num="237" count="8" type="cond" truecount="1" falsecount="1"/>
        <line num="238" count="8" type="stmt"/>
        <line num="239" count="8" type="stmt"/>
        <line num="240" count="8" type="stmt"/>
        <line num="242" count="8" type="cond" truecount="3" falsecount="0"/>
        <line num="245" count="8" type="stmt"/>
        <line num="259" count="5" type="cond" truecount="2" falsecount="0"/>
        <line num="260" count="4" type="stmt"/>
        <line num="263" count="1" type="stmt"/>
        <line num="285" count="2" type="stmt"/>
        <line num="286" count="5" type="cond" truecount="2" falsecount="0"/>
        <line num="291" count="6" type="stmt"/>
        <line num="292" count="6" type="stmt"/>
        <line num="293" count="204" type="cond" truecount="4" falsecount="0"/>
        <line num="294" count="199" type="stmt"/>
        <line num="297" count="5" type="stmt"/>
        <line num="298" count="5" type="stmt"/>
        <line num="299" count="5" type="stmt"/>
        <line num="300" count="204" type="cond" truecount="5" falsecount="0"/>
        <line num="301" count="3" type="stmt"/>
        <line num="305" count="6" type="cond" truecount="2" falsecount="0"/>
        <line num="309" count="3" type="stmt"/>
        <line num="310" count="3" type="cond" truecount="1" falsecount="1"/>
        <line num="311" count="0" type="stmt"/>
        <line num="314" count="3" type="stmt"/>
        <line num="316" count="3" type="stmt"/>
        <line num="321" count="6" type="stmt"/>
        <line num="325" count="3" type="stmt"/>
        <line num="326" count="3" type="stmt"/>
        <line num="327" count="6" type="cond" truecount="2" falsecount="0"/>
        <line num="328" count="3" type="stmt"/>
        <line num="330" count="3" type="stmt"/>
        <line num="332" count="0" type="stmt"/>
        <line num="336" count="33" type="stmt"/>
        <line num="340" count="14" type="cond" truecount="1" falsecount="1"/>
        <line num="344" count="16" type="stmt"/>
        <line num="345" count="16" type="stmt"/>
        <line num="346" count="16" type="stmt"/>
        <line num="360" count="6" type="cond" truecount="1" falsecount="1"/>
        <line num="361" count="6" type="stmt"/>
        <line num="362" count="6" type="cond" truecount="2" falsecount="0"/>
        <line num="363" count="1" type="stmt"/>
        <line num="366" count="5" type="stmt"/>
        <line num="375" count="770" type="stmt"/>
        <line num="376" count="770" type="stmt"/>
        <line num="377" count="752" type="stmt"/>
        <line num="382" count="2" type="stmt"/>
      </file>
      <file name="gdscript.ts" path="/Volumes/128GBSSD/Projects/indexer-cli/src/languages/gdscript.ts">
        <metrics statements="143" coveredstatements="138" conditionals="89" coveredconditionals="69" methods="22" coveredmethods="22"/>
        <line num="21" count="2" type="stmt"/>
        <line num="32" count="35" type="stmt"/>
        <line num="33" count="35" type="stmt"/>
        <line num="34" count="35" type="stmt"/>
        <line num="35" count="35" type="stmt"/>
        <line num="36" count="35" type="stmt"/>
        <line num="46" count="35" type="stmt"/>
        <line num="47" count="35" type="stmt"/>
        <line num="48" count="35" type="stmt"/>
        <line num="52" count="7" type="stmt"/>
        <line num="53" count="7" type="stmt"/>
        <line num="55" count="7" type="stmt"/>
        <line num="61" count="7" type="stmt"/>
        <line num="72" count="6" type="stmt"/>
        <line num="73" count="6" type="stmt"/>
        <line num="74" count="6" type="stmt"/>
        <line num="76" count="6" type="stmt"/>
        <line num="77" count="338" type="cond" truecount="4" falsecount="0"/>
        <line num="78" count="5" type="stmt"/>
        <line num="79" count="5" type="cond" truecount="1" falsecount="1"/>
        <line num="80" count="0" type="stmt"/>
        <line num="83" count="5" type="stmt"/>
        <line num="84" count="5" type="stmt"/>
        <line num="85" count="5" type="stmt"/>
        <line num="98" count="5" type="stmt"/>
        <line num="101" count="333" type="cond" truecount="2" falsecount="0"/>
        <line num="102" count="3" type="stmt"/>
        <line num="103" count="3" type="cond" truecount="1" falsecount="1"/>
        <line num="104" count="0" type="stmt"/>
        <line num="107" count="3" type="stmt"/>
        <line num="108" count="3" type="stmt"/>
        <line num="120" count="3" type="stmt"/>
        <line num="123" count="330" type="cond" truecount="2" falsecount="0"/>
        <line num="124" count="12" type="stmt"/>
        <line num="125" count="12" type="stmt"/>
        <line num="126" count="12" type="stmt"/>
        <line num="127" count="12" type="cond" truecount="2" falsecount="0"/>
        <line num="131" count="12" type="cond" truecount="1" falsecount="1"/>
        <line num="134" count="12" type="cond" truecount="1" falsecount="1"/>
        <line num="135" count="0" type="stmt"/>
        <line num="138" count="12" type="cond" truecount="1" falsecount="1"/>
        <line num="142" count="12" type="stmt"/>
        <line num="159" count="6" type="stmt"/>
        <line num="163" count="3" type="stmt"/>
        <line num="164" count="3" type="stmt"/>
        <line num="165" count="3" type="stmt"/>
        <line num="167" count="3" type="stmt"/>
        <line num="168" count="135" type="cond" truecount="2" falsecount="0"/>
        <line num="169" count="3" type="stmt"/>
        <line num="170" count="3" type="cond" truecount="1" falsecount="1"/>
        <line num="171" count="0" type="stmt"/>
        <line num="174" count="3" type="stmt"/>
        <line num="175" count="3" type="stmt"/>
        <line num="185" count="3" type="stmt"/>
        <line num="188" count="132" type="cond" truecount="2" falsecount="0"/>
        <line num="194" count="127" type="stmt"/>
        <line num="197" count="5" type="stmt"/>
        <line num="198" count="5" type="stmt"/>
        <line num="201" count="5" type="cond" truecount="2" falsecount="0"/>
        <line num="202" count="3" type="stmt"/>
        <line num="205" count="2" type="stmt"/>
        <line num="206" count="2" type="stmt"/>
        <line num="208" count="2" type="stmt"/>
        <line num="221" count="3" type="stmt"/>
        <line num="225" count="5" type="stmt"/>
        <line num="226" count="5" type="stmt"/>
        <line num="227" count="5" type="cond" truecount="1" falsecount="1"/>
        <line num="228" count="0" type="stmt"/>
        <line num="231" count="5" type="stmt"/>
        <line num="232" count="5" type="stmt"/>
        <line num="233" count="5" type="stmt"/>
        <line num="238" count="5" type="stmt"/>
        <line num="240" count="5" type="stmt"/>
        <line num="241" count="146" type="cond" truecount="2" falsecount="0"/>
        <line num="242" count="3" type="stmt"/>
        <line num="243" count="3" type="stmt"/>
        <line num="246" count="143" type="cond" truecount="2" falsecount="0"/>
        <line num="247" count="2" type="stmt"/>
        <line num="248" count="2" type="stmt"/>
        <line num="249" count="2" type="cond" truecount="1" falsecount="1"/>
        <line num="250" count="2" type="stmt"/>
        <line num="255" count="2" type="stmt"/>
        <line num="258" count="141" type="cond" truecount="2" falsecount="0"/>
        <line num="259" count="1" type="stmt"/>
        <line num="260" count="1" type="cond" truecount="1" falsecount="1"/>
        <line num="261" count="1" type="stmt"/>
        <line num="266" count="1" type="stmt"/>
        <line num="269" count="140" type="cond" truecount="2" falsecount="0"/>
        <line num="270" count="1" type="stmt"/>
        <line num="271" count="1" type="cond" truecount="1" falsecount="1"/>
        <line num="272" count="1" type="stmt"/>
        <line num="277" count="1" type="stmt"/>
        <line num="280" count="139" type="cond" truecount="2" falsecount="0"/>
        <line num="281" count="5" type="stmt"/>
        <line num="282" count="5" type="cond" truecount="1" falsecount="1"/>
        <line num="285" count="5" type="stmt"/>
        <line num="293" count="5" type="cond" truecount="2" falsecount="0"/>
        <line num="294" count="5" type="stmt"/>
        <line num="295" count="5" type="stmt"/>
        <line num="296" count="3" type="stmt"/>
        <line num="301" count="3" type="cond" truecount="1" falsecount="1"/>
        <line num="302" count="3" type="stmt"/>
        <line num="321" count="5" type="stmt"/>
        <line num="322" count="5" type="stmt"/>
        <line num="324" count="5" type="stmt"/>
        <line num="325" count="9" type="stmt"/>
        <line num="326" count="9" type="stmt"/>
        <line num="327" count="9" type="stmt"/>
        <line num="328" count="9" type="cond" truecount="2" falsecount="0"/>
        <line num="329" count="9" type="stmt"/>
        <line num="333" count="9" type="cond" truecount="1" falsecount="1"/>
        <line num="335" count="9" type="stmt"/>
        <line num="354" count="5" type="cond" truecount="2" falsecount="0"/>
        <line num="355" count="4" type="stmt"/>
        <line num="358" count="1" type="stmt"/>
        <line num="365" count="5" type="stmt"/>
        <line num="382" count="1" type="stmt"/>
        <line num="383" count="4" type="stmt"/>
        <line num="384" count="4" type="stmt"/>
        <line num="393" count="7" type="cond" truecount="2" falsecount="0"/>
        <line num="397" count="1" type="stmt"/>
        <line num="398" count="1" type="cond" truecount="2" falsecount="0"/>
        <line num="402" count="3" type="stmt"/>
        <line num="406" count="12" type="stmt"/>
        <line num="407" count="12" type="stmt"/>
        <line num="408" count="13" type="cond" truecount="2" falsecount="0"/>
        <line num="409" count="1" type="stmt"/>
        <line num="411" count="12" type="stmt"/>
        <line num="413" count="11" type="stmt"/>
        <line num="417" count="58" type="stmt"/>
        <line num="421" count="20" type="cond" truecount="1" falsecount="1"/>
        <line num="425" count="22" type="stmt"/>
        <line num="426" count="22" type="stmt"/>
        <line num="427" count="22" type="stmt"/>
        <line num="441" count="6" type="cond" truecount="1" falsecount="1"/>
        <line num="442" count="6" type="stmt"/>
        <line num="443" count="6" type="cond" truecount="2" falsecount="0"/>
        <line num="444" count="1" type="stmt"/>
        <line num="447" count="5" type="stmt"/>
        <line num="456" count="619" type="stmt"/>
        <line num="457" count="619" type="stmt"/>
        <line num="458" count="605" type="stmt"/>
        <line num="463" count="2" type="stmt"/>
      </file>
      <file name="plugin.ts" path="/Volumes/128GBSSD/Projects/indexer-cli/src/languages/plugin.ts">
        <metrics statements="13" coveredstatements="13" conditionals="6" coveredconditionals="6" methods="5" coveredmethods="5"/>
        <line num="85" count="39" type="stmt"/>
        <line num="88" count="129" type="cond" truecount="2" falsecount="0"/>
        <line num="89" count="1" type="stmt"/>
        <line num="91" count="128" type="stmt"/>
        <line num="95" count="36" type="stmt"/>
        <line num="96" count="125" type="stmt"/>
        <line num="101" count="72" type="stmt"/>
        <line num="105" count="3" type="cond" truecount="2" falsecount="0"/>
        <line num="109" count="7" type="stmt"/>
        <line num="110" count="7" type="stmt"/>
        <line num="111" count="12" type="cond" truecount="2" falsecount="0"/>
        <line num="112" count="5" type="stmt"/>
        <line num="115" count="2" type="stmt"/>
      </file>
      <file name="python.ts" path="/Volumes/128GBSSD/Projects/indexer-cli/src/languages/python.ts">
        <metrics statements="122" coveredstatements="118" conditionals="70" coveredconditionals="57" methods="24" coveredmethods="24"/>
        <line num="21" count="36" type="stmt"/>
        <line num="22" count="36" type="stmt"/>
        <line num="23" count="36" type="stmt"/>
        <line num="24" count="36" type="stmt"/>
        <line num="25" count="36" type="stmt"/>
        <line num="33" count="36" type="stmt"/>
        <line num="34" count="36" type="stmt"/>
        <line num="35" count="36" type="stmt"/>
        <line num="39" count="9" type="stmt"/>
        <line num="40" count="9" type="stmt"/>
        <line num="41" count="9" type="stmt"/>
        <line num="43" count="9" type="stmt"/>
        <line num="55" count="2" type="stmt"/>
        <line num="56" count="2" type="stmt"/>
        <line num="58" count="2" type="stmt"/>
        <line num="59" count="106" type="cond" truecount="4" falsecount="0"/>
        <line num="60" count="101" type="stmt"/>
        <line num="63" count="5" type="stmt"/>
        <line num="64" count="5" type="cond" truecount="1" falsecount="1"/>
        <line num="65" count="0" type="stmt"/>
        <line num="68" count="5" type="stmt"/>
        <line num="69" count="5" type="stmt"/>
        <line num="71" count="5" type="cond" truecount="2" falsecount="0"/>
        <line num="72" count="1" type="stmt"/>
        <line num="73" count="1" type="stmt"/>
        <line num="75" count="1" type="stmt"/>
        <line num="85" count="1" type="stmt"/>
        <line num="88" count="4" type="stmt"/>
        <line num="89" count="4" type="cond" truecount="2" falsecount="0"/>
        <line num="93" count="106" type="stmt"/>
        <line num="105" count="2" type="stmt"/>
        <line num="109" count="3" type="stmt"/>
        <line num="110" count="3" type="stmt"/>
        <line num="111" count="3" type="stmt"/>
        <line num="113" count="3" type="stmt"/>
        <line num="114" count="126" type="cond" truecount="4" falsecount="0"/>
        <line num="115" count="123" type="stmt"/>
        <line num="118" count="3" type="stmt"/>
        <line num="119" count="3" type="cond" truecount="1" falsecount="1"/>
        <line num="120" count="0" type="stmt"/>
        <line num="123" count="3" type="cond" truecount="2" falsecount="0"/>
        <line num="124" count="1" type="stmt"/>
        <line num="125" count="1" type="stmt"/>
        <line num="127" count="1" type="stmt"/>
        <line num="130" count="1" type="stmt"/>
        <line num="131" count="1" type="stmt"/>
        <line num="139" count="1" type="stmt"/>
        <line num="142" count="2" type="stmt"/>
        <line num="143" count="2" type="cond" truecount="1" falsecount="1"/>
        <line num="144" count="0" type="stmt"/>
        <line num="147" count="2" type="stmt"/>
        <line num="148" count="2" type="stmt"/>
        <line num="150" count="3" type="stmt"/>
        <line num="153" count="2" type="stmt"/>
        <line num="163" count="3" type="stmt"/>
        <line num="167" count="4" type="stmt"/>
        <line num="168" count="4" type="stmt"/>
        <line num="170" count="4" type="cond" truecount="1" falsecount="1"/>
        <line num="171" count="0" type="stmt"/>
        <line num="174" count="4" type="stmt"/>
        <line num="175" count="4" type="stmt"/>
        <line num="176" count="4" type="stmt"/>
        <line num="178" count="4" type="stmt"/>
        <line num="179" count="135" type="cond" truecount="4" falsecount="0"/>
        <line num="180" count="3" type="stmt"/>
        <line num="182" count="135" type="cond" truecount="4" falsecount="0"/>
        <line num="183" count="5" type="stmt"/>
        <line num="187" count="4" type="stmt"/>
        <line num="189" count="4" type="cond" truecount="2" falsecount="0"/>
        <line num="190" count="3" type="stmt"/>
        <line num="191" count="3" type="stmt"/>
        <line num="192" count="2" type="stmt"/>
        <line num="196" count="2" type="cond" truecount="1" falsecount="1"/>
        <line num="197" count="2" type="stmt"/>
        <line num="216" count="4" type="stmt"/>
        <line num="217" count="3" type="stmt"/>
        <line num="219" count="4" type="stmt"/>
        <line num="220" count="5" type="stmt"/>
        <line num="221" count="5" type="cond" truecount="1" falsecount="1"/>
        <line num="222" count="5" type="stmt"/>
        <line num="223" count="5" type="stmt"/>
        <line num="224" count="5" type="stmt"/>
        <line num="225" count="5" type="stmt"/>
        <line num="239" count="4" type="cond" truecount="2" falsecount="0"/>
        <line num="240" count="3" type="stmt"/>
        <line num="243" count="1" type="stmt"/>
        <line num="250" count="4" type="stmt"/>
        <line num="267" count="1" type="stmt"/>
        <line num="268" count="3" type="cond" truecount="2" falsecount="0"/>
        <line num="273" count="9" type="cond" truecount="2" falsecount="0"/>
        <line num="274" count="1" type="stmt"/>
        <line num="276" count="8" type="cond" truecount="2" falsecount="0"/>
        <line num="277" count="1" type="stmt"/>
        <line num="279" count="7" type="cond" truecount="2" falsecount="0"/>
        <line num="280" count="1" type="stmt"/>
        <line num="282" count="6" type="stmt"/>
        <line num="286" count="2" type="stmt"/>
        <line num="287" count="2" type="stmt"/>
        <line num="288" count="2" type="cond" truecount="2" falsecount="0"/>
        <line num="289" count="1" type="stmt"/>
        <line num="292" count="1" type="stmt"/>
        <line num="294" count="2" type="stmt"/>
        <line num="299" count="20" type="stmt"/>
        <line num="303" count="12" type="cond" truecount="1" falsecount="1"/>
        <line num="307" count="4" type="stmt"/>
        <line num="308" count="4" type="stmt"/>
        <line num="309" count="5" type="cond" truecount="2" falsecount="0"/>
        <line num="310" count="1" type="stmt"/>
        <line num="312" count="4" type="stmt"/>
        <line num="314" count="3" type="stmt"/>
        <line num="318" count="12" type="stmt"/>
        <line num="319" count="12" type="stmt"/>
        <line num="320" count="12" type="stmt"/>
        <line num="334" count="4" type="cond" truecount="1" falsecount="1"/>
        <line num="335" count="4" type="stmt"/>
        <line num="336" count="4" type="cond" truecount="2" falsecount="0"/>
        <line num="337" count="1" type="stmt"/>
        <line num="340" count="3" type="stmt"/>
        <line num="349" count="367" type="stmt"/>
        <line num="350" count="367" type="stmt"/>
        <line num="351" count="358" type="stmt"/>
        <line num="356" count="2" type="stmt"/>
      </file>
      <file name="typescript.ts" path="/Volumes/128GBSSD/Projects/indexer-cli/src/languages/typescript.ts">
        <metrics statements="193" coveredstatements="173" conditionals="110" coveredconditionals="77" methods="31" coveredmethods="31"/>
        <line num="22" count="34" type="stmt"/>
        <line num="23" count="34" type="stmt"/>
        <line num="28" count="34" type="stmt"/>
        <line num="32" count="9" type="stmt"/>
        <line num="33" count="9" type="stmt"/>
        <line num="41" count="5" type="stmt"/>
        <line num="70" count="5" type="stmt"/>
        <line num="72" count="34" type="stmt"/>
        <line num="73" count="34" type="cond" truecount="2" falsecount="0"/>
        <line num="74" count="34" type="cond" truecount="2" falsecount="0"/>
        <line num="76" count="28" type="stmt"/>
        <line num="77" count="28" type="cond" truecount="2" falsecount="0"/>
        <line num="78" count="34" type="cond" truecount="2" falsecount="0"/>
        <line num="79" count="34" type="stmt"/>
        <line num="81" count="34" type="stmt"/>
        <line num="83" count="34" type="stmt"/>
        <line num="84" count="25" type="stmt"/>
        <line num="86" count="23" type="stmt"/>
        <line num="88" count="5" type="stmt"/>
        <line num="92" count="2" type="stmt"/>
        <line num="93" count="2" type="stmt"/>
        <line num="95" count="2" type="stmt"/>
        <line num="96" count="2" type="cond" truecount="3" falsecount="1"/>
        <line num="97" count="2" type="stmt"/>
        <line num="99" count="0" type="cond" truecount="0" falsecount="4"/>
        <line num="100" count="0" type="stmt"/>
        <line num="102" count="0" type="stmt"/>
        <line num="105" count="2" type="stmt"/>
        <line num="106" count="2" type="stmt"/>
        <line num="116" count="2" type="stmt"/>
        <line num="117" count="0" type="stmt"/>
        <line num="126" count="0" type="stmt"/>
        <line num="127" count="0" type="stmt"/>
        <line num="139" count="2" type="stmt"/>
        <line num="143" count="3" type="stmt"/>
        <line num="144" count="3" type="stmt"/>
        <line num="146" count="3" type="stmt"/>
        <line num="147" count="4" type="stmt"/>
        <line num="148" count="4" type="cond" truecount="1" falsecount="1"/>
        <line num="151" count="3" type="stmt"/>
        <line num="152" count="7" type="stmt"/>
        <line num="153" count="7" type="cond" truecount="2" falsecount="0"/>
        <line num="157" count="6" type="stmt"/>
        <line num="158" count="6" type="stmt"/>
        <line num="159" count="6" type="cond" truecount="1" falsecount="1"/>
        <line num="160" count="0" type="stmt"/>
        <line num="164" count="6" type="cond" truecount="4" falsecount="0"/>
        <line num="165" count="4" type="stmt"/>
        <line num="166" count="4" type="stmt"/>
        <line num="167" count="4" type="stmt"/>
        <line num="169" count="4" type="cond" truecount="3" falsecount="1"/>
        <line num="170" count="0" type="stmt"/>
        <line num="172" count="4" type="stmt"/>
        <line num="173" count="4" type="stmt"/>
        <line num="174" count="12" type="stmt"/>
        <line num="175" count="12" type="cond" truecount="4" falsecount="0"/>
        <line num="176" count="2" type="stmt"/>
        <line num="177" count="2" type="stmt"/>
        <line num="182" count="4" type="cond" truecount="2" falsecount="0"/>
        <line num="183" count="2" type="stmt"/>
        <line num="184" count="2" type="stmt"/>
        <line num="185" count="2" type="stmt"/>
        <line num="186" count="2" type="cond" truecount="3" falsecount="1"/>
        <line num="187" count="2" type="stmt"/>
        <line num="188" count="2" type="stmt"/>
        <line num="195" count="6" type="cond" truecount="2" falsecount="0"/>
        <line num="196" count="4" type="stmt"/>
        <line num="199" count="6" type="stmt"/>
        <line num="209" count="3" type="stmt"/>
        <line num="210" count="4" type="stmt"/>
        <line num="213" count="3" type="stmt"/>
        <line num="214" count="3" type="stmt"/>
        <line num="217" count="3" type="stmt"/>
        <line num="221" count="8" type="stmt"/>
        <line num="222" count="8" type="cond" truecount="1" falsecount="1"/>
        <line num="223" count="8" type="cond" truecount="2" falsecount="0"/>
        <line num="224" count="8" type="stmt"/>
        <line num="225" count="8" type="stmt"/>
        <line num="227" count="8" type="stmt"/>
        <line num="228" count="8" type="stmt"/>
        <line num="229" count="18" type="stmt"/>
[...]
        <line num="247" count="8" type="stmt"/>
        <line num="248" count="8" type="stmt"/>
        <line num="275" count="6" type="stmt"/>
        <line num="276" count="6" type="stmt"/>
        <line num="277" count="6" type="stmt"/>
        <line num="279" count="6" type="cond" truecount="2" falsecount="0"/>
        <line num="280" count="2" type="stmt"/>
        <line num="281" count="2" type="stmt"/>
        <line num="284" count="6" type="stmt"/>
        <line num="286" count="6" type="stmt"/>
        <line num="295" count="7" type="stmt"/>
        <line num="310" count="4" type="stmt"/>
        <line num="325" count="4" type="cond" truecount="2" falsecount="0"/>
        <line num="326" count="2" type="stmt"/>
        <line num="329" count="2" type="stmt"/>
        <line num="345" count="4" type="stmt"/>
        <line num="347" count="4" type="stmt"/>
        <line num="353" count="4" type="cond" truecount="2" falsecount="0"/>
        <line num="354" count="1" type="stmt"/>
        <line num="357" count="3" type="stmt"/>
        <line num="373" count="3" type="stmt"/>
        <line num="374" count="4" type="stmt"/>
        <line num="391" count="4" type="stmt"/>
        <line num="399" count="4" type="stmt"/>
        <line num="400" count="4" type="stmt"/>
        <line num="402" count="4" type="cond" truecount="2" falsecount="0"/>
        <line num="403" count="2" type="stmt"/>
        <line num="404" count="2" type="stmt"/>
        <line num="407" count="4" type="stmt"/>
        <line num="409" count="4" type="stmt"/>
        <line num="422" count="6" type="stmt"/>
        <line num="441" count="2" type="stmt"/>
        <line num="460" count="2" type="cond" truecount="2" falsecount="0"/>
        <line num="461" count="1" type="stmt"/>
        <line num="464" count="1" type="stmt"/>
        <line num="484" count="4" type="stmt"/>
        <line num="486" count="4" type="stmt"/>
        <line num="492" count="4" type="cond" truecount="2" falsecount="0"/>
        <line num="493" count="1" type="stmt"/>
        <line num="496" count="3" type="stmt"/>
        <line num="501" count="3" type="stmt"/>
        <line num="502" count="4" type="stmt"/>
        <line num="520" count="4" type="stmt"/>
        <line num="528" count="3" type="stmt"/>
        <line num="529" count="3" type="stmt"/>
        <line num="531" count="3" type="cond" truecount="2" falsecount="0"/>
        <line num="532" count="2" type="stmt"/>
        <line num="533" count="2" type="stmt"/>
        <line num="536" count="3" type="stmt"/>
        <line num="538" count="3" type="stmt"/>
        <line num="552" count="3" type="stmt"/>
        <line num="572" count="1" type="stmt"/>
        <line num="590" count="2" type="stmt"/>
        <line num="611" count="4" type="stmt"/>
        <line num="615" count="4" type="stmt"/>
        <line num="621" count="4" type="cond" truecount="2" falsecount="0"/>
        <line num="622" count="1" type="stmt"/>
        <line num="625" count="3" type="stmt"/>
        <line num="630" count="3" type="stmt"/>
        <line num="631" count="4" type="stmt"/>
        <line num="645" count="4" type="stmt"/>
        <line num="654" count="4" type="stmt"/>
        <line num="655" count="4" type="stmt"/>
        <line num="657" count="4" type="cond" truecount="2" falsecount="0"/>
        <line num="658" count="2" type="stmt"/>
        <line num="659" count="2" type="stmt"/>
        <line num="662" count="4" type="stmt"/>
        <line num="664" count="4" type="stmt"/>
        <line num="674" count="6" type="stmt"/>
        <line num="690" count="1" type="stmt"/>
        <line num="704" count="2" type="stmt"/>
        <line num="719" count="1" type="stmt"/>
        <line num="720" count="1" type="stmt"/>
        <line num="743" count="2" type="stmt"/>
        <line num="751" count="2" type="cond" truecount="1" falsecount="1"/>
        <line num="752" count="0" type="stmt"/>
        <line num="755" count="2" type="stmt"/>
        <line num="766" count="2" type="stmt"/>
        <line num="775" count="2" type="stmt"/>
        <line num="788" count="2" type="cond" truecount="2" falsecount="0"/>
        <line num="789" count="1" type="stmt"/>
        <line num="792" count="1" type="stmt"/>
        <line num="793" count="1" type="stmt"/>
        <line num="801" count="1" type="stmt"/>
        <line num="802" count="1" type="stmt"/>
        <line num="811" count="1" type="stmt"/>
        <line num="832" count="1" type="stmt"/>
        <line num="841" count="1" type="stmt"/>
        <line num="850" count="1" type="stmt"/>
        <line num="860" count="1" type="stmt"/>
        <line num="867" count="2" type="stmt"/>
        <line num="868" count="2" type="stmt"/>
        <line num="893" count="2" type="stmt"/>
        <line num="908" count="2" type="cond" truecount="2" falsecount="0"/>
        <line num="909" count="1" type="stmt"/>
        <line num="912" count="1" type="stmt"/>
        <line num="928" count="1" type="stmt"/>
        <line num="929" count="1" type="stmt"/>
        <line num="931" count="1" type="cond" truecount="1" falsecount="1"/>
        <line num="932" count="1" type="stmt"/>
        <line num="933" count="1" type="stmt"/>
        <line num="936" count="1" type="stmt"/>
        <line num="945" count="1" type="stmt"/>
        <line num="959" count="2" type="stmt"/>
        <line num="960" count="2" type="stmt"/>
        <line num="961" count="2" type="stmt"/>
        <line num="963" count="2" type="cond" truecount="2" falsecount="0"/>
        <line num="964" count="1" type="stmt"/>
        <line num="965" count="1" type="stmt"/>
        <line num="968" count="2" type="stmt"/>
        <line num="973" count="4" type="stmt"/>
        <line num="974" count="4" type="cond" truecount="1" falsecount="1"/>
        <line num="977" count="4" type="stmt"/>
        <line num="984" count="1" type="stmt"/>
        <line num="1003" count="5" type="stmt"/>
        <line num="1019" count="11" type="stmt"/>
        <line num="1144" count="11" type="stmt"/>
        <line num="1145" count="11" type="stmt"/>
        <line num="1150" count="11" type="stmt"/>
        <line num="1151" count="11" type="cond" truecount="1" falsecount="1"/>
        <line num="1152" count="11" type="stmt"/>
        <line num="1155" count="11" type="stmt"/>
        <line num="1156" count="11" type="stmt"/>
        <line num="1162" count="0" type="stmt"/>
        <line num="1170" count="11" type="stmt"/>
        <line num="1171" count="11" type="stmt"/>
        <line num="1174" count="11" type="cond" truecount="2" falsecount="0"/>
        <line num="1176" count="0" type="stmt"/>
        <line num="1181" count="5" type="stmt"/>
        <line num="1188" count="5" type="cond" truecount="1" falsecount="1"/>
        <line num="1192" count="3" type="stmt"/>
        <line num="1198" count="3" type="stmt"/>
      </file>
      <file name="vectors.ts" path="/Volumes/128GBSSD/Projects/indexer-cli/src/storage/vectors.ts">
        <metrics statements="162" coveredstatements="161" conditionals="113" coveredconditionals="87" methods="45" coveredmethods="45"/>
        <line num="14" count="1" type="stmt"/>
        <line num="23" count="1" type="stmt"/>
        <line num="36" count="1" type="stmt"/>
        <line num="45" count="23" type="stmt"/>
        <line num="46" count="23" type="stmt"/>
        <line num="47" count="23" type="stmt"/>
        <line num="50" count="23" type="stmt"/>
        <line num="51" count="23" type="stmt"/>
        <line num="52" count="23" type="cond" truecount="2" falsecount="0"/>
        <line num="53" count="23" type="cond" truecount="2" falsecount="0"/>
        <line num="57" count="17" type="cond" truecount="2" falsecount="0"/>
        <line num="58" count="1" type="stmt"/>
        <line num="61" count="16" type="stmt"/>
        <line num="63" count="15" type="stmt"/>
        <line num="64" count="15" type="cond" truecount="2" falsecount="0"/>
        <line num="65" count="4" type="stmt"/>
        <line num="67" count="11" type="stmt"/>
        <line num="68" count="11" type="stmt"/>
        <line num="69" count="11" type="cond" truecount="2" falsecount="0"/>
        <line num="70" count="1" type="stmt"/>
        <line num="71" count="1" type="stmt"/>
        <line num="72" count="1" type="stmt"/>
        <line num="76" count="15" type="stmt"/>
        <line num="80" count="4" type="stmt"/>
        <line num="81" count="4" type="stmt"/>
        <line num="82" count="4" type="stmt"/>
        <line num="86" count="3" type="stmt"/>
        <line num="87" count="3" type="stmt"/>
        <line num="88" count="4" type="cond" truecount="2" falsecount="0"/>
        <line num="89" count="1" type="stmt"/>
        <line num="92" count="3" type="cond" truecount="2" falsecount="0"/>
        <line num="93" count="2" type="stmt"/>
        <line num="96" count="3" type="stmt"/>
        <line num="97" count="3" type="stmt"/>
        <line num="98" count="4" type="stmt"/>
        <line num="99" count="203" type="stmt"/>
        <line num="112" count="4" type="stmt"/>
        <line num="123" count="3" type="stmt"/>
        <line num="124" count="3" type="stmt"/>
        <line num="125" count="3" type="cond" truecount="2" falsecount="0"/>
        <line num="126" count="1" type="stmt"/>
        <line num="129" count="2" type="cond" truecount="1" falsecount="1"/>
        <line num="130" count="2" type="stmt"/>
        <line num="133" count="2" type="stmt"/>
        <line num="134" count="2" type="stmt"/>
        <line num="136" count="2" type="stmt"/>
        <line num="139" count="2" type="cond" truecount="2" falsecount="0"/>
        <line num="144" count="1" type="cond" truecount="1" falsecount="1"/>
        <line num="177" count="0" type="stmt"/>
        <line num="179" count="2" type="cond" truecount="1" falsecount="3"/>
        <line num="180" count="2" type="stmt"/>
        <line num="185" count="1" type="stmt"/>
        <line num="188" count="1" type="stmt"/>
        <line num="189" count="1" type="cond" truecount="1" falsecount="1"/>
        <line num="194" count="2" type="stmt"/>
        <line num="212" count="5" type="stmt"/>
        <line num="213" count="5" type="stmt"/>
        <line num="214" count="5" type="cond" truecount="2" falsecount="0"/>
        <line num="215" count="1" type="stmt"/>
        <line num="218" count="4" type="cond" truecount="1" falsecount="1"/>
        <line num="219" count="4" type="stmt"/>
        <line num="222" count="4" type="stmt"/>
        <line num="223" count="4" type="stmt"/>
        <line num="225" count="4" type="stmt"/>
        <line num="226" count="4" type="cond" truecount="2" falsecount="0"/>
        <line num="227" count="1" type="cond" truecount="1" falsecount="1"/>
        <line num="230" count="3" type="cond" truecount="2" falsecount="0"/>
        <line num="231" count="1" type="stmt"/>
        <line num="232" count="1" type="stmt"/>
        <line num="237" count="1" type="stmt"/>
        <line num="240" count="2" type="cond" truecount="2" falsecount="0"/>
        <line num="241" count="1" type="stmt"/>
        <line num="242" count="1" type="stmt"/>
        <line num="243" count="1" type="cond" truecount="1" falsecount="1"/>
        <line num="252" count="1" type="stmt"/>
        <line num="255" count="1" type="stmt"/>
        <line num="263" count="1" type="stmt"/>
        <line num="264" count="1" type="stmt"/>
        <line num="265" count="1" type="stmt"/>
        <line num="267" count="1" type="cond" truecount="1" falsecount="1"/>
        <line num="268" count="1" type="stmt"/>
        <line num="271" count="1" type="stmt"/>
        <line num="282" count="2" type="stmt"/>
        <line num="283" count="2" type="stmt"/>
        <line num="284" count="2" type="cond" truecount="1" falsecount="1"/>
        <line num="285" count="2" type="stmt"/>
        <line num="288" count="2" type="stmt"/>
        <line num="289" count="2" type="stmt"/>
        <line num="291" count="2" type="stmt"/>
        <line num="293" count="2" type="cond" truecount="2" falsecount="0"/>
        <line num="334" count="1" type="stmt"/>
        <line num="335" count="3" type="stmt"/>
        <line num="337" count="1" type="cond" truecount="1" falsecount="1"/>
        <line num="338" count="1" type="stmt"/>
        <line num="341" count="1" type="stmt"/>
        <line num="342" count="1" type="stmt"/>
        <line num="360" count="2" type="stmt"/>
        <line num="361" count="2" type="stmt"/>
        <line num="362" count="2" type="stmt"/>
        <line num="363" count="2" type="stmt"/>
        <line num="365" count="2" type="cond" truecount="2" falsecount="0"/>
        <line num="366" count="1" type="stmt"/>
        <line num="369" count="1" type="stmt"/>
        <line num="375" count="16" type="stmt"/>
        <line num="376" count="16" type="stmt"/>
        <line num="377" count="13" type="stmt"/>
        <line num="378" count="3" type="stmt"/>
        <line num="380" count="16" type="stmt"/>
        <line num="384" count="5" type="cond" truecount="1" falsecount="1"/>
        <line num="385" count="5" type="stmt"/>
        <line num="397" count="17" type="stmt"/>
        <line num="398" count="17" type="stmt"/>
        <line num="400" count="5" type="cond" truecount="2" falsecount="0"/>
        <line num="401" count="4" type="stmt"/>
        <line num="404" count="1" type="cond" truecount="1" falsecount="1"/>
        <line num="405" count="5" type="stmt"/>
        <line num="408" count="5" type="stmt"/>
        <line num="409" count="1" type="stmt"/>
        <line num="410" count="1" type="stmt"/>
        <line num="415" count="8" type="stmt"/>
        <line num="416" count="8" type="cond" truecount="2" falsecount="0"/>
        <line num="417" count="1" type="cond" truecount="1" falsecount="1"/>
        <line num="418" count="1" type="stmt"/>
        <line num="420" count="1" type="stmt"/>
        <line num="421" count="1" type="stmt"/>
        <line num="424" count="7" type="cond" truecount="3" falsecount="1"/>
        <line num="425" count="7" type="stmt"/>
        <line num="426" count="7" type="stmt"/>
        <line num="427" count="7" type="stmt"/>
        <line num="432" count="8" type="cond" truecount="1" falsecount="1"/>
        <line num="433" count="8" type="stmt"/>
        <line num="438" count="9" type="stmt"/>
        <line num="440" count="9" type="cond" truecount="2" falsecount="0"/>
        <line num="441" count="3" type="stmt"/>
        <line num="444" count="9" type="cond" truecount="2" falsecount="0"/>
        <line num="445" count="2" type="stmt"/>
        <line num="446" count="7" type="cond" truecount="2" falsecount="0"/>
        <line num="447" count="3" type="stmt"/>
        <line num="450" count="9" type="cond" truecount="4" falsecount="0"/>
        <line num="451" count="2" type="stmt"/>
        <line num="452" count="6" type="stmt"/>
        <line num="453" count="6" type="stmt"/>
        <line num="454" count="5" type="stmt"/>
        <line num="455" count="2" type="cond" truecount="1" falsecount="1"/>
        <line num="456" count="2" type="stmt"/>
        <line num="460" count="9" type="stmt"/>
        <line num="464" count="4" type="stmt"/>
        <line num="465" count="4" type="stmt"/>
        <line num="466" count="4" type="stmt"/>
        <line num="467" count="10" type="stmt"/>
        <line num="468" count="10" type="stmt"/>
        <line num="470" count="4" type="stmt"/>
        <line num="474" count="5" type="stmt"/>
        <line num="491" count="14" type="cond" truecount="2" falsecount="0"/>
        <line num="492" count="1" type="stmt"/>
        <line num="495" count="128" type="stmt"/>
        <line num="496" count="13" type="stmt"/>
        <line num="497" count="130" type="cond" truecount="2" falsecount="0"/>
        <line num="498" count="2" type="stmt"/>
        <line num="502" count="11" type="stmt"/>
        <line num="506" count="18" type="stmt"/>
        <line num="510" count="4" type="stmt"/>
      </file>
    </package>
    <package name="src.utils">
      <metrics statements="35" coveredstatements="34" conditionals="16" coveredconditionals="16" methods="7" coveredmethods="7"/>
      <file name="gitignore.ts" path="/Volumes/128GBSSD/Projects/indexer-cli/src/utils/gitignore.ts">
        <metrics statements="30" coveredstatements="29" conditionals="14" coveredconditionals="14" methods="5" coveredmethods="5"/>
        <line num="5" count="5" type="stmt"/>
        <line num="7" count="5" type="stmt"/>
        <line num="38" count="18" type="stmt"/>
        <line num="40" count="18" type="stmt"/>
        <line num="41" count="18" type="cond" truecount="2" falsecount="0"/>
        <line num="42" count="8" type="stmt"/>
        <line num="43" count="8" type="stmt"/>
        <line num="44" count="8" type="stmt"/>
        <line num="46" count="21" type="stmt"/>
        <line num="47" count="21" type="cond" truecount="2" falsecount="0"/>
        <line num="49" count="8" type="stmt"/>
        <line num="51" count="1" type="stmt"/>
        <line num="55" count="18" type="stmt"/>
        <line num="57" count="55" type="stmt"/>
        <line num="58" count="55" type="stmt"/>
        <line num="60" count="55" type="stmt"/>
        <line num="61" count="1024" type="cond" truecount="2" falsecount="0"/>
        <line num="63" count="1022" type="stmt"/>
        <line num="65" count="1022" type="cond" truecount="4" falsecount="0"/>
        <line num="66" count="17" type="stmt"/>
        <line num="69" count="1005" type="stmt"/>
        <line num="70" count="1701" type="cond" truecount="2" falsecount="0"/>
        <line num="71" count="7" type="stmt"/>
        <line num="76" count="31" type="stmt"/>
        <line num="82" count="1701" type="cond" truecount="2" falsecount="0"/>
        <line num="83" count="1423" type="stmt"/>
        <line num="86" count="278" type="stmt"/>
        <line num="90" count="278" type="stmt"/>
        <line num="91" count="278" type="stmt"/>
        <line num="93" count="0" type="stmt"/>
      </file>
      <file name="hash.ts" path="/Volumes/128GBSSD/Projects/indexer-cli/src/utils/hash.ts">
        <metrics statements="2" coveredstatements="2" conditionals="0" coveredconditionals="0" methods="1" coveredmethods="1"/>
        <line num="4" count="26" type="stmt"/>
        <line num="8" count="26" type="stmt"/>
      </file>
      <file name="token-estimator.ts" path="/Volumes/128GBSSD/Projects/indexer-cli/src/utils/token-estimator.ts">
        <metrics statements="3" coveredstatements="3" conditionals="2" coveredconditionals="2" methods="1" coveredmethods="1"/>
        <line num="3" count="14" type="stmt"/>
        <line num="4" count="14" type="cond" truecount="2" falsecount="0"/>
        <line num="5" count="12" type="stmt"/>
      </file>
    </package>
    <package name="tests.helpers">
      <metrics statements="13" coveredstatements="4" conditionals="2" coveredconditionals="0" methods="4" coveredmethods="2"/>
      <file name="fixture-loader.ts" path="/Volumes/128GBSSD/Projects/indexer-cli/tests/helpers/fixture-loader.ts">
        <metrics statements="13" coveredstatements="4" conditionals="2" coveredconditionals="0" methods="4" coveredmethods="2"/>
        <line num="4" count="4" type="stmt"/>
        <line num="13" count="12" type="stmt"/>
        <line num="14" count="12" type="stmt"/>
        <line num="18" count="12" type="stmt"/>
        <line num="25" count="0" type="stmt"/>
        <line num="26" count="0" type="stmt"/>
        <line num="29" count="0" type="stmt"/>
        <line num="30" count="0" type="stmt"/>
        <line num="31" count="0" type="cond" truecount="0" falsecount="2"/>
        <line num="32" count="0" type="stmt"/>
        <line num="34" count="0" type="stmt"/>
        <line num="39" count="0" type="stmt"/>
        <line num="40" count="0" type="stmt"/>
      </file>
    </package>
  </project>
</coverage>
