{"/Volumes/128GBSSD/Projects/indexer-cli/src/chunking/adaptive.ts": {"path":"/Volumes/128GBSSD/Projects/indexer-cli/src/chunking/adaptive.ts","statementMap":{"0":{"start":{"line":17,"column":18},"end":{"line":17,"column":48}},"1":{"start":{"line":18,"column":4},"end":{"line":19,"column":null}},"2":{"start":{"line":19,"column":6},"end":{"line":19,"column":null}},"3":{"start":{"line":22,"column":4},"end":{"line":30,"column":null}},"4":{"start":{"line":23,"column":6},"end":{"line":30,"column":null}},"5":{"start":{"line":33,"column":36},"end":{"line":33,"column":38}},"6":{"start":{"line":34,"column":22},"end":{"line":34,"column":null}},"7":{"start":{"line":35,"column":20},"end":{"line":35,"column":null}},"8":{"start":{"line":37,"column":4},"end":{"line":52,"column":null}},"9":{"start":{"line":37,"column":21},"end":{"line":37,"column":24}},"10":{"start":{"line":38,"column":27},"end":{"line":38,"column":68}},"11":{"start":{"line":39,"column":22},"end":{"line":39,"column":72}},"12":{"start":{"line":40,"column":6},"end":{"line":41,"column":null}},"13":{"start":{"line":41,"column":8},"end":{"line":41,"column":null}},"14":{"start":{"line":44,"column":6},"end":{"line":49,"column":null}},"15":{"start":{"line":51,"column":6},"end":{"line":52,"column":null}},"16":{"start":{"line":52,"column":8},"end":{"line":52,"column":null}},"17":{"start":{"line":56,"column":4},"end":{"line":56,"column":null}}},"fnMap":{"0":{"name":"(anonymous_0)","decl":{"start":{"line":16,"column":2},"end":{"line":16,"column":8}},"loc":{"start":{"line":16,"column":56},"end":{"line":56,"column":null}},"line":16}},"branchMap":{"0":{"loc":{"start":{"line":18,"column":4},"end":{"line":19,"column":null}},"type":"if","locations":[{"start":{"line":18,"column":4},"end":{"line":19,"column":null}},{"start":{},"end":{}}],"line":18},"1":{"loc":{"start":{"line":18,"column":8},"end":{"line":18,"column":67}},"type":"binary-expr","locations":[{"start":{"line":18,"column":8},"end":{"line":18,"column":30}},{"start":{"line":18,"column":30},"end":{"line":18,"column":67}}],"line":18},"2":{"loc":{"start":{"line":22,"column":4},"end":{"line":30,"column":null}},"type":"if","locations":[{"start":{"line":22,"column":4},"end":{"line":30,"column":null}},{"start":{},"end":{}}],"line":22},"3":{"loc":{"start":{"line":34,"column":22},"end":{"line":34,"column":null}},"type":"cond-expr","locations":[{"start":{"line":34,"column":58},"end":{"line":34,"column":64}},{"start":{"line":34,"column":64},"end":{"line":34,"column":null}}],"line":34},"4":{"loc":{"start":{"line":40,"column":6},"end":{"line":41,"column":null}},"type":"if","locations":[{"start":{"line":40,"column":6},"end":{"line":41,"column":null}},{"start":{},"end":{}}],"line":40},"5":{"loc":{"start":{"line":48,"column":14},"end":{"line":48,"column":null}},"type":"cond-expr","locations":[{"start":{"line":48,"column":36},"end":{"line":48,"column":55}},{"start":{"line":48,"column":55},"end":{"line":48,"column":null}}],"line":48},"6":{"loc":{"start":{"line":51,"column":6},"end":{"line":52,"column":null}},"type":"if","locations":[{"start":{"line":51,"column":6},"end":{"line":52,"column":null}},{"start":{},"end":{}}],"line":51}},"s":{"0":7,"1":7,"2":2,"3":5,"4":1,"5":4,"6":4,"7":7,"8":7,"9":7,"10":9,"11":9,"12":9,"13":1,"14":8,"15":9,"16":3,"17":4},"f":{"0":7},"b":{"0":[2,5],"1":[7,7],"2":[1,4],"3":[1,3],"4":[1,8],"5":[4,4],"6":[3,6]},"meta":{"lastBranch":7,"lastFunction":1,"lastStatement":18,"seen":{"f:16:2:16:8":0,"s:17:18:17:48":0,"b:18:4:19:Infinity:undefined:undefined:undefined:undefined":0,"s:18:4:19:Infinity":1,"b:18:8:18:30:18:30:18:67":1,"s:19:6:19:Infinity":2,"b:22:4:30:Infinity:undefined:undefined:undefined:undefined":2,"s:22:4:30:Infinity":3,"s:23:6:30:Infinity":4,"s:33:36:33:38":5,"s:34:22:34:Infinity":6,"b:34:58:34:64:34:64:34:Infinity":3,"s:35:20:35:Infinity":7,"s:37:4:52:Infinity":8,"s:37:21:37:24":9,"s:38:27:38:68":10,"s:39:22:39:72":11,"b:40:6:41:Infinity:undefined:undefined:undefined:undefined":4,"s:40:6:41:Infinity":12,"s:41:8:41:Infinity":13,"s:44:6:49:Infinity":14,"b:48:36:48:55:48:55:48:Infinity":5,"b:51:6:52:Infinity:undefined:undefined:undefined:undefined":6,"s:51:6:52:Infinity":15,"s:52:8:52:Infinity":16,"s:56:4:56:Infinity":17}}}
,"/Volumes/128GBSSD/Projects/indexer-cli/src/chunking/function.ts": {"path":"/Volumes/128GBSSD/Projects/indexer-cli/src/chunking/function.ts","statementMap":{"0":{"start":{"line":6,"column":34},"end":{"line":6,"column":null}},"1":{"start":{"line":7,"column":23},"end":{"line":7,"column":91}},"2":{"start":{"line":9,"column":28},"end":{"line":9,"column":30}},"3":{"start":{"line":10,"column":24},"end":{"line":10,"column":null}},"4":{"start":{"line":11,"column":25},"end":{"line":11,"column":null}},"5":{"start":{"line":13,"column":4},"end":{"line":25,"column":null}},"6":{"start":{"line":14,"column":6},"end":{"line":17,"column":null}},"7":{"start":{"line":15,"column":8},"end":{"line":15,"column":null}},"8":{"start":{"line":16,"column":8},"end":{"line":16,"column":null}},"9":{"start":{"line":17,"column":8},"end":{"line":17,"column":null}},"10":{"start":{"line":20,"column":6},"end":{"line":22,"column":null}},"11":{"start":{"line":21,"column":8},"end":{"line":21,"column":null}},"12":{"start":{"line":22,"column":8},"end":{"line":22,"column":null}},"13":{"start":{"line":25,"column":6},"end":{"line":25,"column":null}},"14":{"start":{"line":28,"column":4},"end":{"line":38,"column":null}},"15":{"start":{"line":29,"column":29},"end":{"line":29,"column":60}},"16":{"start":{"line":30,"column":22},"end":{"line":30,"column":null}},"17":{"start":{"line":32,"column":6},"end":{"line":38,"column":null}},"18":{"start":{"line":41,"column":4},"end":{"line":53,"column":null}},"19":{"start":{"line":42,"column":31},"end":{"line":42,"column":null}},"20":{"start":{"line":43,"column":30},"end":{"line":43,"column":77}},"21":{"start":{"line":44,"column":24},"end":{"line":44,"column":null}},"22":{"start":{"line":45,"column":22},"end":{"line":45,"column":null}},"23":{"start":{"line":47,"column":6},"end":{"line":53,"column":null}},"24":{"start":{"line":56,"column":4},"end":{"line":74,"column":null}},"25":{"start":{"line":57,"column":6},"end":{"line":57,"column":null}},"26":{"start":{"line":57,"column":43},"end":{"line":57,"column":null}},"27":{"start":{"line":59,"column":6},"end":{"line":72,"column":null}},"28":{"start":{"line":60,"column":22},"end":{"line":60,"column":79}},"29":{"start":{"line":61,"column":20},"end":{"line":61,"column":75}},"30":{"start":{"line":63,"column":23},"end":{"line":63,"column":47}},"31":{"start":{"line":65,"column":8},"end":{"line":72,"column":null}},"32":{"start":{"line":76,"column":4},"end":{"line":76,"column":null}},"33":{"start":{"line":80,"column":4},"end":{"line":84,"column":null}},"34":{"start":{"line":89,"column":4},"end":{"line":90,"column":null}},"35":{"start":{"line":90,"column":6},"end":{"line":90,"column":null}},"36":{"start":{"line":93,"column":4},"end":{"line":94,"column":null}},"37":{"start":{"line":94,"column":6},"end":{"line":94,"column":null}},"38":{"start":{"line":97,"column":4},"end":{"line":100,"column":null}},"39":{"start":{"line":98,"column":26},"end":{"line":98,"column":null}},"40":{"start":{"line":99,"column":6},"end":{"line":100,"column":null}},"41":{"start":{"line":100,"column":8},"end":{"line":100,"column":null}},"42":{"start":{"line":104,"column":4},"end":{"line":105,"column":null}},"43":{"start":{"line":105,"column":6},"end":{"line":105,"column":null}},"44":{"start":{"line":108,"column":4},"end":{"line":108,"column":null}}},"fnMap":{"0":{"name":"(anonymous_0)","decl":{"start":{"line":5,"column":2},"end":{"line":5,"column":8}},"loc":{"start":{"line":5,"column":43},"end":{"line":76,"column":null}},"line":5},"1":{"name":"(anonymous_1)","decl":{"start":{"line":56,"column":15},"end":{"line":56,"column":29}},"loc":{"start":{"line":56,"column":38},"end":{"line":74,"column":null}},"line":56},"2":{"name":"(anonymous_2)","decl":{"start":{"line":79,"column":2},"end":{"line":79,"column":10}},"loc":{"start":{"line":79,"column":56},"end":{"line":84,"column":null}},"line":79},"3":{"name":"(anonymous_3)","decl":{"start":{"line":88,"column":2},"end":{"line":88,"column":10}},"loc":{"start":{"line":88,"column":78},"end":{"line":108,"column":null}},"line":88}},"branchMap":{"0":{"loc":{"start":{"line":14,"column":6},"end":{"line":17,"column":null}},"type":"if","locations":[{"start":{"line":14,"column":6},"end":{"line":17,"column":null}},{"start":{},"end":{}}],"line":14},"1":{"loc":{"start":{"line":14,"column":10},"end":{"line":14,"column":86}},"type":"binary-expr","locations":[{"start":{"line":14,"column":10},"end":{"line":14,"column":43}},{"start":{"line":14,"column":47},"end":{"line":14,"column":86}}],"line":14},"2":{"loc":{"start":{"line":20,"column":6},"end":{"line":22,"column":null}},"type":"if","locations":[{"start":{"line":20,"column":6},"end":{"line":22,"column":null}},{"start":{},"end":{}}],"line":20},"3":{"loc":{"start":{"line":20,"column":10},"end":{"line":20,"column":86}},"type":"binary-expr","locations":[{"start":{"line":20,"column":10},"end":{"line":20,"column":46}},{"start":{"line":20,"column":50},"end":{"line":20,"column":86}}],"line":20},"4":{"loc":{"start":{"line":28,"column":4},"end":{"line":38,"column":null}},"type":"if","locations":[{"start":{"line":28,"column":4},"end":{"line":38,"column":null}},{"start":{},"end":{}}],"line":28},"5":{"loc":{"start":{"line":41,"column":4},"end":{"line":53,"column":null}},"type":"if","locations":[{"start":{"line":41,"column":4},"end":{"line":53,"column":null}},{"start":{},"end":{}}],"line":41},"6":{"loc":{"start":{"line":57,"column":6},"end":{"line":57,"column":null}},"type":"if","locations":[{"start":{"line":57,"column":6},"end":{"line":57,"column":null}},{"start":{},"end":{}}],"line":57},"7":{"loc":{"start":{"line":59,"column":6},"end":{"line":72,"column":null}},"type":"if","locations":[{"start":{"line":59,"column":6},"end":{"line":72,"column":null}},{"start":{},"end":{}}],"line":59},"8":{"loc":{"start":{"line":71,"column":19},"end":{"line":71,"column":null}},"type":"cond-expr","locations":[{"start":{"line":71,"column":28},"end":{"line":71,"column":41}},{"start":{"line":71,"column":44},"end":{"line":71,"column":null}}],"line":71},"9":{"loc":{"start":{"line":81,"column":6},"end":{"line":84,"column":34}},"type":"binary-expr","locations":[{"start":{"line":81,"column":6},"end":{"line":81,"column":36}},{"start":{"line":82,"column":6},"end":{"line":82,"column":33}},{"start":{"line":83,"column":6},"end":{"line":83,"column":34}},{"start":{"line":84,"column":6},"end":{"line":84,"column":34}}],"line":81},"10":{"loc":{"start":{"line":89,"column":4},"end":{"line":90,"column":null}},"type":"if","locations":[{"start":{"line":89,"column":4},"end":{"line":90,"column":null}},{"start":{},"end":{}}],"line":89},"11":{"loc":{"start":{"line":89,"column":8},"end":{"line":89,"column":53}},"type":"binary-expr","locations":[{"start":{"line":89,"column":8},"end":{"line":89,"column":38}},{"start":{"line":89,"column":42},"end":{"line":89,"column":53}}],"line":89},"12":{"loc":{"start":{"line":93,"column":4},"end":{"line":94,"column":null}},"type":"if","locations":[{"start":{"line":93,"column":4},"end":{"line":94,"column":null}},{"start":{},"end":{}}],"line":93},"13":{"loc":{"start":{"line":93,"column":8},"end":{"line":93,"column":50}},"type":"binary-expr","locations":[{"start":{"line":93,"column":8},"end":{"line":93,"column":35}},{"start":{"line":93,"column":39},"end":{"line":93,"column":50}}],"line":93},"14":{"loc":{"start":{"line":97,"column":4},"end":{"line":100,"column":null}},"type":"if","locations":[{"start":{"line":97,"column":4},"end":{"line":100,"column":null}},{"start":{},"end":{}}],"line":97},"15":{"loc":{"start":{"line":99,"column":6},"end":{"line":100,"column":null}},"type":"if","locations":[{"start":{"line":99,"column":6},"end":{"line":100,"column":null}},{"start":{},"end":{}}],"line":99},"16":{"loc":{"start":{"line":99,"column":10},"end":{"line":99,"column":58}},"type":"binary-expr","locations":[{"start":{"line":99,"column":10},"end":{"line":99,"column":25}},{"start":{"line":99,"column":25},"end":{"line":99,"column":58}}],"line":99},"17":{"loc":{"start":{"line":104,"column":4},"end":{"line":105,"column":null}},"type":"if","locations":[{"start":{"line":104,"column":4},"end":{"line":105,"column":null}},{"start":{},"end":{}}],"line":104},"18":{"loc":{"start":{"line":104,"column":8},"end":{"line":104,"column":51}},"type":"binary-expr","locations":[{"start":{"line":104,"column":8},"end":{"line":104,"column":36}},{"start":{"line":104,"column":40},"end":{"line":104,"column":51}}],"line":104}},"s":{"0":6,"1":6,"2":6,"3":6,"4":6,"5":6,"6":10,"7":3,"8":3,"9":3,"10":7,"11":2,"12":2,"13":5,"14":6,"15":2,"16":2,"17":2,"18":6,"19":1,"20":1,"21":1,"22":1,"23":1,"24":6,"25":18,"26":6,"27":12,"28":7,"29":7,"30":7,"31":7,"32":6,"33":12,"34":7,"35":3,"36":4,"37":1,"38":3,"39":2,"40":2,"41":1,"42":2,"43":1,"44":1},"f":{"0":6,"1":18,"2":12,"3":7},"b":{"0":[3,7],"1":[10,7],"2":[2,5],"3":[7,6],"4":[2,4],"5":[1,5],"6":[6,12],"7":[7,5],"8":[6,1],"9":[12,9,8,6],"10":[3,4],"11":[7,3],"12":[1,3],"13":[4,1],"14":[2,1],"15":[1,1],"16":[2,2],"17":[1,1],"18":[2,1]},"meta":{"lastBranch":19,"lastFunction":4,"lastStatement":45,"seen":{"f:5:2:5:8":0,"s:6:34:6:Infinity":0,"s:7:23:7:91":1,"s:9:28:9:30":2,"s:10:24:10:Infinity":3,"s:11:25:11:Infinity":4,"s:13:4:25:Infinity":5,"b:14:6:17:Infinity:undefined:undefined:undefined:undefined":0,"s:14:6:17:Infinity":6,"b:14:10:14:43:14:47:14:86":1,"s:15:8:15:Infinity":7,"s:16:8:16:Infinity":8,"s:17:8:17:Infinity":9,"b:20:6:22:Infinity:undefined:undefined:undefined:undefined":2,"s:20:6:22:Infinity":10,"b:20:10:20:46:20:50:20:86":3,"s:21:8:21:Infinity":11,"s:22:8:22:Infinity":12,"s:25:6:25:Infinity":13,"b:28:4:38:Infinity:undefined:undefined:undefined:undefined":4,"s:28:4:38:Infinity":14,"s:29:29:29:60":15,"s:30:22:30:Infinity":16,"s:32:6:38:Infinity":17,"b:41:4:53:Infinity:undefined:undefined:undefined:undefined":5,"s:41:4:53:Infinity":18,"s:42:31:42:Infinity":19,"s:43:30:43:77":20,"s:44:24:44:Infinity":21,"s:45:22:45:Infinity":22,"s:47:6:53:Infinity":23,"s:56:4:74:Infinity":24,"f:56:15:56:29":1,"b:57:6:57:Infinity:undefined:undefined:undefined:undefined":6,"s:57:6:57:Infinity":25,"s:57:43:57:Infinity":26,"b:59:6:72:Infinity:undefined:undefined:undefined:undefined":7,"s:59:6:72:Infinity":27,"s:60:22:60:79":28,"s:61:20:61:75":29,"s:63:23:63:47":30,"s:65:8:72:Infinity":31,"b:71:28:71:41:71:44:71:Infinity":8,"s:76:4:76:Infinity":32,"f:79:2:79:10":2,"s:80:4:84:Infinity":33,"b:81:6:81:36:82:6:82:33:83:6:83:34:84:6:84:34":9,"f:88:2:88:10":3,"b:89:4:90:Infinity:undefined:undefined:undefined:undefined":10,"s:89:4:90:Infinity":34,"b:89:8:89:38:89:42:89:53":11,"s:90:6:90:Infinity":35,"b:93:4:94:Infinity:undefined:undefined:undefined:undefined":12,"s:93:4:94:Infinity":36,"b:93:8:93:35:93:39:93:50":13,"s:94:6:94:Infinity":37,"b:97:4:100:Infinity:undefined:undefined:undefined:undefined":14,"s:97:4:100:Infinity":38,"s:98:26:98:Infinity":39,"b:99:6:100:Infinity:undefined:undefined:undefined:undefined":15,"s:99:6:100:Infinity":40,"b:99:10:99:25:99:25:99:58":16,"s:100:8:100:Infinity":41,"b:104:4:105:Infinity:undefined:undefined:undefined:undefined":17,"s:104:4:105:Infinity":42,"b:104:8:104:36:104:40:104:51":18,"s:105:6:105:Infinity":43,"s:108:4:108:Infinity":44}}}
,"/Volumes/128GBSSD/Projects/indexer-cli/src/chunking/module.ts": {"path":"/Volumes/128GBSSD/Projects/indexer-cli/src/chunking/module.ts","statementMap":{"0":{"start":{"line":4,"column":37},"end":{"line":4,"column":null}},"1":{"start":{"line":5,"column":35},"end":{"line":5,"column":null}},"2":{"start":{"line":8,"column":18},"end":{"line":8,"column":45}},"3":{"start":{"line":9,"column":28},"end":{"line":9,"column":30}},"4":{"start":{"line":10,"column":22},"end":{"line":10,"column":null}},"5":{"start":{"line":12,"column":4},"end":{"line":32,"column":null}},"6":{"start":{"line":13,"column":22},"end":{"line":13,"column":80}},"7":{"start":{"line":14,"column":25},"end":{"line":14,"column":58}},"8":{"start":{"line":16,"column":20},"end":{"line":16,"column":41}},"9":{"start":{"line":18,"column":6},"end":{"line":19,"column":null}},"10":{"start":{"line":19,"column":8},"end":{"line":19,"column":null}},"11":{"start":{"line":22,"column":6},"end":{"line":28,"column":null}},"12":{"start":{"line":30,"column":6},"end":{"line":30,"column":null}},"13":{"start":{"line":30,"column":35},"end":{"line":30,"column":null}},"14":{"start":{"line":32,"column":6},"end":{"line":32,"column":null}},"15":{"start":{"line":35,"column":4},"end":{"line":35,"column":null}}},"fnMap":{"0":{"name":"(anonymous_0)","decl":{"start":{"line":7,"column":2},"end":{"line":7,"column":8}},"loc":{"start":{"line":7,"column":43},"end":{"line":35,"column":null}},"line":7}},"branchMap":{"0":{"loc":{"start":{"line":18,"column":6},"end":{"line":19,"column":null}},"type":"if","locations":[{"start":{"line":18,"column":6},"end":{"line":19,"column":null}},{"start":{},"end":{}}],"line":18},"1":{"loc":{"start":{"line":30,"column":6},"end":{"line":30,"column":null}},"type":"if","locations":[{"start":{"line":30,"column":6},"end":{"line":30,"column":null}},{"start":{},"end":{}}],"line":30}},"s":{"0":1,"1":1,"2":5,"3":5,"4":5,"5":5,"6":8,"7":8,"8":8,"9":8,"10":3,"11":8,"12":8,"13":5,"14":3,"15":5},"f":{"0":5},"b":{"0":[3,5],"1":[5,3]},"meta":{"lastBranch":2,"lastFunction":1,"lastStatement":16,"seen":{"s:4:37:4:Infinity":0,"s:5:35:5:Infinity":1,"f:7:2:7:8":0,"s:8:18:8:45":2,"s:9:28:9:30":3,"s:10:22:10:Infinity":4,"s:12:4:32:Infinity":5,"s:13:22:13:80":6,"s:14:25:14:58":7,"s:16:20:16:41":8,"b:18:6:19:Infinity:undefined:undefined:undefined:undefined":0,"s:18:6:19:Infinity":9,"s:19:8:19:Infinity":10,"s:22:6:28:Infinity":11,"b:30:6:30:Infinity:undefined:undefined:undefined:undefined":1,"s:30:6:30:Infinity":12,"s:30:35:30:Infinity":13,"s:32:6:32:Infinity":14,"s:35:4:35:Infinity":15}}}
,"/Volumes/128GBSSD/Projects/indexer-cli/src/chunking/single.ts": {"path":"/Volumes/128GBSSD/Projects/indexer-cli/src/chunking/single.ts","statementMap":{"0":{"start":{"line":5,"column":18},"end":{"line":5,"column":45}},"1":{"start":{"line":6,"column":4},"end":{"line":14,"column":null}}},"fnMap":{"0":{"name":"(anonymous_0)","decl":{"start":{"line":4,"column":2},"end":{"line":4,"column":8}},"loc":{"start":{"line":4,"column":43},"end":{"line":14,"column":null}},"line":4}},"branchMap":{},"s":{"0":3,"1":3},"f":{"0":3},"b":{},"meta":{"lastBranch":0,"lastFunction":1,"lastStatement":2,"seen":{"f:4:2:4:8":0,"s:5:18:5:45":0,"s:6:4:14:Infinity":1}}}
,"/Volumes/128GBSSD/Projects/indexer-cli/src/core/config.ts": {"path":"/Volumes/128GBSSD/Projects/indexer-cli/src/core/config.ts","statementMap":{"0":{"start":{"line":16,"column":38},"end":{"line":26,"column":null}},"1":{"start":{"line":32,"column":2},"end":{"line":32,"column":null}},"2":{"start":{"line":36,"column":21},"end":{"line":36,"column":54}},"3":{"start":{"line":37,"column":2},"end":{"line":37,"column":null}},"4":{"start":{"line":37,"column":34},"end":{"line":37,"column":null}},"5":{"start":{"line":39,"column":2},"end":{"line":70,"column":null}},"6":{"start":{"line":40,"column":15},"end":{"line":40,"column":51}},"7":{"start":{"line":41,"column":18},"end":{"line":41,"column":33}},"8":{"start":{"line":43,"column":3},"end":{"line":44,"column":null}},"9":{"start":{"line":44,"column":4},"end":{"line":44,"column":null}},"10":{"start":{"line":45,"column":3},"end":{"line":46,"column":null}},"11":{"start":{"line":46,"column":4},"end":{"line":46,"column":null}},"12":{"start":{"line":47,"column":3},"end":{"line":51,"column":null}},"13":{"start":{"line":51,"column":4},"end":{"line":51,"column":null}},"14":{"start":{"line":52,"column":3},"end":{"line":53,"column":null}},"15":{"start":{"line":53,"column":4},"end":{"line":53,"column":null}},"16":{"start":{"line":54,"column":3},"end":{"line":55,"column":null}},"17":{"start":{"line":55,"column":4},"end":{"line":55,"column":null}},"18":{"start":{"line":56,"column":3},"end":{"line":57,"column":null}},"19":{"start":{"line":57,"column":4},"end":{"line":57,"column":null}},"20":{"start":{"line":58,"column":3},"end":{"line":62,"column":null}},"21":{"start":{"line":62,"column":4},"end":{"line":62,"column":null}},"22":{"start":{"line":63,"column":3},"end":{"line":67,"column":null}},"23":{"start":{"line":67,"column":4},"end":{"line":67,"column":null}},"24":{"start":{"line":68,"column":3},"end":{"line":69,"column":null}},"25":{"start":{"line":69,"column":4},"end":{"line":69,"column":null}},"26":{"start":{"line":76,"column":2},"end":{"line":76,"column":null}},"27":{"start":{"line":80,"column":2},"end":{"line":80,"column":null}},"28":{"start":{"line":84,"column":22},"end":{"line":84,"column":41}}},"fnMap":{"0":{"name":"(anonymous_0)","decl":{"start":{"line":31,"column":1},"end":{"line":31,"column":15}},"loc":{"start":{"line":31,"column":15},"end":{"line":32,"column":null}},"line":31},"1":{"name":"(anonymous_1)","decl":{"start":{"line":35,"column":1},"end":{"line":35,"column":6}},"loc":{"start":{"line":35,"column":29},"end":{"line":70,"column":null}},"line":35},"2":{"name":"(anonymous_2)","decl":{"start":{"line":75,"column":1},"end":{"line":75,"column":8}},"loc":{"start":{"line":75,"column":69},"end":{"line":76,"column":null}},"line":75},"3":{"name":"(anonymous_3)","decl":{"start":{"line":79,"column":1},"end":{"line":79,"column":8}},"loc":{"start":{"line":79,"column":42},"end":{"line":80,"column":null}},"line":79}},"branchMap":{"0":{"loc":{"start":{"line":37,"column":2},"end":{"line":37,"column":null}},"type":"if","locations":[{"start":{"line":37,"column":2},"end":{"line":37,"column":null}},{"start":{},"end":{}}],"line":37},"1":{"loc":{"start":{"line":43,"column":3},"end":{"line":44,"column":null}},"type":"if","locations":[{"start":{"line":43,"column":3},"end":{"line":44,"column":null}},{"start":{},"end":{}}],"line":43},"2":{"loc":{"start":{"line":45,"column":3},"end":{"line":46,"column":null}},"type":"if","locations":[{"start":{"line":45,"column":3},"end":{"line":46,"column":null}},{"start":{},"end":{}}],"line":45},"3":{"loc":{"start":{"line":47,"column":3},"end":{"line":51,"column":null}},"type":"if","locations":[{"start":{"line":47,"column":3},"end":{"line":51,"column":null}},{"start":{},"end":{}}],"line":47},"4":{"loc":{"start":{"line":48,"column":4},"end":{"line":49,"column":null}},"type":"binary-expr","locations":[{"start":{"line":48,"column":4},"end":{"line":48,"column":null}},{"start":{"line":49,"column":4},"end":{"line":49,"column":null}}],"line":48},"5":{"loc":{"start":{"line":52,"column":3},"end":{"line":53,"column":null}},"type":"if","locations":[{"start":{"line":52,"column":3},"end":{"line":53,"column":null}},{"start":{},"end":{}}],"line":52},"6":{"loc":{"start":{"line":52,"column":7},"end":{"line":52,"column":null}},"type":"binary-expr","locations":[{"start":{"line":52,"column":7},"end":{"line":52,"column":48}},{"start":{"line":52,"column":48},"end":{"line":52,"column":null}}],"line":52},"7":{"loc":{"start":{"line":54,"column":3},"end":{"line":55,"column":null}},"type":"if","locations":[{"start":{"line":54,"column":3},"end":{"line":55,"column":null}},{"start":{},"end":{}}],"line":54},"8":{"loc":{"start":{"line":56,"column":3},"end":{"line":57,"column":null}},"type":"if","locations":[{"start":{"line":56,"column":3},"end":{"line":57,"column":null}},{"start":{},"end":{}}],"line":56},"9":{"loc":{"start":{"line":56,"column":7},"end":{"line":56,"column":null}},"type":"binary-expr","locations":[{"start":{"line":56,"column":7},"end":{"line":56,"column":50}},{"start":{"line":56,"column":50},"end":{"line":56,"column":null}}],"line":56},"10":{"loc":{"start":{"line":58,"column":3},"end":{"line":62,"column":null}},"type":"if","locations":[{"start":{"line":58,"column":3},"end":{"line":62,"column":null}},{"start":{},"end":{}}],"line":58},"11":{"loc":{"start":{"line":59,"column":4},"end":{"line":60,"column":null}},"type":"binary-expr","locations":[{"start":{"line":59,"column":4},"end":{"line":59,"column":null}},{"start":{"line":60,"column":4},"end":{"line":60,"column":null}}],"line":59},"12":{"loc":{"start":{"line":63,"column":3},"end":{"line":67,"column":null}},"type":"if","locations":[{"start":{"line":63,"column":3},"end":{"line":67,"column":null}},{"start":{},"end":{}}],"line":63},"13":{"loc":{"start":{"line":64,"column":4},"end":{"line":65,"column":null}},"type":"binary-expr","locations":[{"start":{"line":64,"column":4},"end":{"line":64,"column":null}},{"start":{"line":65,"column":4},"end":{"line":65,"column":null}}],"line":64},"14":{"loc":{"start":{"line":68,"column":3},"end":{"line":69,"column":null}},"type":"if","locations":[{"start":{"line":68,"column":3},"end":{"line":69,"column":null}},{"start":{},"end":{}}],"line":68}},"s":{"0":2,"1":12,"2":6,"3":6,"4":1,"5":5,"6":5,"7":5,"8":5,"9":1,"10":4,"11":2,"12":4,"13":1,"14":4,"15":1,"16":4,"17":1,"18":4,"19":1,"20":4,"21":2,"22":4,"23":1,"24":4,"25":1,"26":9,"27":8,"28":2},"f":{"0":12,"1":6,"2":9,"3":8},"b":{"0":[1,5],"1":[1,4],"2":[2,2],"3":[1,3],"4":[4,2],"5":[1,3],"6":[4,2],"7":[1,3],"8":[1,3],"9":[4,2],"10":[2,2],"11":[4,3],"12":[1,3],"13":[4,2],"14":[1,3]},"meta":{"lastBranch":15,"lastFunction":4,"lastStatement":29,"seen":{"s:16:38:26:Infinity":0,"f:31:1:31:15":0,"s:32:2:32:Infinity":1,"f:35:1:35:6":1,"s:36:21:36:54":2,"b:37:2:37:Infinity:undefined:undefined:undefined:undefined":0,"s:37:2:37:Infinity":3,"s:37:34:37:Infinity":4,"s:39:2:70:Infinity":5,"s:40:15:40:51":6,"s:41:18:41:33":7,"b:43:3:44:Infinity:undefined:undefined:undefined:undefined":1,"s:43:3:44:Infinity":8,"s:44:4:44:Infinity":9,"b:45:3:46:Infinity:undefined:undefined:undefined:undefined":2,"s:45:3:46:Infinity":10,"s:46:4:46:Infinity":11,"b:47:3:51:Infinity:undefined:undefined:undefined:undefined":3,"s:47:3:51:Infinity":12,"b:48:4:48:Infinity:49:4:49:Infinity":4,"s:51:4:51:Infinity":13,"b:52:3:53:Infinity:undefined:undefined:undefined:undefined":5,"s:52:3:53:Infinity":14,"b:52:7:52:48:52:48:52:Infinity":6,"s:53:4:53:Infinity":15,"b:54:3:55:Infinity:undefined:undefined:undefined:undefined":7,"s:54:3:55:Infinity":16,"s:55:4:55:Infinity":17,"b:56:3:57:Infinity:undefined:undefined:undefined:undefined":8,"s:56:3:57:Infinity":18,"b:56:7:56:50:56:50:56:Infinity":9,"s:57:4:57:Infinity":19,"b:58:3:62:Infinity:undefined:undefined:undefined:undefined":10,"s:58:3:62:Infinity":20,"b:59:4:59:Infinity:60:4:60:Infinity":11,"s:62:4:62:Infinity":21,"b:63:3:67:Infinity:undefined:undefined:undefined:undefined":12,"s:63:3:67:Infinity":22,"b:64:4:64:Infinity:65:4:65:Infinity":13,"s:67:4:67:Infinity":23,"b:68:3:69:Infinity:undefined:undefined:undefined:undefined":14,"s:68:3:69:Infinity":24,"s:69:4:69:Infinity":25,"f:75:1:75:8":2,"s:76:2:76:Infinity":26,"f:79:1:79:8":3,"s:80:2:80:Infinity":27,"s:84:22:84:41":28}}}
,"/Volumes/128GBSSD/Projects/indexer-cli/src/core/logger.ts": {"path":"/Volumes/128GBSSD/Projects/indexer-cli/src/core/logger.ts","statementMap":{"0":{"start":{"line":6,"column":53},"end":{"line":11,"column":null}},"1":{"start":{"line":13,"column":21},"end":{"line":13,"column":72}},"2":{"start":{"line":14,"column":22},"end":{"line":14,"column":null}},"3":{"start":{"line":16,"column":32},"end":{"line":16,"column":null}},"4":{"start":{"line":17,"column":33},"end":{"line":17,"column":null}},"5":{"start":{"line":20,"column":1},"end":{"line":20,"column":null}},"6":{"start":{"line":24,"column":1},"end":{"line":24,"column":null}},"7":{"start":{"line":34,"column":20},"end":{"line":34,"column":53}},"8":{"start":{"line":35,"column":1},"end":{"line":43,"column":null}},"9":{"start":{"line":36,"column":2},"end":{"line":40,"column":null}},"10":{"start":{"line":37,"column":15},"end":{"line":37,"column":51}},"11":{"start":{"line":38,"column":15},"end":{"line":38,"column":30}},"12":{"start":{"line":39,"column":3},"end":{"line":40,"column":null}},"13":{"start":{"line":40,"column":4},"end":{"line":40,"column":null}},"14":{"start":{"line":47,"column":1},"end":{"line":47,"column":null}},"15":{"start":{"line":51,"column":1},"end":{"line":51,"column":null}},"16":{"start":{"line":51,"column":19},"end":{"line":51,"column":null}},"17":{"start":{"line":52,"column":1},"end":{"line":65,"column":null}},"18":{"start":{"line":53,"column":2},"end":{"line":53,"column":null}},"19":{"start":{"line":53,"column":35},"end":{"line":53,"column":null}},"20":{"start":{"line":54,"column":19},"end":{"line":54,"column":56}},"21":{"start":{"line":55,"column":16},"end":{"line":55,"column":36}},"22":{"start":{"line":57,"column":3},"end":{"line":57,"column":null}},"23":{"start":{"line":58,"column":2},"end":{"line":63,"column":null}},"24":{"start":{"line":59,"column":19},"end":{"line":59,"column":67}},"25":{"start":{"line":60,"column":3},"end":{"line":63,"column":null}},"26":{"start":{"line":71,"column":1},"end":{"line":74,"column":null}},"27":{"start":{"line":73,"column":2},"end":{"line":73,"column":null}},"28":{"start":{"line":74,"column":2},"end":{"line":74,"column":null}},"29":{"start":{"line":76,"column":1},"end":{"line":85,"column":null}},"30":{"start":{"line":77,"column":14},"end":{"line":77,"column":39}},"31":{"start":{"line":78,"column":2},"end":{"line":80,"column":null}},"32":{"start":{"line":79,"column":3},"end":{"line":79,"column":null}},"33":{"start":{"line":80,"column":3},"end":{"line":80,"column":null}},"34":{"start":{"line":82,"column":2},"end":{"line":82,"column":null}},"35":{"start":{"line":83,"column":2},"end":{"line":83,"column":null}},"36":{"start":{"line":85,"column":2},"end":{"line":85,"column":null}},"37":{"start":{"line":89,"column":6},"end":{"line":90,"column":null}},"38":{"start":{"line":90,"column":1},"end":{"line":90,"column":null}},"39":{"start":{"line":96,"column":2},"end":{"line":96,"column":null}},"40":{"start":{"line":100,"column":2},"end":{"line":101,"column":null}},"41":{"start":{"line":101,"column":3},"end":{"line":101,"column":null}},"42":{"start":{"line":103,"column":15},"end":{"line":103,"column":70}},"43":{"start":{"line":104,"column":20},"end":{"line":104,"column":44}},"44":{"start":{"line":105,"column":21},"end":{"line":105,"column":null}},"45":{"start":{"line":106,"column":2},"end":{"line":108,"column":null}},"46":{"start":{"line":112,"column":2},"end":{"line":112,"column":null}},"47":{"start":{"line":116,"column":2},"end":{"line":116,"column":null}},"48":{"start":{"line":120,"column":2},"end":{"line":120,"column":null}},"49":{"start":{"line":124,"column":2},"end":{"line":124,"column":null}}},"fnMap":{"0":{"name":"setLogLevel","decl":{"start":{"line":19,"column":16},"end":{"line":19,"column":28}},"loc":{"start":{"line":19,"column":51},"end":{"line":20,"column":null}},"line":19},"1":{"name":"getLogLevel","decl":{"start":{"line":23,"column":16},"end":{"line":23,"column":40}},"loc":{"start":{"line":23,"column":40},"end":{"line":24,"column":null}},"line":23},"2":{"name":"initLogger","decl":{"start":{"line":33,"column":16},"end":{"line":33,"column":27}},"loc":{"start":{"line":33,"column":50},"end":{"line":47,"column":null}},"line":33},"3":{"name":"rotateIfNeeded","decl":{"start":{"line":50,"column":9},"end":{"line":50,"column":32}},"loc":{"start":{"line":50,"column":32},"end":{"line":65,"column":null}},"line":50},"4":{"name":"writeLine","decl":{"start":{"line":70,"column":9},"end":{"line":70,"column":19}},"loc":{"start":{"line":70,"column":39},"end":{"line":85,"column":null}},"line":70},"5":{"name":"(anonymous_5)","decl":{"start":{"line":89,"column":6},"end":{"line":89,"column":19}},"loc":{"start":{"line":90,"column":1},"end":{"line":90,"column":null}},"line":90},"6":{"name":"(anonymous_6)","decl":{"start":{"line":95,"column":1},"end":{"line":95,"column":13}},"loc":{"start":{"line":95,"column":34},"end":{"line":96,"column":null}},"line":95},"7":{"name":"(anonymous_7)","decl":{"start":{"line":99,"column":1},"end":{"line":99,"column":9}},"loc":{"start":{"line":99,"column":67},"end":{"line":108,"column":null}},"line":99},"8":{"name":"(anonymous_8)","decl":{"start":{"line":111,"column":1},"end":{"line":111,"column":6}},"loc":{"start":{"line":111,"column":39},"end":{"line":112,"column":null}},"line":111},"9":{"name":"(anonymous_9)","decl":{"start":{"line":115,"column":1},"end":{"line":115,"column":6}},"loc":{"start":{"line":115,"column":39},"end":{"line":116,"column":null}},"line":115},"10":{"name":"(anonymous_10)","decl":{"start":{"line":119,"column":1},"end":{"line":119,"column":7}},"loc":{"start":{"line":119,"column":40},"end":{"line":120,"column":null}},"line":119},"11":{"name":"(anonymous_11)","decl":{"start":{"line":123,"column":1},"end":{"line":123,"column":7}},"loc":{"start":{"line":123,"column":40},"end":{"line":124,"column":null}},"line":123}},"branchMap":{"0":{"loc":{"start":{"line":36,"column":2},"end":{"line":40,"column":null}},"type":"if","locations":[{"start":{"line":36,"column":2},"end":{"line":40,"column":null}},{"start":{},"end":{}}],"line":36},"1":{"loc":{"start":{"line":39,"column":3},"end":{"line":40,"column":null}},"type":"if","locations":[{"start":{"line":39,"column":3},"end":{"line":40,"column":null}},{"start":{},"end":{}}],"line":39},"2":{"loc":{"start":{"line":39,"column":7},"end":{"line":39,"column":73}},"type":"binary-expr","locations":[{"start":{"line":39,"column":7},"end":{"line":39,"column":43}},{"start":{"line":39,"column":43},"end":{"line":39,"column":73}}],"line":39},"3":{"loc":{"start":{"line":51,"column":1},"end":{"line":51,"column":null}},"type":"if","locations":[{"start":{"line":51,"column":1},"end":{"line":51,"column":null}},{"start":{},"end":{}}],"line":51},"4":{"loc":{"start":{"line":53,"column":2},"end":{"line":53,"column":null}},"type":"if","locations":[{"start":{"line":53,"column":2},"end":{"line":53,"column":null}},{"start":{},"end":{}}],"line":53},"5":{"loc":{"start":{"line":57,"column":3},"end":{"line":57,"column":null}},"type":"cond-expr","locations":[{"start":{"line":57,"column":36},"end":{"line":57,"column":55}},{"start":{"line":57,"column":55},"end":{"line":57,"column":null}}],"line":57},"6":{"loc":{"start":{"line":58,"column":2},"end":{"line":63,"column":null}},"type":"if","locations":[{"start":{"line":58,"column":2},"end":{"line":63,"column":null}},{"start":{},"end":{}}],"line":58},"7":{"loc":{"start":{"line":62,"column":4},"end":{"line":62,"column":null}},"type":"cond-expr","locations":[{"start":{"line":62,"column":29},"end":{"line":62,"column":39}},{"start":{"line":62,"column":39},"end":{"line":62,"column":null}}],"line":62},"8":{"loc":{"start":{"line":71,"column":1},"end":{"line":74,"column":null}},"type":"if","locations":[{"start":{"line":71,"column":1},"end":{"line":74,"column":null}},{"start":{},"end":{}}],"line":71},"9":{"loc":{"start":{"line":78,"column":2},"end":{"line":80,"column":null}},"type":"if","locations":[{"start":{"line":78,"column":2},"end":{"line":80,"column":null}},{"start":{},"end":{}}],"line":78},"10":{"loc":{"start":{"line":100,"column":2},"end":{"line":101,"column":null}},"type":"if","locations":[{"start":{"line":100,"column":2},"end":{"line":101,"column":null}},{"start":{},"end":{}}],"line":100},"11":{"loc":{"start":{"line":103,"column":15},"end":{"line":103,"column":70}},"type":"cond-expr","locations":[{"start":{"line":103,"column":45},"end":{"line":103,"column":55}},{"start":{"line":103,"column":55},"end":{"line":103,"column":70}}],"line":103},"12":{"loc":{"start":{"line":105,"column":21},"end":{"line":105,"column":null}},"type":"cond-expr","locations":[{"start":{"line":105,"column":31},"end":{"line":105,"column":63}},{"start":{"line":105,"column":63},"end":{"line":105,"column":null}}],"line":105}},"s":{"0":22,"1":22,"2":22,"3":22,"4":22,"5":11,"6":5,"7":12,"8":12,"9":12,"10":3,"11":3,"12":3,"13":1,"14":12,"15":112,"16":0,"17":112,"18":112,"19":0,"20":112,"21":112,"22":112,"23":112,"24":6,"25":6,"26":115,"27":1,"28":1,"29":114,"30":114,"31":114,"32":1,"33":1,"34":113,"35":113,"36":1,"37":22,"38":173,"39":20,"40":173,"41":58,"42":115,"43":173,"44":173,"45":173,"46":151,"47":11,"48":2,"49":9},"f":{"0":11,"1":5,"2":12,"3":112,"4":115,"5":173,"6":20,"7":173,"8":151,"9":11,"10":2,"11":9},"b":{"0":[3,9],"1":[1,2],"2":[3,2],"3":[0,112],"4":[0,112],"5":[112,0],"6":[6,106],"7":[6,0],"8":[1,114],"9":[1,113],"10":[58,115],"11":[114,1],"12":[2,113]},"meta":{"lastBranch":13,"lastFunction":12,"lastStatement":50,"seen":{"s:6:53:11:Infinity":0,"s:13:21:13:72":1,"s:14:22:14:Infinity":2,"s:16:32:16:Infinity":3,"s:17:33:17:Infinity":4,"f:19:16:19:28":0,"s:20:1:20:Infinity":5,"f:23:16:23:40":1,"s:24:1:24:Infinity":6,"f:33:16:33:27":2,"s:34:20:34:53":7,"s:35:1:43:Infinity":8,"b:36:2:40:Infinity:undefined:undefined:undefined:undefined":0,"s:36:2:40:Infinity":9,"s:37:15:37:51":10,"s:38:15:38:30":11,"b:39:3:40:Infinity:undefined:undefined:undefined:undefined":1,"s:39:3:40:Infinity":12,"b:39:7:39:43:39:43:39:73":2,"s:40:4:40:Infinity":13,"s:47:1:47:Infinity":14,"f:50:9:50:32":3,"b:51:1:51:Infinity:undefined:undefined:undefined:undefined":3,"s:51:1:51:Infinity":15,"s:51:19:51:Infinity":16,"s:52:1:65:Infinity":17,"b:53:2:53:Infinity:undefined:undefined:undefined:undefined":4,"s:53:2:53:Infinity":18,"s:53:35:53:Infinity":19,"s:54:19:54:56":20,"s:55:16:55:36":21,"s:57:3:57:Infinity":22,"b:57:36:57:55:57:55:57:Infinity":5,"b:58:2:63:Infinity:undefined:undefined:undefined:undefined":6,"s:58:2:63:Infinity":23,"s:59:19:59:67":24,"s:60:3:63:Infinity":25,"b:62:29:62:39:62:39:62:Infinity":7,"f:70:9:70:19":4,"b:71:1:74:Infinity:undefined:undefined:undefined:undefined":8,"s:71:1:74:Infinity":26,"s:73:2:73:Infinity":27,"s:74:2:74:Infinity":28,"s:76:1:85:Infinity":29,"s:77:14:77:39":30,"b:78:2:80:Infinity:undefined:undefined:undefined:undefined":9,"s:78:2:80:Infinity":31,"s:79:3:79:Infinity":32,"s:80:3:80:Infinity":33,"s:82:2:82:Infinity":34,"s:83:2:83:Infinity":35,"s:85:2:85:Infinity":36,"s:89:6:90:Infinity":37,"f:89:6:89:19":5,"s:90:1:90:Infinity":38,"f:95:1:95:13":6,"s:96:2:96:Infinity":39,"f:99:1:99:9":7,"b:100:2:101:Infinity:undefined:undefined:undefined:undefined":10,"s:100:2:101:Infinity":40,"s:101:3:101:Infinity":41,"s:103:15:103:70":42,"b:103:45:103:55:103:55:103:70":11,"s:104:20:104:44":43,"s:105:21:105:Infinity":44,"b:105:31:105:63:105:63:105:Infinity":12,"s:106:2:108:Infinity":45,"f:111:1:111:6":8,"s:112:2:112:Infinity":46,"f:115:1:115:6":9,"s:116:2:116:Infinity":47,"f:119:1:119:7":10,"s:120:2:120:Infinity":48,"f:123:1:123:7":11,"s:124:2:124:Infinity":49}}}
,"/Volumes/128GBSSD/Projects/indexer-cli/src/embedding/ollama.ts": {"path":"/Volumes/128GBSSD/Projects/indexer-cli/src/embedding/ollama.ts","statementMap":{"0":{"start":{"line":5,"column":15},"end":{"line":5,"column":52}},"1":{"start":{"line":8,"column":22},"end":{"line":8,"column":null}},"2":{"start":{"line":9,"column":29},"end":{"line":9,"column":null}},"3":{"start":{"line":16,"column":51},"end":{"line":16,"column":null}},"4":{"start":{"line":17,"column":37},"end":{"line":17,"column":null}},"5":{"start":{"line":26,"column":2},"end":{"line":26,"column":null}},"6":{"start":{"line":27,"column":2},"end":{"line":27,"column":null}},"7":{"start":{"line":28,"column":2},"end":{"line":28,"column":null}},"8":{"start":{"line":29,"column":2},"end":{"line":29,"column":null}},"9":{"start":{"line":30,"column":2},"end":{"line":30,"column":null}},"10":{"start":{"line":34,"column":2},"end":{"line":34,"column":null}},"11":{"start":{"line":40,"column":2},"end":{"line":40,"column":null}},"12":{"start":{"line":44,"column":20},"end":{"line":44,"column":30}},"13":{"start":{"line":45,"column":18},"end":{"line":45,"column":59}},"14":{"start":{"line":46,"column":30},"end":{"line":46,"column":53}},"15":{"start":{"line":48,"column":29},"end":{"line":51,"column":5}},"16":{"start":{"line":48,"column":60},"end":{"line":51,"column":5}},"17":{"start":{"line":53,"column":16},"end":{"line":53,"column":39}},"18":{"start":{"line":54,"column":18},"end":{"line":68,"column":null}},"19":{"start":{"line":57,"column":4},"end":{"line":66,"column":null}},"20":{"start":{"line":58,"column":21},"end":{"line":58,"column":34}},"21":{"start":{"line":59,"column":5},"end":{"line":59,"column":null}},"22":{"start":{"line":59,"column":19},"end":{"line":59,"column":null}},"23":{"start":{"line":61,"column":33},"end":{"line":61,"column":null}},"24":{"start":{"line":63,"column":24},"end":{"line":63,"column":52}},"25":{"start":{"line":64,"column":5},"end":{"line":66,"column":null}},"26":{"start":{"line":65,"column":6},"end":{"line":65,"column":null}},"27":{"start":{"line":70,"column":2},"end":{"line":70,"column":null}},"28":{"start":{"line":72,"column":2},"end":{"line":72,"column":null}},"29":{"start":{"line":73,"column":2},"end":{"line":73,"column":null}},"30":{"start":{"line":77,"column":25},"end":{"line":77,"column":27}},"31":{"start":{"line":78,"column":2},"end":{"line":79,"column":null}},"32":{"start":{"line":78,"column":15},"end":{"line":78,"column":18}},"33":{"start":{"line":79,"column":3},"end":{"line":79,"column":null}},"34":{"start":{"line":81,"column":2},"end":{"line":81,"column":null}},"35":{"start":{"line":85,"column":2},"end":{"line":103,"column":null}},"36":{"start":{"line":86,"column":3},"end":{"line":86,"column":null}},"37":{"start":{"line":88,"column":3},"end":{"line":93,"column":null}},"38":{"start":{"line":89,"column":4},"end":{"line":91,"column":null}},"39":{"start":{"line":92,"column":4},"end":{"line":92,"column":null}},"40":{"start":{"line":93,"column":4},"end":{"line":93,"column":null}},"41":{"start":{"line":96,"column":3},"end":{"line":99,"column":null}},"42":{"start":{"line":97,"column":4},"end":{"line":97,"column":null}},"43":{"start":{"line":98,"column":4},"end":{"line":98,"column":null}},"44":{"start":{"line":99,"column":4},"end":{"line":99,"column":null}},"45":{"start":{"line":102,"column":19},"end":{"line":102,"column":73}},"46":{"start":{"line":103,"column":3},"end":{"line":103,"column":null}},"47":{"start":{"line":108,"column":2},"end":{"line":109,"column":null}},"48":{"start":{"line":109,"column":3},"end":{"line":109,"column":null}},"49":{"start":{"line":113,"column":17},"end":{"line":113,"column":null}},"50":{"start":{"line":114,"column":16},"end":{"line":114,"column":null}},"51":{"start":{"line":115,"column":24},"end":{"line":115,"column":null}},"52":{"start":{"line":116,"column":18},"end":{"line":116,"column":null}},"53":{"start":{"line":118,"column":2},"end":{"line":128,"column":null}},"54":{"start":{"line":128,"column":3},"end":{"line":128,"column":null}},"55":{"start":{"line":131,"column":2},"end":{"line":136,"column":null}},"56":{"start":{"line":141,"column":2},"end":{"line":142,"column":null}},"57":{"start":{"line":142,"column":3},"end":{"line":142,"column":null}},"58":{"start":{"line":144,"column":2},"end":{"line":145,"column":null}},"59":{"start":{"line":145,"column":3},"end":{"line":145,"column":null}},"60":{"start":{"line":147,"column":18},"end":{"line":147,"column":null}},"61":{"start":{"line":148,"column":2},"end":{"line":148,"column":null}},"62":{"start":{"line":152,"column":2},"end":{"line":184,"column":null}},"63":{"start":{"line":153,"column":20},"end":{"line":165,"column":null}},"64":{"start":{"line":168,"column":3},"end":{"line":169,"column":null}},"65":{"start":{"line":169,"column":4},"end":{"line":169,"column":null}},"66":{"start":{"line":172,"column":3},"end":{"line":173,"column":null}},"67":{"start":{"line":173,"column":4},"end":{"line":173,"column":null}},"68":{"start":{"line":176,"column":16},"end":{"line":176,"column":37}},"69":{"start":{"line":177,"column":3},"end":{"line":178,"column":null}},"70":{"start":{"line":178,"column":4},"end":{"line":178,"column":null}},"71":{"start":{"line":181,"column":3},"end":{"line":182,"column":null}},"72":{"start":{"line":182,"column":4},"end":{"line":182,"column":null}},"73":{"start":{"line":184,"column":3},"end":{"line":184,"column":null}},"74":{"start":{"line":187,"column":2},"end":{"line":187,"column":null}},"75":{"start":{"line":191,"column":33},"end":{"line":191,"column":35}},"76":{"start":{"line":193,"column":2},"end":{"line":219,"column":null}},"77":{"start":{"line":194,"column":20},"end":{"line":206,"column":null}},"78":{"start":{"line":209,"column":3},"end":{"line":212,"column":null}},"79":{"start":{"line":210,"column":4},"end":{"line":212,"column":null}},"80":{"start":{"line":215,"column":16},"end":{"line":215,"column":37}},"81":{"start":{"line":216,"column":3},"end":{"line":219,"column":null}},"82":{"start":{"line":217,"column":4},"end":{"line":217,"column":null}},"83":{"start":{"line":219,"column":4},"end":{"line":219,"column":null}},"84":{"start":{"line":223,"column":2},"end":{"line":223,"column":null}},"85":{"start":{"line":227,"column":2},"end":{"line":239,"column":null}},"86":{"start":{"line":228,"column":3},"end":{"line":235,"column":null}},"87":{"start":{"line":236,"column":3},"end":{"line":236,"column":null}},"88":{"start":{"line":238,"column":19},"end":{"line":238,"column":73}},"89":{"start":{"line":239,"column":3},"end":{"line":239,"column":null}},"90":{"start":{"line":244,"column":2},"end":{"line":256,"column":null}},"91":{"start":{"line":245,"column":22},"end":{"line":245,"column":43}},"92":{"start":{"line":246,"column":21},"end":{"line":246,"column":63}},"93":{"start":{"line":246,"column":38},"end":{"line":246,"column":56}},"94":{"start":{"line":247,"column":3},"end":{"line":253,"column":null}},"95":{"start":{"line":248,"column":21},"end":{"line":250,"column":6}},"96":{"start":{"line":251,"column":4},"end":{"line":251,"column":null}},"97":{"start":{"line":253,"column":4},"end":{"line":253,"column":null}},"98":{"start":{"line":256,"column":3},"end":{"line":256,"column":null}},"99":{"start":{"line":261,"column":2},"end":{"line":265,"column":null}},"100":{"start":{"line":261,"column":15},"end":{"line":261,"column":18}},"101":{"start":{"line":262,"column":3},"end":{"line":263,"column":null}},"102":{"start":{"line":263,"column":4},"end":{"line":263,"column":null}},"103":{"start":{"line":265,"column":3},"end":{"line":265,"column":null}},"104":{"start":{"line":265,"column":34},"end":{"line":265,"column":62}},"105":{"start":{"line":268,"column":2},"end":{"line":270,"column":null}},"106":{"start":{"line":274,"column":2},"end":{"line":280,"column":null}},"107":{"start":{"line":275,"column":3},"end":{"line":278,"column":null}},"108":{"start":{"line":279,"column":3},"end":{"line":279,"column":null}},"109":{"start":{"line":286,"column":2},"end":{"line":287,"column":null}},"110":{"start":{"line":287,"column":3},"end":{"line":287,"column":null}},"111":{"start":{"line":290,"column":2},"end":{"line":297,"column":null}},"112":{"start":{"line":291,"column":3},"end":{"line":297,"column":null}},"113":{"start":{"line":292,"column":4},"end":{"line":294,"column":null}},"114":{"start":{"line":295,"column":4},"end":{"line":295,"column":null}},"115":{"start":{"line":296,"column":4},"end":{"line":296,"column":null}},"116":{"start":{"line":300,"column":2},"end":{"line":303,"column":null}},"117":{"start":{"line":301,"column":3},"end":{"line":301,"column":null}},"118":{"start":{"line":303,"column":3},"end":{"line":303,"column":null}},"119":{"start":{"line":312,"column":21},"end":{"line":312,"column":42}},"120":{"start":{"line":313,"column":20},"end":{"line":313,"column":67}},"121":{"start":{"line":313,"column":37},"end":{"line":313,"column":55}},"122":{"start":{"line":314,"column":2},"end":{"line":317,"column":null}},"123":{"start":{"line":315,"column":3},"end":{"line":315,"column":null}},"124":{"start":{"line":317,"column":3},"end":{"line":317,"column":null}}},"fnMap":{"0":{"name":"(anonymous_0)","decl":{"start":{"line":19,"column":1},"end":{"line":19,"column":null}},"loc":{"start":{"line":25,"column":3},"end":{"line":30,"column":null}},"line":25},"1":{"name":"(anonymous_1)","decl":{"start":{"line":33,"column":7},"end":{"line":33,"column":35}},"loc":{"start":{"line":33,"column":35},"end":{"line":34,"column":null}},"line":33},"2":{"name":"(anonymous_2)","decl":{"start":{"line":37,"column":7},"end":{"line":37,"column":30}},"loc":{"start":{"line":37,"column":30},"end":{"line":37,"column":null}},"line":37},"3":{"name":"(anonymous_3)","decl":{"start":{"line":39,"column":1},"end":{"line":39,"column":24}},"loc":{"start":{"line":39,"column":24},"end":{"line":40,"column":null}},"line":39},"4":{"name":"(anonymous_4)","decl":{"start":{"line":43,"column":7},"end":{"line":43,"column":13}},"loc":{"start":{"line":43,"column":51},"end":{"line":73,"column":null}},"line":43},"5":{"name":"(anonymous_5)","decl":{"start":{"line":48,"column":37},"end":{"line":48,"column":42}},"loc":{"start":{"line":48,"column":60},"end":{"line":51,"column":5}},"line":48},"6":{"name":"(anonymous_6)","decl":{"start":{"line":56,"column":8},"end":{"line":56,"column":20}},"loc":{"start":{"line":56,"column":20},"end":{"line":68,"column":null}},"line":56},"7":{"name":"(anonymous_7)","decl":{"start":{"line":64,"column":16},"end":{"line":64,"column":25}},"loc":{"start":{"line":64,"column":42},"end":{"line":66,"column":null}},"line":64},"8":{"name":"(anonymous_8)","decl":{"start":{"line":76,"column":1},"end":{"line":76,"column":9}},"loc":{"start":{"line":76,"column":64},"end":{"line":81,"column":null}},"line":76},"9":{"name":"(anonymous_9)","decl":{"start":{"line":84,"column":15},"end":{"line":84,"column":26}},"loc":{"start":{"line":84,"column":64},"end":{"line":103,"column":null}},"line":84},"10":{"name":"(anonymous_10)","decl":{"start":{"line":107,"column":1},"end":{"line":107,"column":9}},"loc":{"start":{"line":107,"column":52},"end":{"line":136,"column":null}},"line":107},"11":{"name":"(anonymous_11)","decl":{"start":{"line":140,"column":1},"end":{"line":140,"column":9}},"loc":{"start":{"line":140,"column":50},"end":{"line":148,"column":null}},"line":140},"12":{"name":"(anonymous_12)","decl":{"start":{"line":151,"column":15},"end":{"line":151,"column":35}},"loc":{"start":{"line":151,"column":73},"end":{"line":187,"column":null}},"line":151},"13":{"name":"(anonymous_13)","decl":{"start":{"line":190,"column":15},"end":{"line":190,"column":39}},"loc":{"start":{"line":190,"column":77},"end":{"line":223,"column":null}},"line":190},"14":{"name":"(anonymous_14)","decl":{"start":{"line":226,"column":15},"end":{"line":226,"column":42}},"loc":{"start":{"line":226,"column":42},"end":{"line":239,"column":null}},"line":226},"15":{"name":"(anonymous_15)","decl":{"start":{"line":243,"column":15},"end":{"line":243,"column":54}},"loc":{"start":{"line":243,"column":54},"end":{"line":256,"column":null}},"line":243},"16":{"name":"(anonymous_16)","decl":{"start":{"line":246,"column":21},"end":{"line":246,"column":38}},"loc":{"start":{"line":246,"column":38},"end":{"line":246,"column":56}},"line":246},"17":{"name":"(anonymous_17)","decl":{"start":{"line":260,"column":15},"end":{"line":260,"column":29}},"loc":{"start":{"line":260,"column":77},"end":{"line":270,"column":null}},"line":260},"18":{"name":"(anonymous_18)","decl":{"start":{"line":265,"column":13},"end":{"line":265,"column":22}},"loc":{"start":{"line":265,"column":34},"end":{"line":265,"column":62}},"line":265},"19":{"name":"(anonymous_19)","decl":{"start":{"line":273,"column":1},"end":{"line":273,"column":9}},"loc":{"start":{"line":273,"column":29},"end":{"line":280,"column":null}},"line":273},"20":{"name":"(anonymous_20)","decl":{"start":{"line":285,"column":15},"end":{"line":285,"column":37}},"loc":{"start":{"line":285,"column":69},"end":{"line":303,"column":null}},"line":285},"21":{"name":"(anonymous_21)","decl":{"start":{"line":291,"column":29},"end":{"line":291,"column":41}},"loc":{"start":{"line":291,"column":41},"end":{"line":297,"column":null}},"line":291},"22":{"name":"(anonymous_22)","decl":{"start":{"line":307,"column":15},"end":{"line":307,"column":null}},"loc":{"start":{"line":311,"column":22},"end":{"line":317,"column":null}},"line":311},"23":{"name":"(anonymous_23)","decl":{"start":{"line":313,"column":20},"end":{"line":313,"column":37}},"loc":{"start":{"line":313,"column":37},"end":{"line":313,"column":55}},"line":313}},"branchMap":{"0":{"loc":{"start":{"line":21,"column":2},"end":{"line":21,"column":null}},"type":"default-arg","locations":[{"start":{"line":21,"column":10},"end":{"line":21,"column":null}}],"line":21},"1":{"loc":{"start":{"line":22,"column":2},"end":{"line":22,"column":null}},"type":"default-arg","locations":[{"start":{"line":22,"column":14},"end":{"line":22,"column":null}}],"line":22},"2":{"loc":{"start":{"line":23,"column":2},"end":{"line":23,"column":null}},"type":"default-arg","locations":[{"start":{"line":23,"column":16},"end":{"line":23,"column":null}}],"line":23},"3":{"loc":{"start":{"line":24,"column":2},"end":{"line":24,"column":null}},"type":"default-arg","locations":[{"start":{"line":24,"column":11},"end":{"line":24,"column":null}}],"line":24},"4":{"loc":{"start":{"line":59,"column":5},"end":{"line":59,"column":null}},"type":"if","locations":[{"start":{"line":59,"column":5},"end":{"line":59,"column":null}},{"start":{},"end":{}}],"line":59},"5":{"loc":{"start":{"line":88,"column":3},"end":{"line":93,"column":null}},"type":"if","locations":[{"start":{"line":88,"column":3},"end":{"line":93,"column":null}},{"start":{},"end":{}}],"line":88},"6":{"loc":{"start":{"line":96,"column":3},"end":{"line":99,"column":null}},"type":"if","locations":[{"start":{"line":96,"column":3},"end":{"line":99,"column":null}},{"start":{},"end":{}}],"line":96},"7":{"loc":{"start":{"line":102,"column":19},"end":{"line":102,"column":73}},"type":"cond-expr","locations":[{"start":{"line":102,"column":44},"end":{"line":102,"column":60}},{"start":{"line":102,"column":60},"end":{"line":102,"column":73}}],"line":102},"8":{"loc":{"start":{"line":108,"column":2},"end":{"line":109,"column":null}},"type":"if","locations":[{"start":{"line":108,"column":2},"end":{"line":109,"column":null}},{"start":{},"end":{}}],"line":108},"9":{"loc":{"start":{"line":108,"column":6},"end":{"line":108,"column":43}},"type":"binary-expr","locations":[{"start":{"line":108,"column":6},"end":{"line":108,"column":16}},{"start":{"line":108,"column":16},"end":{"line":108,"column":43}}],"line":108},"10":{"loc":{"start":{"line":114,"column":16},"end":{"line":114,"column":null}},"type":"binary-expr","locations":[{"start":{"line":114,"column":16},"end":{"line":114,"column":52}},{"start":{"line":114,"column":52},"end":{"line":114,"column":null}}],"line":114},"11":{"loc":{"start":{"line":116,"column":18},"end":{"line":116,"column":null}},"type":"cond-expr","locations":[{"start":{"line":116,"column":53},"end":{"line":116,"column":68}},{"start":{"line":116,"column":68},"end":{"line":116,"column":null}}],"line":116},"12":{"loc":{"start":{"line":118,"column":2},"end":{"line":128,"column":null}},"type":"if","locations":[{"start":{"line":118,"column":2},"end":{"line":128,"column":null}},{"start":{},"end":{}}],"line":118},"13":{"loc":{"start":{"line":119,"column":3},"end":{"line":126,"column":19}},"type":"binary-expr","locations":[{"start":{"line":119,"column":3},"end":{"line":119,"column":null}},{"start":{"line":120,"column":3},"end":{"line":126,"column":19}}],"line":119},"14":{"loc":{"start":{"line":132,"column":3},"end":{"line":136,"column":44}},"type":"binary-expr","locations":[{"start":{"line":132,"column":3},"end":{"line":132,"column":35}},{"start":{"line":133,"column":3},"end":{"line":133,"column":32}},{"start":{"line":134,"column":3},"end":{"line":134,"column":33}},{"start":{"line":135,"column":3},"end":{"line":135,"column":35}},{"start":{"line":136,"column":3},"end":{"line":136,"column":44}}],"line":132},"15":{"loc":{"start":{"line":141,"column":2},"end":{"line":142,"column":null}},"type":"if","locations":[{"start":{"line":141,"column":2},"end":{"line":142,"column":null}},{"start":{},"end":{}}],"line":141},"16":{"loc":{"start":{"line":144,"column":2},"end":{"line":145,"column":null}},"type":"if","locations":[{"start":{"line":144,"column":2},"end":{"line":145,"column":null}},{"start":{},"end":{}}],"line":144},"17":{"loc":{"start":{"line":144,"column":6},"end":{"line":144,"column":43}},"type":"binary-expr","locations":[{"start":{"line":144,"column":6},"end":{"line":144,"column":16}},{"start":{"line":144,"column":16},"end":{"line":144,"column":43}}],"line":144},"18":{"loc":{"start":{"line":168,"column":3},"end":{"line":169,"column":null}},"type":"if","locations":[{"start":{"line":168,"column":3},"end":{"line":169,"column":null}},{"start":{},"end":{}}],"line":168},"19":{"loc":{"start":{"line":172,"column":3},"end":{"line":173,"column":null}},"type":"if","locations":[{"start":{"line":172,"column":3},"end":{"line":173,"column":null}},{"start":{},"end":{}}],"line":172},"20":{"loc":{"start":{"line":177,"column":3},"end":{"line":178,"column":null}},"type":"if","locations":[{"start":{"line":177,"column":3},"end":{"line":178,"column":null}},{"start":{},"end":{}}],"line":177},"21":{"loc":{"start":{"line":181,"column":3},"end":{"line":182,"column":null}},"type":"if","locations":[{"start":{"line":181,"column":3},"end":{"line":182,"column":null}},{"start":{},"end":{}}],"line":181},"22":{"loc":{"start":{"line":209,"column":3},"end":{"line":212,"column":null}},"type":"if","locations":[{"start":{"line":209,"column":3},"end":{"line":212,"column":null}},{"start":{},"end":{}}],"line":209},"23":{"loc":{"start":{"line":216,"column":3},"end":{"line":219,"column":null}},"type":"if","locations":[{"start":{"line":216,"column":3},"end":{"line":219,"column":null}},{"start":{"line":218,"column":10},"end":{"line":219,"column":null}}],"line":216},"24":{"loc":{"start":{"line":238,"column":19},"end":{"line":238,"column":73}},"type":"cond-expr","locations":[{"start":{"line":238,"column":44},"end":{"line":238,"column":60}},{"start":{"line":238,"column":60},"end":{"line":238,"column":73}}],"line":238},"25":{"loc":{"start":{"line":260,"column":29},"end":{"line":260,"column":47}},"type":"default-arg","locations":[{"start":{"line":260,"column":43},"end":{"line":260,"column":47}}],"line":260},"26":{"loc":{"start":{"line":260,"column":47},"end":{"line":260,"column":77}},"type":"default-arg","locations":[{"start":{"line":260,"column":57},"end":{"line":260,"column":77}}],"line":260},"27":{"loc":{"start":{"line":262,"column":3},"end":{"line":263,"column":null}},"type":"if","locations":[{"start":{"line":262,"column":3},"end":{"line":263,"column":null}},{"start":{},"end":{}}],"line":262},"28":{"loc":{"start":{"line":286,"column":2},"end":{"line":287,"column":null}},"type":"if","locations":[{"start":{"line":286,"column":2},"end":{"line":287,"column":null}},{"start":{},"end":{}}],"line":286},"29":{"loc":{"start":{"line":290,"column":2},"end":{"line":297,"column":null}},"type":"if","locations":[{"start":{"line":290,"column":2},"end":{"line":297,"column":null}},{"start":{},"end":{}}],"line":290},"30":{"loc":{"start":{"line":310,"column":2},"end":{"line":310,"column":null}},"type":"default-arg","locations":[{"start":{"line":310,"column":14},"end":{"line":310,"column":null}}],"line":310}},"s":{"0":2,"1":28,"2":28,"3":28,"4":28,"5":28,"6":28,"7":28,"8":28,"9":28,"10":1,"11":1,"12":4,"13":4,"14":4,"15":4,"16":4,"17":4,"18":4,"19":4,"20":4,"21":4,"22":0,"23":4,"24":4,"25":4,"26":6,"27":4,"28":4,"29":4,"30":6,"31":6,"32":6,"33":7,"34":6,"35":7,"36":7,"37":3,"38":1,"39":1,"40":1,"41":2,"42":1,"43":1,"44":1,"45":1,"46":3,"47":7,"48":0,"49":7,"50":7,"51":7,"52":7,"53":7,"54":3,"55":4,"56":7,"57":2,"58":5,"59":1,"60":4,"61":4,"62":6,"63":6,"64":5,"65":1,"66":4,"67":0,"68":4,"69":4,"70":3,"71":1,"72":1,"73":0,"74":1,"75":4,"76":4,"77":6,"78":6,"79":1,"80":5,"81":5,"82":4,"83":1,"84":2,"85":2,"86":2,"87":1,"88":1,"89":1,"90":3,"91":3,"92":3,"93":0,"94":3,"95":3,"96":2,"97":3,"98":1,"99":2,"100":2,"101":6,"102":1,"103":5,"104":5,"105":5,"106":1,"107":1,"108":1,"109":3,"110":1,"111":2,"112":1,"113":1,"114":1,"115":1,"116":2,"117":2,"118":2,"119":9,"120":9,"121":1,"122":9,"123":9,"124":9},"f":{"0":28,"1":1,"2":1,"3":1,"4":4,"5":4,"6":4,"7":6,"8":6,"9":7,"10":7,"11":7,"12":6,"13":4,"14":2,"15":3,"16":0,"17":2,"18":5,"19":1,"20":3,"21":1,"22":9,"23":1},"b":{"0":[28],"1":[28],"2":[28],"3":[28],"4":[0,4],"5":[1,2],"6":[1,1],"7":[1,0],"8":[0,7],"9":[7,7],"10":[7,5],"11":[3,4],"12":[3,4],"13":[7,3],"14":[4,4,4,4,4],"15":[2,5],"16":[1,4],"17":[5,5],"18":[1,4],"19":[0,4],"20":[3,1],"21":[1,0],"22":[1,5],"23":[4,1],"24":[1,0],"25":[2],"26":[2],"27":[1,5],"28":[1,2],"29":[1,1],"30":[9]},"meta":{"lastBranch":31,"lastFunction":24,"lastStatement":125,"seen":{"s:5:15:5:52":0,"s:8:22:8:Infinity":1,"s:9:29:9:Infinity":2,"s:16:51:16:Infinity":3,"s:17:37:17:Infinity":4,"f:19:1:19:Infinity":0,"b:21:10:21:Infinity":0,"b:22:14:22:Infinity":1,"b:23:16:23:Infinity":2,"b:24:11:24:Infinity":3,"s:26:2:26:Infinity":5,"s:27:2:27:Infinity":6,"s:28:2:28:Infinity":7,"s:29:2:29:Infinity":8,"s:30:2:30:Infinity":9,"f:33:7:33:35":1,"s:34:2:34:Infinity":10,"f:37:7:37:30":2,"f:39:1:39:24":3,"s:40:2:40:Infinity":11,"f:43:7:43:13":4,"s:44:20:44:30":12,"s:45:18:45:59":13,"s:46:30:46:53":14,"s:48:29:51:5":15,"f:48:37:48:42":5,"s:48:60:51:5":16,"s:53:16:53:39":17,"s:54:18:68:Infinity":18,"f:56:8:56:20":6,"s:57:4:66:Infinity":19,"s:58:21:58:34":20,"b:59:5:59:Infinity:undefined:undefined:undefined:undefined":4,"s:59:5:59:Infinity":21,"s:59:19:59:Infinity":22,"s:61:33:61:Infinity":23,"s:63:24:63:52":24,"s:64:5:66:Infinity":25,"f:64:16:64:25":7,"s:65:6:65:Infinity":26,"s:70:2:70:Infinity":27,"s:72:2:72:Infinity":28,"s:73:2:73:Infinity":29,"f:76:1:76:9":8,"s:77:25:77:27":30,"s:78:2:79:Infinity":31,"s:78:15:78:18":32,"s:79:3:79:Infinity":33,"s:81:2:81:Infinity":34,"f:84:15:84:26":9,"s:85:2:103:Infinity":35,"s:86:3:86:Infinity":36,"b:88:3:93:Infinity:undefined:undefined:undefined:undefined":5,"s:88:3:93:Infinity":37,"s:89:4:91:Infinity":38,"s:92:4:92:Infinity":39,"s:93:4:93:Infinity":40,"b:96:3:99:Infinity:undefined:undefined:undefined:undefined":6,"s:96:3:99:Infinity":41,"s:97:4:97:Infinity":42,"s:98:4:98:Infinity":43,"s:99:4:99:Infinity":44,"s:102:19:102:73":45,"b:102:44:102:60:102:60:102:73":7,"s:103:3:103:Infinity":46,"f:107:1:107:9":10,"b:108:2:109:Infinity:undefined:undefined:undefined:undefined":8,"s:108:2:109:Infinity":47,"b:108:6:108:16:108:16:108:43":9,"s:109:3:109:Infinity":48,"s:113:17:113:Infinity":49,"s:114:16:114:Infinity":50,"b:114:16:114:52:114:52:114:Infinity":10,"s:115:24:115:Infinity":51,"s:116:18:116:Infinity":52,"b:116:53:116:68:116:68:116:Infinity":11,"b:118:2:128:Infinity:undefined:undefined:undefined:undefined":12,"s:118:2:128:Infinity":53,"b:119:3:119:Infinity:120:3:126:19":13,"s:128:3:128:Infinity":54,"s:131:2:136:Infinity":55,"b:132:3:132:35:133:3:133:32:134:3:134:33:135:3:135:35:136:3:136:44":14,"f:140:1:140:9":11,"b:141:2:142:Infinity:undefined:undefined:undefined:undefined":15,"s:141:2:142:Infinity":56,"s:142:3:142:Infinity":57,"b:144:2:145:Infinity:undefined:undefined:undefined:undefined":16,"s:144:2:145:Infinity":58,"b:144:6:144:16:144:16:144:43":17,"s:145:3:145:Infinity":59,"s:147:18:147:Infinity":60,"s:148:2:148:Infinity":61,"f:151:15:151:35":12,"s:152:2:184:Infinity":62,"s:153:20:165:Infinity":63,"b:168:3:169:Infinity:undefined:undefined:undefined:undefined":18,"s:168:3:169:Infinity":64,"s:169:4:169:Infinity":65,"b:172:3:173:Infinity:undefined:undefined:undefined:undefined":19,"s:172:3:173:Infinity":66,"s:173:4:173:Infinity":67,"s:176:16:176:37":68,"b:177:3:178:Infinity:undefined:undefined:undefined:undefined":20,"s:177:3:178:Infinity":69,"s:178:4:178:Infinity":70,"b:181:3:182:Infinity:undefined:undefined:undefined:undefined":21,"s:181:3:182:Infinity":71,"s:182:4:182:Infinity":72,"s:184:3:184:Infinity":73,"s:187:2:187:Infinity":74,"f:190:15:190:39":13,"s:191:33:191:35":75,"s:193:2:219:Infinity":76,"s:194:20:206:Infinity":77,"b:209:3:212:Infinity:undefined:undefined:undefined:undefined":22,"s:209:3:212:Infinity":78,"s:210:4:212:Infinity":79,"s:215:16:215:37":80,"b:216:3:219:Infinity:218:10:219:Infinity":23,"s:216:3:219:Infinity":81,"s:217:4:217:Infinity":82,"s:219:4:219:Infinity":83,"s:223:2:223:Infinity":84,"f:226:15:226:42":14,"s:227:2:239:Infinity":85,"s:228:3:235:Infinity":86,"s:236:3:236:Infinity":87,"s:238:19:238:73":88,"b:238:44:238:60:238:60:238:73":24,"s:239:3:239:Infinity":89,"f:243:15:243:54":15,"s:244:2:256:Infinity":90,"s:245:22:245:43":91,"s:246:21:246:63":92,"f:246:21:246:38":16,"s:246:38:246:56":93,"s:247:3:253:Infinity":94,"s:248:21:250:6":95,"s:251:4:251:Infinity":96,"s:253:4:253:Infinity":97,"s:256:3:256:Infinity":98,"f:260:15:260:29":17,"b:260:43:260:47":25,"b:260:57:260:77":26,"s:261:2:265:Infinity":99,"s:261:15:261:18":100,"b:262:3:263:Infinity:undefined:undefined:undefined:undefined":27,"s:262:3:263:Infinity":101,"s:263:4:263:Infinity":102,"s:265:3:265:Infinity":103,"f:265:13:265:22":18,"s:265:34:265:62":104,"s:268:2:270:Infinity":105,"f:273:1:273:9":19,"s:274:2:280:Infinity":106,"s:275:3:278:Infinity":107,"s:279:3:279:Infinity":108,"f:285:15:285:37":20,"b:286:2:287:Infinity:undefined:undefined:undefined:undefined":28,"s:286:2:287:Infinity":109,"s:287:3:287:Infinity":110,"b:290:2:297:Infinity:undefined:undefined:undefined:undefined":29,"s:290:2:297:Infinity":111,"s:291:3:297:Infinity":112,"f:291:29:291:41":21,"s:292:4:294:Infinity":113,"s:295:4:295:Infinity":114,"s:296:4:296:Infinity":115,"s:300:2:303:Infinity":116,"s:301:3:301:Infinity":117,"s:303:3:303:Infinity":118,"f:307:15:307:Infinity":22,"b:310:14:310:Infinity":30,"s:312:21:312:42":119,"s:313:20:313:67":120,"f:313:20:313:37":23,"s:313:37:313:55":121,"s:314:2:317:Infinity":122,"s:315:3:315:Infinity":123,"s:317:3:317:Infinity":124}}}
,"/Volumes/128GBSSD/Projects/indexer-cli/src/engine/architecture.ts": {"path":"/Volumes/128GBSSD/Projects/indexer-cli/src/engine/architecture.ts","statementMap":{"0":{"start":{"line":28,"column":10},"end":{"line":28,"column":null}},"1":{"start":{"line":29,"column":10},"end":{"line":29,"column":46}},"2":{"start":{"line":33,"column":16},"end":{"line":33,"column":73}},"3":{"start":{"line":34,"column":23},"end":{"line":37,"column":null}},"4":{"start":{"line":39,"column":20},"end":{"line":39,"column":50}},"5":{"start":{"line":40,"column":21},"end":{"line":40,"column":51}},"6":{"start":{"line":41,"column":22},"end":{"line":41,"column":49}},"7":{"start":{"line":43,"column":2},"end":{"line":55,"column":null}},"8":{"start":{"line":59,"column":30},"end":{"line":64,"column":null}},"9":{"start":{"line":66,"column":14},"end":{"line":66,"column":59}},"10":{"start":{"line":68,"column":2},"end":{"line":97,"column":null}},"11":{"start":{"line":69,"column":17},"end":{"line":69,"column":37}},"12":{"start":{"line":70,"column":21},"end":{"line":70,"column":null}},"13":{"start":{"line":72,"column":3},"end":{"line":85,"column":null}},"14":{"start":{"line":72,"column":20},"end":{"line":72,"column":23}},"15":{"start":{"line":73,"column":17},"end":{"line":73,"column":null}},"16":{"start":{"line":74,"column":23},"end":{"line":74,"column":null}},"17":{"start":{"line":75,"column":4},"end":{"line":75,"column":null}},"18":{"start":{"line":77,"column":4},"end":{"line":85,"column":null}},"19":{"start":{"line":78,"column":33},"end":{"line":83,"column":null}},"20":{"start":{"line":84,"column":5},"end":{"line":84,"column":null}},"21":{"start":{"line":85,"column":5},"end":{"line":85,"column":null}},"22":{"start":{"line":89,"column":20},"end":{"line":89,"column":null}},"23":{"start":{"line":90,"column":22},"end":{"line":90,"column":null}},"24":{"start":{"line":91,"column":3},"end":{"line":97,"column":null}},"25":{"start":{"line":100,"column":2},"end":{"line":100,"column":null}},"26":{"start":{"line":104,"column":40},"end":{"line":104,"column":42}},"27":{"start":{"line":105,"column":2},"end":{"line":107,"column":null}},"28":{"start":{"line":106,"column":20},"end":{"line":106,"column":null}},"29":{"start":{"line":107,"column":3},"end":{"line":107,"column":null}},"30":{"start":{"line":109,"column":2},"end":{"line":109,"column":null}},"31":{"start":{"line":113,"column":32},"end":{"line":113,"column":34}},"32":{"start":{"line":115,"column":2},"end":{"line":132,"column":null}},"33":{"start":{"line":116,"column":3},"end":{"line":117,"column":null}},"34":{"start":{"line":117,"column":4},"end":{"line":117,"column":null}},"35":{"start":{"line":120,"column":22},"end":{"line":121,"column":null}},"36":{"start":{"line":121,"column":39},"end":{"line":121,"column":56}},"37":{"start":{"line":123,"column":23},"end":{"line":126,"column":29}},"38":{"start":{"line":124,"column":22},"end":{"line":124,"column":49}},"39":{"start":{"line":125,"column":22},"end":{"line":125,"column":75}},"40":{"start":{"line":126,"column":19},"end":{"line":126,"column":29}},"41":{"start":{"line":128,"column":3},"end":{"line":129,"column":null}},"42":{"start":{"line":129,"column":4},"end":{"line":129,"column":null}},"43":{"start":{"line":132,"column":3},"end":{"line":132,"column":null}},"44":{"start":{"line":135,"column":2},"end":{"line":135,"column":null}},"45":{"start":{"line":139,"column":15},"end":{"line":139,"column":32}},"46":{"start":{"line":140,"column":27},"end":{"line":140,"column":29}},"47":{"start":{"line":142,"column":2},"end":{"line":147,"column":null}},"48":{"start":{"line":143,"column":3},"end":{"line":144,"column":null}},"49":{"start":{"line":144,"column":4},"end":{"line":144,"column":null}},"50":{"start":{"line":146,"column":3},"end":{"line":146,"column":null}},"51":{"start":{"line":147,"column":3},"end":{"line":147,"column":null}},"52":{"start":{"line":150,"column":2},"end":{"line":150,"column":null}},"53":{"start":{"line":166,"column":23},"end":{"line":168,"column":null}},"54":{"start":{"line":170,"column":18},"end":{"line":170,"column":77}},"55":{"start":{"line":170,"column":46},"end":{"line":170,"column":75}},"56":{"start":{"line":171,"column":18},"end":{"line":176,"column":null}},"57":{"start":{"line":178,"column":8},"end":{"line":183,"column":null}},"58":{"start":{"line":179,"column":3},"end":{"line":179,"column":null}},"59":{"start":{"line":179,"column":12},"end":{"line":179,"column":null}},"60":{"start":{"line":180,"column":3},"end":{"line":181,"column":null}},"61":{"start":{"line":181,"column":4},"end":{"line":181,"column":null}},"62":{"start":{"line":183,"column":3},"end":{"line":183,"column":null}},"63":{"start":{"line":186,"column":2},"end":{"line":187,"column":null}},"64":{"start":{"line":187,"column":3},"end":{"line":187,"column":null}},"65":{"start":{"line":190,"column":17},"end":{"line":195,"column":null}},"66":{"start":{"line":197,"column":2},"end":{"line":200,"column":null}},"67":{"start":{"line":212,"column":19},"end":{"line":212,"column":58}},"68":{"start":{"line":213,"column":21},"end":{"line":213,"column":48}},"69":{"start":{"line":214,"column":25},"end":{"line":214,"column":null}},"70":{"start":{"line":216,"column":2},"end":{"line":224,"column":null}},"71":{"start":{"line":217,"column":18},"end":{"line":217,"column":55}},"72":{"start":{"line":218,"column":20},"end":{"line":219,"column":null}},"73":{"start":{"line":221,"column":3},"end":{"line":222,"column":null}},"74":{"start":{"line":222,"column":4},"end":{"line":222,"column":null}},"75":{"start":{"line":224,"column":3},"end":{"line":224,"column":null}},"76":{"start":{"line":227,"column":17},"end":{"line":227,"column":null}},"77":{"start":{"line":228,"column":2},"end":{"line":229,"column":null}},"78":{"start":{"line":229,"column":3},"end":{"line":229,"column":null}},"79":{"start":{"line":232,"column":2},"end":{"line":237,"column":null}},"80":{"start":{"line":233,"column":3},"end":{"line":233,"column":null}},"81":{"start":{"line":234,"column":13},"end":{"line":237,"column":null}},"82":{"start":{"line":235,"column":3},"end":{"line":235,"column":null}},"83":{"start":{"line":237,"column":3},"end":{"line":237,"column":null}},"84":{"start":{"line":247,"column":18},"end":{"line":247,"column":43}},"85":{"start":{"line":248,"column":8},"end":{"line":249,"column":50}},"86":{"start":{"line":249,"column":3},"end":{"line":249,"column":50}},"87":{"start":{"line":251,"column":2},"end":{"line":254,"column":null}},"88":{"start":{"line":252,"column":3},"end":{"line":254,"column":null}},"89":{"start":{"line":253,"column":4},"end":{"line":254,"column":null}},"90":{"start":{"line":254,"column":5},"end":{"line":254,"column":null}},"91":{"start":{"line":259,"column":2},"end":{"line":261,"column":null}},"92":{"start":{"line":260,"column":48},"end":{"line":260,"column":72}},"93":{"start":{"line":267,"column":18},"end":{"line":268,"column":null}},"94":{"start":{"line":268,"column":3},"end":{"line":268,"column":27}},"95":{"start":{"line":270,"column":2},"end":{"line":272,"column":null}},"96":{"start":{"line":271,"column":34},"end":{"line":271,"column":66}},"97":{"start":{"line":276,"column":2},"end":{"line":276,"column":null}},"98":{"start":{"line":280,"column":21},"end":{"line":280,"column":46}},"99":{"start":{"line":281,"column":2},"end":{"line":281,"column":null}},"100":{"start":{"line":281,"column":38},"end":{"line":281,"column":null}},"101":{"start":{"line":282,"column":2},"end":{"line":283,"column":null}},"102":{"start":{"line":283,"column":3},"end":{"line":283,"column":null}},"103":{"start":{"line":285,"column":22},"end":{"line":287,"column":29}},"104":{"start":{"line":288,"column":2},"end":{"line":288,"column":null}},"105":{"start":{"line":288,"column":32},"end":{"line":288,"column":null}},"106":{"start":{"line":290,"column":23},"end":{"line":290,"column":59}},"107":{"start":{"line":291,"column":2},"end":{"line":291,"column":null}},"108":{"start":{"line":291,"column":33},"end":{"line":291,"column":null}},"109":{"start":{"line":293,"column":2},"end":{"line":293,"column":null}},"110":{"start":{"line":297,"column":16},"end":{"line":297,"column":55}},"111":{"start":{"line":298,"column":2},"end":{"line":298,"column":null}},"112":{"start":{"line":298,"column":26},"end":{"line":298,"column":null}},"113":{"start":{"line":300,"column":20},"end":{"line":300,"column":null}},"114":{"start":{"line":302,"column":2},"end":{"line":306,"column":null}},"115":{"start":{"line":306,"column":3},"end":{"line":306,"column":null}},"116":{"start":{"line":309,"column":2},"end":{"line":310,"column":null}},"117":{"start":{"line":310,"column":3},"end":{"line":310,"column":null}},"118":{"start":{"line":313,"column":2},"end":{"line":313,"column":null}},"119":{"start":{"line":317,"column":21},"end":{"line":317,"column":63}},"120":{"start":{"line":318,"column":2},"end":{"line":318,"column":null}},"121":{"start":{"line":318,"column":42},"end":{"line":318,"column":null}},"122":{"start":{"line":319,"column":2},"end":{"line":319,"column":null}},"123":{"start":{"line":319,"column":41},"end":{"line":319,"column":null}},"124":{"start":{"line":320,"column":2},"end":{"line":320,"column":null}},"125":{"start":{"line":320,"column":38},"end":{"line":320,"column":null}},"126":{"start":{"line":321,"column":2},"end":{"line":321,"column":null}},"127":{"start":{"line":321,"column":37},"end":{"line":321,"column":null}},"128":{"start":{"line":322,"column":2},"end":{"line":322,"column":null}},"129":{"start":{"line":322,"column":41},"end":{"line":322,"column":null}},"130":{"start":{"line":323,"column":2},"end":{"line":323,"column":null}}},"fnMap":{"0":{"name":"(anonymous_0)","decl":{"start":{"line":27,"column":1},"end":{"line":27,"column":null}},"loc":{"start":{"line":30,"column":3},"end":{"line":29,"column":46}},"line":30},"1":{"name":"(anonymous_1)","decl":{"start":{"line":32,"column":7},"end":{"line":32,"column":16}},"loc":{"start":{"line":32,"column":77},"end":{"line":55,"column":null}},"line":32},"2":{"name":"(anonymous_2)","decl":{"start":{"line":58,"column":1},"end":{"line":58,"column":9}},"loc":{"start":{"line":58,"column":64},"end":{"line":100,"column":null}},"line":58},"3":{"name":"(anonymous_3)","decl":{"start":{"line":103,"column":1},"end":{"line":103,"column":9}},"loc":{"start":{"line":103,"column":73},"end":{"line":109,"column":null}},"line":103},"4":{"name":"(anonymous_4)","decl":{"start":{"line":112,"column":1},"end":{"line":112,"column":9}},"loc":{"start":{"line":112,"column":56},"end":{"line":135,"column":null}},"line":112},"5":{"name":"(anonymous_5)","decl":{"start":{"line":121,"column":26},"end":{"line":121,"column":31}},"loc":{"start":{"line":121,"column":39},"end":{"line":121,"column":56}},"line":121},"6":{"name":"(anonymous_6)","decl":{"start":{"line":124,"column":5},"end":{"line":124,"column":13}},"loc":{"start":{"line":124,"column":22},"end":{"line":124,"column":49}},"line":124},"7":{"name":"(anonymous_7)","decl":{"start":{"line":125,"column":5},"end":{"line":125,"column":13}},"loc":{"start":{"line":125,"column":22},"end":{"line":125,"column":75}},"line":125},"8":{"name":"(anonymous_8)","decl":{"start":{"line":126,"column":5},"end":{"line":126,"column":10}},"loc":{"start":{"line":126,"column":19},"end":{"line":126,"column":29}},"line":126},"9":{"name":"(anonymous_9)","decl":{"start":{"line":138,"column":1},"end":{"line":138,"column":9}},"loc":{"start":{"line":138,"column":56},"end":{"line":150,"column":null}},"line":138},"10":{"name":"(anonymous_10)","decl":{"start":{"line":153,"column":15},"end":{"line":153,"column":null}},"loc":{"start":{"line":165,"column":4},"end":{"line":200,"column":null}},"line":165},"11":{"name":"(anonymous_11)","decl":{"start":{"line":170,"column":32},"end":{"line":170,"column":37}},"loc":{"start":{"line":170,"column":46},"end":{"line":170,"column":75}},"line":170},"12":{"name":"(anonymous_12)","decl":{"start":{"line":178,"column":8},"end":{"line":178,"column":15}},"loc":{"start":{"line":178,"column":74},"end":{"line":183,"column":null}},"line":178},"13":{"name":"(anonymous_13)","decl":{"start":{"line":203,"column":1},"end":{"line":203,"column":9}},"loc":{"start":{"line":211,"column":9},"end":{"line":237,"column":null}},"line":211},"14":{"name":"(anonymous_14)","decl":{"start":{"line":241,"column":1},"end":{"line":241,"column":9}},"loc":{"start":{"line":246,"column":28},"end":{"line":261,"column":null}},"line":246},"15":{"name":"(anonymous_15)","decl":{"start":{"line":248,"column":8},"end":{"line":248,"column":16}},"loc":{"start":{"line":249,"column":3},"end":{"line":249,"column":50}},"line":249},"16":{"name":"(anonymous_16)","decl":{"start":{"line":260,"column":33},"end":{"line":260,"column":39}},"loc":{"start":{"line":260,"column":48},"end":{"line":260,"column":72}},"line":260},"17":{"name":"(anonymous_17)","decl":{"start":{"line":264,"column":1},"end":{"line":264,"column":9}},"loc":{"start":{"line":266,"column":29},"end":{"line":272,"column":null}},"line":266},"18":{"name":"(anonymous_18)","decl":{"start":{"line":267,"column":44},"end":{"line":267,"column":50}},"loc":{"start":{"line":268,"column":3},"end":{"line":268,"column":27}},"line":268},"19":{"name":"(anonymous_19)","decl":{"start":{"line":271,"column":11},"end":{"line":271,"column":16}},"loc":{"start":{"line":271,"column":34},"end":{"line":271,"column":66}},"line":271},"20":{"name":"(anonymous_20)","decl":{"start":{"line":275,"column":1},"end":{"line":275,"column":9}},"loc":{"start":{"line":275,"column":46},"end":{"line":276,"column":null}},"line":275},"21":{"name":"(anonymous_21)","decl":{"start":{"line":279,"column":1},"end":{"line":279,"column":9}},"loc":{"start":{"line":279,"column":71},"end":{"line":293,"column":null}},"line":279},"22":{"name":"(anonymous_22)","decl":{"start":{"line":296,"column":1},"end":{"line":296,"column":9}},"loc":{"start":{"line":296,"column":48},"end":{"line":313,"column":null}},"line":296},"23":{"name":"(anonymous_23)","decl":{"start":{"line":316,"column":1},"end":{"line":316,"column":9}},"loc":{"start":{"line":316,"column":47},"end":{"line":323,"column":null}},"line":316}},"branchMap":{"0":{"loc":{"start":{"line":29,"column":2},"end":{"line":29,"column":48}},"type":"default-arg","locations":[{"start":{"line":29,"column":46},"end":{"line":29,"column":48}}],"line":29},"1":{"loc":{"start":{"line":75,"column":18},"end":{"line":75,"column":null}},"type":"cond-expr","locations":[{"start":{"line":75,"column":40},"end":{"line":75,"column":47}},{"start":{"line":75,"column":47},"end":{"line":75,"column":null}}],"line":75},"2":{"loc":{"start":{"line":77,"column":4},"end":{"line":85,"column":null}},"type":"if","locations":[{"start":{"line":77,"column":4},"end":{"line":85,"column":null}},{"start":{},"end":{}}],"line":77},"3":{"loc":{"start":{"line":90,"column":22},"end":{"line":90,"column":null}},"type":"cond-expr","locations":[{"start":{"line":90,"column":41},"end":{"line"
[...]
3,"141":9,"142":2,"143":6,"144":6,"145":5,"146":2,"147":2,"148":9,"149":4,"150":4,"151":4,"152":4,"153":10,"154":10,"155":4,"156":5,"157":14,"158":1,"159":13,"160":128,"161":13,"162":130,"163":2,"164":11,"165":18,"166":4,"167":4},"f":{"0":23,"1":17,"2":4,"3":3,"4":3,"5":4,"6":203,"7":3,"8":3,"9":3,"10":2,"11":1,"12":2,"13":5,"14":5,"15":5,"16":1,"17":1,"18":1,"19":2,"20":2,"21":2,"22":3,"23":1,"24":2,"25":2,"26":2,"27":16,"28":13,"29":3,"30":5,"31":17,"32":8,"33":8,"34":9,"35":6,"36":6,"37":5,"38":4,"39":5,"40":14,"41":128,"42":18,"43":4,"44":4},"b":{"0":[23,21],"1":[23,21],"2":[1,16],"3":[4,11],"4":[1,10],"5":[1,3],"6":[2,1],"7":[203,102],"8":[203,102],"9":[1,2],"10":[2,0],"11":[1,1],"12":[2,2,1],"13":[1,0],"14":[2,0],"15":[0,0],"16":[1,0],"17":[1,1],"18":[1,1],"19":[2,0],"20":[2,0],"21":[1,4],"22":[4,0],"23":[1,3],"24":[1,0],"25":[1,2],"26":[1,0],"27":[1,1],"28":[0,1],"29":[1,0],"30":[2,0],"31":[1,1],"32":[0,1],"33":[1,0],"34":[1,1],"35":[1,0],"36":[1,0],"37":[1,1],"38":[5,0],"39":[5,1,0,0],"40":[4,1],"41":[1,0],"42":[1,7],"43":[1,0],"44":[7,0],"45":[7,7],"46":[8,0],"47":[3,6],"48":[2,7],"49":[3,4],"50":[2,7],"51":[9,2],"52":[2,0],"53":[1,13],"54":[2,128]},"meta":{"lastBranch":55,"lastFunction":45,"lastStatement":168,"seen":{"s:14:15:14:49":0,"s:23:32:34:Infinity":1,"s:36:33:36:Infinity":2,"s:45:24:45:Infinity":3,"s:46:29:46:Infinity":4,"s:47:42:47:59":5,"f:49:2:49:14":0,"s:50:4:50:Infinity":6,"s:51:4:51:Infinity":7,"s:52:4:52:Infinity":8,"b:52:21:52:42:52:42:52:Infinity":0,"s:53:4:53:Infinity":9,"b:53:20:53:40:53:40:53:Infinity":1,"f:56:8:56:36":1,"b:57:4:58:Infinity:undefined:undefined:undefined:undefined":2,"s:57:4:58:Infinity":10,"s:58:6:58:Infinity":11,"s:61:4:61:Infinity":12,"s:63:19:63:45":13,"b:64:4:72:Infinity:66:11:72:Infinity":3,"s:64:4:72:Infinity":14,"s:65:6:65:Infinity":15,"s:67:6:67:Infinity":16,"s:68:21:68:49":17,"b:69:6:72:Infinity:undefined:undefined:undefined:undefined":4,"s:69:6:72:Infinity":18,"s:70:8:70:Infinity":19,"s:71:8:71:Infinity":20,"s:72:8:72:Infinity":21,"s:76:4:76:Infinity":22,"f:79:8:79:31":2,"s:80:4:80:Infinity":23,"s:81:4:81:Infinity":24,"s:82:4:82:Infinity":25,"f:85:8:85:15":3,"s:86:4:115:Infinity":26,"f:86:29:86:41":4,"s:87:6:114:Infinity":27,"f:87:48:87:60":5,"b:88:8:89:Infinity:undefined:undefined:undefined:undefined":5,"s:88:8:89:Infinity":28,"s:89:10:89:Infinity":29,"b:92:8:93:Infinity:undefined:undefined:undefined:undefined":6,"s:92:8:93:Infinity":30,"s:93:10:93:Infinity":31,"s:96:26:96:Infinity":32,"s:97:8:112:Infinity":33,"s:97:25:97:28":34,"s:98:24:98:63":35,"s:99:23:110:13":36,"f:99:29:99:34":6,"s:99:46:110:13":37,"b:107:24:107:44:107:44:107:Infinity":7,"b:108:28:108:52:108:52:108:Infinity":8,"s:112:10:112:Infinity":38,"f:118:8:118:Infinity":7,"s:123:4:208:Infinity":39,"f:123:30:123:42":8,"s:124:6:207:Infinity":40,"f:124:49:124:61":9,"b:125:8:126:Infinity:undefined:undefined:undefined:undefined":9,"s:125:8:126:Infinity":41,"s:126:10:126:Infinity":42,"b:129:8:130:Infinity:undefined:undefined:undefined:undefined":10,"s:129:8:130:Infinity":43,"s:130:10:130:Infinity":44,"s:133:8:133:Infinity":45,"s:134:8:134:Infinity":46,"s:136:26:136:60":47,"b:139:8:191:Infinity:187:15:191:Infinity":11,"s:139:8:191:Infinity":48,"b:140:10:140:Infinity:141:11:141:53:141:53:141:Infinity":12,"s:144:12:175:28":49,"b:145:16:160:47:161:16:175:28":13,"s:177:10:186:Infinity":50,"f:178:13:178:18":10,"s:179:29:179:98":51,"b:179:57:179:70:179:70:179:98":14,"b:179:81:179:95:179:95:179:97":15,"s:180:14:183:Infinity":52,"f:185:13:185:19":11,"s:185:45:185:78":53,"s:188:30:188:75":54,"s:189:10:191:Infinity":55,"b:190:14:190:58:191:14:191:41":16,"s:194:8:206:Infinity":56,"f:194:23:194:28":12,"s:194:45:206:11":57,"b:201:61:201:81:201:81:201:Infinity":17,"b:203:56:203:80:203:80:203:Infinity":18,"b:204:66:204:85:204:85:204:Infinity":19,"b:205:59:205:78:205:78:205:Infinity":20,"f:211:8:211:21":13,"s:212:4:259:Infinity":58,"f:212:30:212:42":14,"s:213:6:258:Infinity":59,"f:213:55:213:67":15,"b:214:8:215:Infinity:undefined:undefined:undefined:undefined":21,"s:214:8:215:Infinity":60,"s:215:10:215:Infinity":61,"b:218:8:219:Infinity:undefined:undefined:undefined:undefined":22,"s:218:8:219:Infinity":62,"s:219:10:219:Infinity":63,"s:222:8:222:Infinity":64,"s:223:8:223:Infinity":65,"s:225:26:225:60":66,"b:226:8:227:Infinity:undefined:undefined:undefined:undefined":23,"s:226:8:227:Infinity":67,"s:227:10:227:Infinity":68,"b:227:29:227:66:227:69:227:97":24,"b:230:8:237:Infinity:undefined:undefined:undefined:undefined":25,"s:230:8:237:Infinity":69,"s:231:10:231:Infinity":70,"s:232:26:236:22":71,"b:233:20:233:33:233:33:233:41":26,"s:237:10:237:Infinity":72,"b:240:8:252:Infinity:undefined:undefined:undefined:undefined":27,"s:240:8:252:Infinity":73,"s:241:10:241:Infinity":74,"s:242:24:242:42":75,"s:243:26:251:16":76,"b:244:14:248:45:249:14:251:16":28,"s:252:10:252:Infinity":77,"s:255:8:257:Infinity":78,"f:262:8:262:25":16,"s:263:4:273:Infinity":79,"f:263:29:263:41":17,"s:264:6:272:Infinity":80,"f:264:58:264:70":18,"s:265:8:265:Infinity":81,"b:267:8:268:Infinity:undefined:undefined:undefined:undefined":29,"s:267:8:268:Infinity":82,"s:268:10:268:Infinity":83,"s:271:8:271:Infinity":84,"f:276:8:276:Infinity":19,"s:282:4:356:Infinity":85,"f:282:29:282:41":20,"s:283:6:355:Infinity":86,"f:283:53:283:65":21,"b:284:8:285:Infinity:undefined:undefined:undefined:undefined":30,"s:284:8:285:Infinity":87,"s:285:10:285:Infinity":88,"s:288:8:288:Infinity":89,"s:289:8:289:Infinity":90,"s:291:23:291:Infinity":91,"s:293:10:332:28":92,"b:294:14:310:45:311:14:332:28":31,"b:312:16:327:28:328:16:332:28":32,"s:334:25:335:Infinity":93,"f:334:33:334:Infinity":22,"s:335:24:335:73":94,"b:337:8:338:Infinity:undefined:undefined:undefined:undefined":33,"s:337:8:338:Infinity":95,"s:338:10:338:Infinity":96,"s:341:8:354:Infinity":97,"f:342:19:342:24":23,"s:342:38:353:13":98,"b:343:25:343:66:343:66:343:86":34,"b:350:24:350:42:350:42:350:Infinity":35,"b:351:28:351:50:351:50:351:Infinity":36,"f:359:8:359:24":24,"s:360:4:371:Infinity":99,"f:360:29:360:41":25,"s:361:6:370:Infinity":100,"f:361:57:361:69":26,"s:362:8:362:Infinity":101,"s:363:8:363:Infinity":102,"b:365:8:366:Infinity:undefined:undefined:undefined:undefined":37,"s:365:8:366:Infinity":103,"s:366:10:366:Infinity":104,"s:369:8:369:Infinity":105,"f:374:16:374:33":27,"s:375:16:375:62":106,"s:376:4:379:Infinity":107,"f:376:30:376:Infinity":28,"s:377:12:377:Infinity":108,"f:377:12:377:Infinity":29,"s:378:12:378:Infinity":109,"s:380:4:380:Infinity":110,"f:383:2:383:10":30,"s:384:20:384:74":111,"b:384:45:384:61:384:61:384:74":38,"s:385:4:389:Infinity":112,"b:386:6:386:40:387:7:387:37:388:8:388:55:389:8:389:48":39,"f:393:16:393:Infinity":31,"s:397:4:410:Infinity":113,"s:398:6:398:Infinity":114,"b:400:6:401:Infinity:undefined:undefined:undefined:undefined":40,"s:400:6:401:Infinity":115,"s:401:8:401:Infinity":116,"s:404:22:404:76":117,"b:404:47:404:63:404:63:404:76":41,"s:405:6:407:Infinity":118,"s:408:6:408:Infinity":119,"s:409:6:409:Infinity":120,"s:410:6:410:Infinity":121,"f:414:16:414:54":32,"s:415:16:415:26":122,"b:416:4:421:Infinity:undefined:undefined:undefined:undefined":42,"s:416:4:421:Infinity":123,"b:417:6:418:Infinity:undefined:undefined:undefined:undefined":43,"s:417:6:418:Infinity":124,"s:418:8:418:Infinity":125,"s:420:6:420:Infinity":126,"s:421:6:421:Infinity":127,"b:424:4:427:Infinity:undefined:undefined:undefined:undefined":44,"s:424:4:427:Infinity":128,"b:424:8:424:22:424:22:424:67":45,"s:425:6:425:Infinity":129,"s:426:6:426:Infinity":130,"s:427:6:427:Infinity":131,"f:431:16:431:53":33,"b:432:4:433:Infinity:undefined:undefined:undefined:undefined":46,"s:432:4:433:Infinity":132,"s:433:6:433:Infinity":133,"f:437:16:437:31":34,"s:438:33:438:35":134,"b:440:4:441:Infinity:undefined:undefined:undefined:undefined":47,"s:440:4:441:Infinity":135,"s:441:6:441:Infinity":136,"b:444:4:447:Infinity:446:15:447:Infinity":48,"s:444:4:447:Infinity":137,"s:445:6:445:Infinity":138,"b:446:15:447:Infinity:undefined:undefined:undefined:undefined":49,"s:446:15:447:Infinity":139,"s:447:6:447:Infinity":140,"b:450:4:456:Infinity:undefined:undefined:undefined:undefined":50,"s:450:4:456:Infinity":141,"b:450:8:450:30:450:30:450:61":51,"s:451:35:454:68":142,"f:452:9:452:14":35,"s:452:28:452:44":143,"f:453:9:453:17":36,"s:453:31:453:52":144,"f:454:9:454:14":37,"s:454:28:454:68":145,"b:455:6:456:Infinity:undefined:undefined:undefined:undefined":52,"s:455:6:456:Infinity":146,"s:456:8:456:Infinity":147,"s:460:4:460:Infinity":148,"f:463:2:463:10":38,"s:464:19:464:47":149,"s:465:14:465:Infinity":150,"s:466:4:468:Infinity":151,"s:466:21:466:24":152,"s:467:20:467:Infinity":153,"s:468:6:468:Infinity":154,"s:470:4:470:Infinity":155,"f:473:16:473:45":39,"s:474:4:487:Infinity":156,"f:490:2:490:10":40,"b:491:4:492:Infinity:undefined:undefined:undefined:undefined":53,"s:491:4:492:Infinity":157,"s:492:6:492:Infinity":158,"s:495:19:495:73":159,"f:495:41:495:46":41,"s:495:61:495:72":160,"s:496:4:498:Infinity":161,"b:497:6:498:Infinity:undefined:undefined:undefined:undefined":54,"s:497:6:498:Infinity":162,"s:498:8:498:Infinity":163,"s:502:4:502:Infinity":164,"f:505:2:505:10":42,"s:506:4:506:Infinity":165,"f:509:2:509:10":43,"s:510:4:510:Infinity":166,"f:510:48:510:58":44,"s:510:67:510:79":167}}}
,"/Volumes/128GBSSD/Projects/indexer-cli/src/utils/gitignore.ts": {"path":"/Volumes/128GBSSD/Projects/indexer-cli/src/utils/gitignore.ts","statementMap":{"0":{"start":{"line":5,"column":15},"end":{"line":5,"column":44}},"1":{"start":{"line":7,"column":32},"end":{"line":31,"column":null}},"2":{"start":{"line":38,"column":29},"end":{"line":38,"column":57}},"3":{"start":{"line":40,"column":8},"end":{"line":40,"column":51}},"4":{"start":{"line":41,"column":2},"end":{"line":51,"column":null}},"5":{"start":{"line":42,"column":4},"end":{"line":51,"column":null}},"6":{"start":{"line":43,"column":12},"end":{"line":43,"column":58}},"7":{"start":{"line":44,"column":20},"end":{"line":47,"column":67}},"8":{"start":{"line":46,"column":23},"end":{"line":46,"column":34}},"9":{"start":{"line":47,"column":26},"end":{"line":47,"column":66}},"10":{"start":{"line":49,"column":6},"end":{"line":49,"column":null}},"11":{"start":{"line":51,"column":6},"end":{"line":51,"column":null}},"12":{"start":{"line":55,"column":2},"end":{"line":78,"column":null}},"13":{"start":{"line":57,"column":25},"end":{"line":57,"column":53}},"14":{"start":{"line":58,"column":20},"end":{"line":58,"column":41}},"15":{"start":{"line":60,"column":6},"end":{"line":71,"column":null}},"16":{"start":{"line":61,"column":8},"end":{"line":61,"column":null}},"17":{"start":{"line":61,"column":37},"end":{"line":61,"column":null}},"18":{"start":{"line":63,"column":29},"end":{"line":63,"column":55}},"19":{"start":{"line":65,"column":8},"end":{"line":66,"column":null}},"20":{"start":{"line":66,"column":10},"end":{"line":66,"column":null}},"21":{"start":{"line":69,"column":8},"end":{"line":71,"column":null}},"22":{"start":{"line":70,"column":10},"end":{"line":71,"column":null}},"23":{"start":{"line":71,"column":12},"end":{"line":71,"column":null}},"24":{"start":{"line":76,"column":6},"end":{"line":76,"column":null}},"25":{"start":{"line":82,"column":2},"end":{"line":83,"column":null}},"26":{"start":{"line":83,"column":4},"end":{"line":83,"column":null}},"27":{"start":{"line":86,"column":19},"end":{"line":89,"column":24}},"28":{"start":{"line":90,"column":2},"end":{"line":93,"column":null}},"29":{"start":{"line":91,"column":4},"end":{"line":91,"column":null}},"30":{"start":{"line":93,"column":4},"end":{"line":93,"column":null}}},"fnMap":{"0":{"name":"parseGitignore","decl":{"start":{"line":37,"column":16},"end":{"line":37,"column":31}},"loc":{"start":{"line":37,"column":65},"end":{"line":78,"column":null}},"line":37},"1":{"name":"(anonymous_1)","decl":{"start":{"line":46,"column":9},"end":{"line":46,"column":14}},"loc":{"start":{"line":46,"column":23},"end":{"line":46,"column":34}},"line":46},"2":{"name":"(anonymous_2)","decl":{"start":{"line":47,"column":9},"end":{"line":47,"column":17}},"loc":{"start":{"line":47,"column":26},"end":{"line":47,"column":66}},"line":47},"3":{"name":"(anonymous_3)","decl":{"start":{"line":56,"column":4},"end":{"line":56,"column":12}},"loc":{"start":{"line":56,"column":39},"end":{"line":78,"column":null}},"line":56},"4":{"name":"matchGlob","decl":{"start":{"line":81,"column":9},"end":{"line":81,"column":19}},"loc":{"start":{"line":81,"column":60},"end":{"line":93,"column":null}},"line":81}},"branchMap":{"0":{"loc":{"start":{"line":41,"column":2},"end":{"line":51,"column":null}},"type":"if","locations":[{"start":{"line":41,"column":2},"end":{"line":51,"column":null}},{"start":{},"end":{}}],"line":41},"1":{"loc":{"start":{"line":47,"column":26},"end":{"line":47,"column":66}},"type":"binary-expr","locations":[{"start":{"line":47,"column":26},"end":{"line":47,"column":45}},{"start":{"line":47,"column":45},"end":{"line":47,"column":66}}],"line":47},"2":{"loc":{"start":{"line":61,"column":8},"end":{"line":61,"column":null}},"type":"if","locations":[{"start":{"line":61,"column":8},"end":{"line":61,"column":null}},{"start":{},"end":{}}],"line":61},"3":{"loc":{"start":{"line":65,"column":8},"end":{"line":66,"column":null}},"type":"if","locations":[{"start":{"line":65,"column":8},"end":{"line":66,"column":null}},{"start":{},"end":{}}],"line":65},"4":{"loc":{"start":{"line":65,"column":12},"end":{"line":65,"column":84}},"type":"binary-expr","locations":[{"start":{"line":65,"column":12},"end":{"line":65,"column":43}},{"start":{"line":65,"column":43},"end":{"line":65,"column":84}}],"line":65},"5":{"loc":{"start":{"line":70,"column":10},"end":{"line":71,"column":null}},"type":"if","locations":[{"start":{"line":70,"column":10},"end":{"line":71,"column":null}},{"start":{},"end":{}}],"line":70},"6":{"loc":{"start":{"line":82,"column":2},"end":{"line":83,"column":null}},"type":"if","locations":[{"start":{"line":82,"column":2},"end":{"line":83,"column":null}},{"start":{},"end":{}}],"line":82}},"s":{"0":5,"1":5,"2":18,"3":18,"4":18,"5":8,"6":8,"7":8,"8":21,"9":21,"10":8,"11":1,"12":18,"13":55,"14":55,"15":55,"16":1024,"17":2,"18":1022,"19":1022,"20":17,"21":1005,"22":1701,"23":7,"24":31,"25":1701,"26":1423,"27":278,"28":278,"29":278,"30":0},"f":{"0":18,"1":21,"2":21,"3":55,"4":1701},"b":{"0":[8,10],"1":[21,12],"2":[2,1022],"3":[17,1005],"4":[1022,1015],"5":[7,1694],"6":[1423,278]},"meta":{"lastBranch":7,"lastFunction":5,"lastStatement":31,"seen":{"s:5:15:5:44":0,"s:7:32:31:Infinity":1,"f:37:16:37:31":0,"s:38:29:38:57":2,"s:40:8:40:51":3,"b:41:2:51:Infinity:undefined:undefined:undefined:undefined":0,"s:41:2:51:Infinity":4,"s:42:4:51:Infinity":5,"s:43:12:43:58":6,"s:44:20:47:67":7,"f:46:9:46:14":1,"s:46:23:46:34":8,"f:47:9:47:17":2,"s:47:26:47:66":9,"b:47:26:47:45:47:45:47:66":1,"s:49:6:49:Infinity":10,"s:51:6:51:Infinity":11,"s:55:2:78:Infinity":12,"f:56:4:56:12":3,"s:57:25:57:53":13,"s:58:20:58:41":14,"s:60:6:71:Infinity":15,"b:61:8:61:Infinity:undefined:undefined:undefined:undefined":2,"s:61:8:61:Infinity":16,"s:61:37:61:Infinity":17,"s:63:29:63:55":18,"b:65:8:66:Infinity:undefined:undefined:undefined:undefined":3,"s:65:8:66:Infinity":19,"b:65:12:65:43:65:43:65:84":4,"s:66:10:66:Infinity":20,"s:69:8:71:Infinity":21,"b:70:10:71:Infinity:undefined:undefined:undefined:undefined":5,"s:70:10:71:Infinity":22,"s:71:12:71:Infinity":23,"s:76:6:76:Infinity":24,"f:81:9:81:19":4,"b:82:2:83:Infinity:undefined:undefined:undefined:undefined":6,"s:82:2:83:Infinity":25,"s:83:4:83:Infinity":26,"s:86:19:89:24":27,"s:90:2:93:Infinity":28,"s:91:4:91:Infinity":29,"s:93:4:93:Infinity":30}}}
,"/Volumes/128GBSSD/Projects/indexer-cli/src/utils/hash.ts": {"path":"/Volumes/128GBSSD/Projects/indexer-cli/src/utils/hash.ts","statementMap":{"0":{"start":{"line":4,"column":21},"end":{"line":7,"column":14}},"1":{"start":{"line":8,"column":2},"end":{"line":8,"column":null}}},"fnMap":{"0":{"name":"computeHash","decl":{"start":{"line":3,"column":16},"end":{"line":3,"column":28}},"loc":{"start":{"line":3,"column":50},"end":{"line":8,"column":null}},"line":3}},"branchMap":{},"s":{"0":26,"1":26},"f":{"0":26},"b":{},"meta":{"lastBranch":0,"lastFunction":1,"lastStatement":2,"seen":{"f:3:16:3:28":0,"s:4:21:7:14":0,"s:8:2:8:Infinity":1}}}
,"/Volumes/128GBSSD/Projects/indexer-cli/src/utils/token-estimator.ts": {"path":"/Volumes/128GBSSD/Projects/indexer-cli/src/utils/token-estimator.ts","statementMap":{"0":{"start":{"line":3,"column":20},"end":{"line":3,"column":31}},"1":{"start":{"line":4,"column":4},"end":{"line":4,"column":null}},"2":{"start":{"line":4,"column":18},"end":{"line":4,"column":null}},"3":{"start":{"line":5,"column":4},"end":{"line":5,"column":null}}},"fnMap":{"0":{"name":"(anonymous_0)","decl":{"start":{"line":2,"column":2},"end":{"line":2,"column":11}},"loc":{"start":{"line":2,"column":33},"end":{"line":5,"column":null}},"line":2}},"branchMap":{"0":{"loc":{"start":{"line":4,"column":4},"end":{"line":4,"column":null}},"type":"if","locations":[{"start":{"line":4,"column":4},"end":{"line":4,"column":null}},{"start":{},"end":{}}],"line":4}},"s":{"0":14,"1":14,"2":2,"3":12},"f":{"0":14},"b":{"0":[2,12]},"meta":{"lastBranch":1,"lastFunction":1,"lastStatement":4,"seen":{"f:2:2:2:11":0,"s:3:20:3:31":0,"b:4:4:4:Infinity:undefined:undefined:undefined:undefined":0,"s:4:4:4:Infinity":1,"s:4:18:4:Infinity":2,"s:5:4:5:Infinity":3}}}
,"/Volumes/128GBSSD/Projects/indexer-cli/tests/helpers/fixture-loader.ts": {"path":"/Volumes/128GBSSD/Projects/indexer-cli/tests/helpers/fixture-loader.ts","statementMap":{"0":{"start":{"line":4,"column":13},"end":{"line":9,"column":null}},"1":{"start":{"line":13,"column":7},"end":{"line":13,"column":51}},"2":{"start":{"line":14,"column":1},"end":{"line":14,"column":null}},"3":{"start":{"line":18,"column":1},"end":{"line":21,"column":null}},"4":{"start":{"line":25,"column":7},"end":{"line":25,"column":52}},"5":{"start":{"line":26,"column":25},"end":{"line":26,"column":27}},"6":{"start":{"line":29,"column":2},"end":{"line":34,"column":null}},"7":{"start":{"line":30,"column":9},"end":{"line":30,"column":32}},"8":{"start":{"line":31,"column":3},"end":{"line":34,"column":null}},"9":{"start":{"line":32,"column":4},"end":{"line":32,"column":null}},"10":{"start":{"line":34,"column":4},"end":{"line":34,"column":null}},"11":{"start":{"line":39,"column":1},"end":{"line":39,"column":null}},"12":{"start":{"line":40,"column":1},"end":{"line":40,"column":null}}},"fnMap":{"0":{"name":"readFixtureFile","decl":{"start":{"line":12,"column":16},"end":{"line":12,"column":32}},"loc":{"start":{"line":12,"column":62},"end":{"line":14,"column":null}},"line":12},"1":{"name":"readFixtureAsSource","decl":{"start":{"line":17,"column":16},"end":{"line":17,"column":36}},"loc":{"start":{"line":17,"column":58},"end":{"line":21,"column":null}},"line":17},"2":{"name":"listFixtureFiles","decl":{"start":{"line":24,"column":16},"end":{"line":24,"column":33}},"loc":{"start":{"line":24,"column":64},"end":{"line":40,"column":null}},"line":24},"3":{"name":"walk","decl":{"start":{"line":28,"column":10},"end":{"line":28,"column":15}},"loc":{"start":{"line":28,"column":28},"end":{"line":34,"column":null}},"line":28}},"branchMap":{"0":{"loc":{"start":{"line":31,"column":3},"end":{"line":34,"column":null}},"type":"if","locations":[{"start":{"line":31,"column":3},"end":{"line":34,"column":null}},{"start":{"line":33,"column":10},"end":{"line":34,"column":null}}],"line":31}},"s":{"0":4,"1":12,"2":12,"3":12,"4":0,"5":0,"6":0,"7":0,"8":0,"9":0,"10":0,"11":0,"12":0},"f":{"0":12,"1":12,"2":0,"3":0},"b":{"0":[0,0]},"meta":{"lastBranch":1,"lastFunction":4,"lastStatement":13,"seen":{"s:4:13:9:Infinity":0,"f:12:16:12:32":0,"s:13:7:13:51":1,"s:14:1:14:Infinity":2,"f:17:16:17:36":1,"s:18:1:21:Infinity":3,"f:24:16:24:33":2,"s:25:7:25:52":4,"s:26:25:26:27":5,"f:28:10:28:15":3,"s:29:2:34:Infinity":6,"s:30:9:30:32":7,"b:31:3:34:Infinity:33:10:34:Infinity":0,"s:31:3:34:Infinity":8,"s:32:4:32:Infinity":9,"s:34:4:34:Infinity":10,"s:39:1:39:Infinity":11,"s:40:1:40:Infinity":12}}}
}
